Log file open, 08/18/16 13:13:39
LogInit:Display: Running engine for game: ShowroomV1
LogPlatformFile: Not using cached read wrapper
LogInit:Display: RandInit(1028875662) SRandInit(1028875663).
LogTaskGraph: Started task graph with 4 named threads and 11 total threads with 1 sets of task threads.
LogStats: Stats thread started at 0.120686
LogInit: Version: 4.12.5-3039270+++UE4+Release-4.12
LogInit: API Version: 2992821
LogInit: Net Version: 3039270
LogDevObjectVersion: Number of dev versions registered: 13
LogDevObjectVersion:   Dev-Blueprints (B0D832E4-1F89-4F0D-ACCF-7EB736FD4AA2): 3
LogDevObjectVersion:   Dev-Build (E1C64328-A22C-4D53-A36C-8E866417BD8C): 0
LogDevObjectVersion:   Dev-Core (375EC13C-06E4-48FB-B500-84F0262A717E): 1
LogDevObjectVersion:   Dev-Editor (E4B068ED-F494-42E9-A231-DA0B2E46BB41): 2
LogDevObjectVersion:   Dev-Framework (CFFC743F-43B0-4480-9391-14DF171D2073): 6
LogDevObjectVersion:   Dev-Mobile (B02B49B5-BB20-44E9-A304-32B752E40360): 0
LogDevObjectVersion:   Dev-Networking (A4E4105C-59A1-49B5-A7C5-40C4547EDFEE): 0
LogDevObjectVersion:   Dev-Online (39C831C9-5AE6-47DC-9A44-9C173E1C8E7C): 0
LogDevObjectVersion:   Dev-Physics (78F01B33-EBEA-4F98-B9B4-84EACCB95AA2): 0
LogDevObjectVersion:   Dev-Platform (6631380F-2D4D-43E0-8009-CF276956A95A): 0
LogDevObjectVersion:   Dev-Rendering (12F88B9F-8875-4AFC-A67C-D90C383ABD29): 2
LogDevObjectVersion:   Dev-Sequencer (7B5AE74C-D270-4C10-A958-57980B212A5A): 0
LogDevObjectVersion:   Dev-VR (D7296918-1DD6-4BDD-9DE2-64A83CC13884): 0
LogInit: Compiled (64-bit): Jul  6 2016 09:09:46
LogInit: Compiled with Visual C++: 19.00.23026.00
LogInit: Build Configuration: Development
LogInit: Branch Name: ++UE4+Release-4.12
LogInit: Command line: 
LogInit: Base directory: C:/Program Files (x86)/Epic Games/4.12/Engine/Binaries/Win64/
LogInit: Installed Engine Build: 1
LogInit: Using libcurl 7.41.0
LogInit:  - built for x86_64-pc-win32
LogInit:  - supports SSL with WinSSL
LogInit:  - other features:
LogInit:      CURL_VERSION_SSL
LogInit:      CURL_VERSION_IPV6
LogInit:      CURL_VERSION_ASYNCHDNS
LogInit:      CURL_VERSION_LARGEFILE
LogInit:      CURL_VERSION_IDN
LogInit:  CurlRequestOptions (configurable via config and command line):
LogInit:  - bVerifyPeer = true  - Libcurl will verify peer certificate
LogInit:  - bUseHttpProxy = false  - Libcurl will NOT use HTTP proxy
LogInit:  - bDontReuseConnections = false  - Libcurl will reuse connections
LogInit:  - CertBundlePath = nullptr  - Libcurl will use whatever was configured at build time.
LogInit: Presizing for max 8388607 objects, including 0 objects not considered by GC, pre-allocating 0 bytes for permanent pool.
LogInit: Object subsystem initialized
[2016.08.18-11.13.39:152][  0]LogInit: Selected Device Profile: [Windows]
[2016.08.18-11.13.39:152][  0]LogInit: Applying CVar settings loaded from the selected device profile: [Windows]
[2016.08.18-11.13.39:164][  0]LogInit: Computer: SUPERMACHINE22
[2016.08.18-11.13.39:164][  0]LogInit: User: SUPERBIEN
[2016.08.18-11.13.39:164][  0]LogInit: CPU Page size=65536, Cores=8
[2016.08.18-11.13.39:164][  0]LogInit: High frequency timer resolution =2.343896 MHz
[2016.08.18-11.13.39:164][  0]LogMemory: Memory total: Physical=32.0GB (32GB approx)
[2016.08.18-11.13.39:164][  0]LogMemory: Platform Memory Stats for Windows
[2016.08.18-11.13.39:164][  0]LogMemory: Process Physical Memory: 193.57 MB used, 193.57 MB peak
[2016.08.18-11.13.39:164][  0]LogMemory: Process Virtual Memory: 198.64 MB used, 198.64 MB peak
[2016.08.18-11.13.39:164][  0]LogMemory: Physical Memory: 9912.02 MB used, 32759.17 MB total
[2016.08.18-11.13.39:164][  0]LogMemory: Virtual Memory: 519.32 MB used, 8388608.00 MB total
[2016.08.18-11.13.39:226][  0]LogTextLocalizationManager: No translations for ('fr-FR') exist, falling back to 'en' for localization and internationalization data.
[2016.08.18-11.13.39:911][  0]LogD3D11RHI: D3D11 adapters:
[2016.08.18-11.13.39:955][  0]LogD3D11RHI:    0. 'NVIDIA GeForce GTX 670' (Feature Level 11_0)
[2016.08.18-11.13.39:955][  0]LogD3D11RHI:       1989/0/2048 MB DedicatedVideo/DedicatedSystem/SharedSystem, Outputs:1, VendorId:0x10de
[2016.08.18-11.13.39:955][  0]LogD3D11RHI: Chosen D3D11 Adapter: 0
[2016.08.18-11.13.39:972][  0]LogD3D11RHI: Creating new Direct3DDevice
[2016.08.18-11.13.39:972][  0]LogD3D11RHI:     GPU DeviceId: 0x1189 (for the marketing name, search the web for "GPU Device Id")
[2016.08.18-11.13.39:972][  0]LogWindows: EnumDisplayDevices:
[2016.08.18-11.13.39:973][  0]LogWindows:    0. 'NVIDIA GeForce GTX 670' (P:1 D:1)
[2016.08.18-11.13.39:975][  0]LogWindows:    1. 'NVIDIA GeForce GTX 670' (P:0 D:0)
[2016.08.18-11.13.39:976][  0]LogWindows:    2. 'NVIDIA GeForce GTX 670' (P:0 D:0)
[2016.08.18-11.13.39:977][  0]LogWindows:    3. 'NVIDIA GeForce GTX 670' (P:0 D:0)
[2016.08.18-11.13.39:978][  0]LogWindows:    4. 'RDPDD Chained DD' (P:0 D:0)
[2016.08.18-11.13.39:979][  0]LogWindows:    5. 'RDP Encoder Mirror Driver' (P:0 D:0)
[2016.08.18-11.13.39:980][  0]LogWindows:    6. 'RDP Reflector Display Driver' (P:0 D:0)
[2016.08.18-11.13.39:981][  0]LogWindows: DebugString: GetVideoDriverDetailsInvalid PrimaryIsNotTheChoosenAdapter GetVideoDriverDetailsInvalid PrimaryIsNotTheChoosenAdapter GetVideoDriverDetailsInvalid PrimaryIsNotTheChoosenAdapter FoundDriverCount:4 
[2016.08.18-11.13.39:981][  0]LogD3D11RHI:     Adapter Name: NVIDIA GeForce GTX 670
[2016.08.18-11.13.39:981][  0]LogD3D11RHI:   Driver Version: 361.75 (internal:10.18.13.6175, unified:361.75)
[2016.08.18-11.13.39:981][  0]LogD3D11RHI:      Driver Date: 1-22-2016
[2016.08.18-11.13.39:981][  0]LogRHI: Texture pool is 1361 MB (70% of 1945 MB)
[2016.08.18-11.13.40:000][  0]LogD3D11RHI: Async texture creation enabled
[2016.08.18-11.13.40:023][  0]LogD3D11RHI: GPU Timing Frequency: 1000.000000 (Debug: 2 2)
[2016.08.18-11.13.40:023][  0]LogShaderCompilers: Guid format shader working directory is 20 characters bigger than the processId version (D:/CELIA/WORK/GitHub_Showroom/Intermediate/Shaders/WorkingDirectory/3608/).
[2016.08.18-11.13.40:023][  0]LogShaderCompilers: Cleaned the shader compiler working directory 'C:/Users/SUPERB~1/AppData/Local/Temp/UnrealShaderWorkingDir/58E26E2E4AD1F7C1DE3F5494C5096F2F/'.
[2016.08.18-11.13.40:024][  0]LogShaderCompilers:Display: Using Local Shader Compiler.
[2016.08.18-11.13.41:513][  0]LogTemp:Display: Loaded TP AllDesktopTargetPlatform
[2016.08.18-11.13.41:527][  0]LogTemp:Display: Loaded TP WindowsClientTargetPlatform
[2016.08.18-11.13.41:542][  0]LogTemp:Display: Loaded TP WindowsNoEditorTargetPlatform
[2016.08.18-11.13.41:556][  0]LogTemp:Display: Loaded TP WindowsServerTargetPlatform
[2016.08.18-11.13.41:569][  0]LogTemp:Display: Loaded TP WindowsTargetPlatform
[2016.08.18-11.13.41:581][  0]LogTemp:Display: Loaded TP AndroidTargetPlatform
[2016.08.18-11.13.41:593][  0]LogTemp:Display: Loaded TP Android_ASTCTargetPlatform
[2016.08.18-11.13.41:605][  0]LogTemp:Display: Loaded TP Android_ATCTargetPlatform
[2016.08.18-11.13.41:617][  0]LogTemp:Display: Loaded TP Android_DXTTargetPlatform
[2016.08.18-11.13.41:629][  0]LogTemp:Display: Loaded TP Android_ETC1TargetPlatform
[2016.08.18-11.13.41:641][  0]LogTemp:Display: Loaded TP Android_ETC2TargetPlatform
[2016.08.18-11.13.41:665][  0]LogTemp:Display: Loaded TP Android_MultiTargetPlatform
[2016.08.18-11.13.41:665][  0]LogTemp:Display: Loaded TP Android_PVRTCTargetPlatform
[2016.08.18-11.13.41:666][  0]LogTemp:Display: Loaded TP HTML5TargetPlatform
[2016.08.18-11.13.41:691][  0]LogTemp:Display: Loaded TP IOSTargetPlatform
[2016.08.18-11.13.41:702][  0]LogTemp:Display: Loaded TP TVOSTargetPlatform
[2016.08.18-11.13.41:715][  0]LogTemp:Display: Loaded TP LinuxNoEditorTargetPlatform
[2016.08.18-11.13.41:726][  0]LogTemp:Display: Loaded TP LinuxServerTargetPlatform
[2016.08.18-11.13.41:739][  0]LogTemp:Display: Loaded TP LinuxTargetPlatform
[2016.08.18-11.13.41:739][  0]LogTargetPlatformManager:Display: Building Assets For Windows
[2016.08.18-11.13.41:827][  0]LogDerivedDataCache:Display: Max Cache Size: 512 MB
[2016.08.18-11.13.41:921][  0]LogDerivedDataCache: Loaded boot cache 0.09s 48MB C:/Users/SUPERBIEN/AppData/Local/UnrealEngine/4.12/DerivedDataCache/Boot.ddc.
[2016.08.18-11.13.41:936][  0]LogDerivedDataCache:Display: Loaded Boot cache: C:/Users/SUPERBIEN/AppData/Local/UnrealEngine/4.12/DerivedDataCache/Boot.ddc
[2016.08.18-11.13.41:936][  0]LogDerivedDataCache: FDerivedDataBackendGraph:  Pak pak cache file D:/CELIA/WORK/GitHub_Showroom/DerivedDataCache/DDC.ddp not found, will not use a pak cache.
[2016.08.18-11.13.41:936][  0]LogDerivedDataCache: Unable to find inner node Pak for hierarchical cache Hierarchy.
[2016.08.18-11.13.41:936][  0]LogDerivedDataCache: FDerivedDataBackendGraph:  CompressedPak pak cache file D:/CELIA/WORK/GitHub_Showroom/DerivedDataCache/Compressed.ddp not found, will not use a pak cache.
[2016.08.18-11.13.41:936][  0]LogDerivedDataCache: Unable to find inner node CompressedPak for hierarchical cache Hierarchy.
[2016.08.18-11.13.41:970][  0]LogDerivedDataCache:Display: Pak cache opened for reading ../../../Engine/DerivedDataCache/Compressed.ddp.
[2016.08.18-11.13.41:982][  0]LogDerivedDataCache: Using Local data cache path C:/Users/SUPERBIEN/AppData/Local/UnrealEngine/Common/DerivedDataCache: Writable
[2016.08.18-11.13.42:304][  0]LogInit: Selected Device Profile: [Windows]
[2016.08.18-11.13.42:305][  0]LogContentStreaming: Texture pool size is 0.00 MB
[2016.08.18-11.13.42:538][  0]LogMeshUtilities: No automatic mesh reduction module available
[2016.08.18-11.13.42:538][  0]LogMeshUtilities: No automatic mesh merging module available
[2016.08.18-11.13.42:538][  0]LogMeshUtilities: No distributed automatic mesh merging module available
[2016.08.18-11.13.42:914][  0]LogAssetRegistry: FAssetRegistry took 0.0202 seconds to start up
[2016.08.18-11.13.42:927][  0]LogPackageLocalizationCache: Processed 3 localized package path(s) for 1 prioritized culture(s) in 0.009266 seconds
[2016.08.18-11.13.42:938][  0]LogUObjectArray: 28739 objects as part of root set at end of initial load.
[2016.08.18-11.13.42:938][  0]LogUObjectAllocator: 5855624 out of 0 bytes used by permanent object pool.
[2016.08.18-11.13.42:938][  0]LogUObjectArray: CloseDisregardForGC: 0/0 objects in disregard for GC pool
[2016.08.18-11.13.42:947][  0]LogInit: WinSock: version 1.1 (2.2), MaxSocks=32767, MaxUdp=65467
[2016.08.18-11.13.43:194][  0]LogSlate: SlateFontCache - WITH_FREETYPE: 1, WITH_HARFBUZZ: 1
[2016.08.18-11.13.43:194][  0]LogSlate: SlateFontCache - WITH_FREETYPE: 1, WITH_HARFBUZZ: 1
[2016.08.18-11.13.44:094][  0]LogSubstanceCoreModule: Substance CPU Engine Loaded, Max Texture Size 2048
[2016.08.18-11.13.44:102][  0]LogUdpMessaging: Initializing bridge on interface 0.0.0.0:0 to multicast group 230.0.0.1:6666.
[2016.08.18-11.13.44:372][  0]SourceControl: Info Source control is disabled
[2016.08.18-11.13.44:421][  0]SourceControl: Info Source control is disabled
[2016.08.18-11.13.44:429][  0]SourceControl: Info Source control is disabled
[2016.08.18-11.13.44:439][  0]SourceControl: Info Source control is disabled
[2016.08.18-11.13.44:682][  0]LogEngine: Initializing Engine...
[2016.08.18-11.13.44:684][  0]LogHMD: SteamVR failed to initialize.  Err: 102
[2016.08.18-11.13.44:685][  0]LogHMD: SteamVR failed to initialize.  Err: 102
[2016.08.18-11.13.44:909][  0]LogAIModule: Creating AISystem for world NewWorld
[2016.08.18-11.13.44:913][  0]LogInit: No audio devices found!
[2016.08.18-11.13.44:961][  0]LogDerivedDataCache: Saved boot cache 0.05s 48MB C:/Users/SUPERBIEN/AppData/Local/UnrealEngine/4.12/DerivedDataCache/Boot.ddc.
[2016.08.18-11.13.44:973][  0]LogInit: Texture streaming: Enabled
[2016.08.18-11.13.44:999][  0]LogInit: Transaction tracking system initialized
[2016.08.18-11.13.45:024][  0]BlueprintLog: New page: Editor Load
[2016.08.18-11.13.45:101][  0]LocalizationService: Info Localization service is disabled
[2016.08.18-11.13.45:618][  0]LogConsoleResponse:Display: 
[2016.08.18-11.13.45:759][  0]LogCook:Display: Max memory allowance for cook 8192mb
[2016.08.18-11.13.45:759][  0]LogCook:Display: Mobile HDR setting 1
[2016.08.18-11.13.45:867][  0]LogFileCache: Scanning file cache for directory 'D:/CELIA/WORK/GitHub_Showroom/Content/' took 0.02s
[2016.08.18-11.13.45:867][  0]SourceControl: Info Source control is disabled
[2016.08.18-11.13.45:868][  0]Cmd: MAP LOAD FILE="../../../Engine/Content/Maps/Templates/Template_Default.umap" TEMPLATE=1 SHOWPROGRESS=1 FEATURELEVEL=3
[2016.08.18-11.13.45:868][  0]LightingResults: New page: Lighting Build
[2016.08.18-11.13.45:872][  0]MapCheck: New page: Map Check
[2016.08.18-11.13.45:872][  0]LightingResults: New page: Lighting Build
[2016.08.18-11.13.46:281][  0]LogAIModule: Creating AISystem for world Untitled_1
[2016.08.18-11.13.46:287][  0]LogEditorServer: Finished looking for orphan Actors (0.000 secs)
[2016.08.18-11.13.46:295][  0]Cmd: MAP CHECKDEP NOCLEARLOG
[2016.08.18-11.13.46:351][  0]MapCheck: Info Map check complete: 0 Error(s), 0 Warning(s), took 55.526ms to complete.
[2016.08.18-11.13.46:351][  0]LogFileHelpers: Loading map 'Template_Default' took 0.483
[2016.08.18-11.13.46:502][  0]LogCollectionManager: Loaded 0 collections in 0.001833 seconds
[2016.08.18-11.13.46:543][  0]LogFileCache: Scanning file cache for directory 'D:/CELIA/WORK/GitHub_Showroom/Saved/Collections/' took 0.01s
[2016.08.18-11.13.46:543][  0]LogFileCache: Scanning file cache for directory 'D:/CELIA/WORK/GitHub_Showroom/Content/Developers/SUPERBIEN/Collections/' took 0.01s
[2016.08.18-11.13.46:543][  0]LogFileCache: Scanning file cache for directory 'D:/CELIA/WORK/GitHub_Showroom/Content/Collections/' took 0.01s
[2016.08.18-11.13.46:543][  0]LogCollectionManager: Rebuilt the GUID cache for 0 collections in 0.000003 seconds
[2016.08.18-11.13.46:556][  0]LogContentBrowser: Native class hierarchy populated in 0.0131 seconds. Added 2062 classes and 375 folders.
[2016.08.18-11.13.46:561][  0]LogStats: UGameplayTagsManager::ConstructGameplayTagTree: Construct from data asset -  0.000 s
[2016.08.18-11.13.46:561][  0]LogStats: UGameplayTagsManager::ConstructGameplayTagTree: GameplayTagTreeChangedEvent.Broadcast -  0.000 s
[2016.08.18-11.13.46:562][  0]LogContentBrowser: Native class hierarchy updated for 'GameplayTags' in 0.0006 seconds. Added 12 classes and 0 folders.
[2016.08.18-11.13.46:567][  0]LogContentBrowser: Native class hierarchy updated for 'WidgetCarousel' in 0.0004 seconds. Added 0 classes and 0 folders.
[2016.08.18-11.13.46:620][  0]LogContentBrowser: Native class hierarchy updated for 'AddContentDialog' in 0.0005 seconds. Added 0 classes and 0 folders.
[2016.08.18-11.13.46:625][  0]LogContentBrowser: Native class hierarchy updated for 'SceneOutliner' in 0.0004 seconds. Added 1 classes and 2 folders.
[2016.08.18-11.13.46:687][  0]LogCrashTracker: Crashtracker disabled due to settings.
[2016.08.18-11.13.46:694][  0]LogUObjectGlobals:Warning: Failed to find object 'Class None.'
[2016.08.18-11.13.46:719][  0]LogContentBrowser: Native class hierarchy updated for 'HierarchicalLODOutliner' in 0.0007 seconds. Added 1 classes and 2 folders.
[2016.08.18-11.13.46:720][  0]LogLoad: Full Startup: 8.53 seconds (BP compile: 0.05 seconds)
[2016.08.18-11.13.46:720][  0]LogExternalProfiler: Found external profiler: VSPerf
[2016.08.18-11.13.46:720][  0]LogExternalProfiler: Using external profiler: VSPerf
[2016.08.18-11.13.46:732][  0]LogOcInput: OculusInput pre-init called
[2016.08.18-11.13.46:753][  0]LogContentStreaming: Texture pool size now 700 MB
[2016.08.18-11.13.46:988][  0]LogRenderer: Reallocating scene render targets to support 1196x724 (Frame:2).
[2016.08.18-11.13.47:193][  3]LogAssetRegistry: Asset discovery search completed in 4.2996 seconds
[2016.08.18-11.13.47:193][  3]LogCollectionManager: Rebuilt the object cache for 0 collections in 0.000001 seconds (found 0 objects)
[2016.08.18-11.13.47:193][  3]LogCollectionManager: Fixed up redirectors for 0 collections in 0.000030 seconds (updated 0 objects)
[2016.08.18-11.14.18:160][779]LogLinker:Error: CurveVector_1 has an inappropriate outermost, it was probably saved with a deprecated outer (file: D:/CELIA/WORK/GitHub_Showroom/Content/VR_Pawn.uasset)
[2016.08.18-11.14.18:163][779]LogLinker:Error: CurveVector_1 has an inappropriate outermost, it was probably saved with a deprecated outer (file: D:/CELIA/WORK/GitHub_Showroom/Content/VR_Pawn.uasset)
[2016.08.18-11.14.18:163][779]LogLinker:Error: CurveVector_1 has an inappropriate outermost, it was probably saved with a deprecated outer (file: D:/CELIA/WORK/GitHub_Showroom/Content/VR_Pawn.uasset)
[2016.08.18-11.14.18:177][779]LogBlueprint:Warning: Timeline Timeline_0 Track NewTrack_0 in /Engine/Transient.REINST_VR_Pawn_C_37 has an invalid curve.  Please fix!
[2016.08.18-11.14.18:185][779]LogBlueprint:Warning: Timeline Timeline_0 Track NewTrack_0 in /Engine/Transient.REINST_VR_Pawn_C_39 has an invalid curve.  Please fix!
[2016.08.18-11.14.18:310][779]LogAIModule: Creating AISystem for world ShowroomV2
[2016.08.18-11.14.18:351][779]Cmd: MAP LOAD FILE="D:/CELIA/WORK/GitHub_Showroom/Content/Map/ShowroomV2.umap" TEMPLATE=0 SHOWPROGRESS=1 FEATURELEVEL=3
[2016.08.18-11.14.18:351][779]LightingResults: New page: Lighting Build
[2016.08.18-11.14.18:352][779]LoadErrors: New page: Loading map: ShowroomV2.umap
[2016.08.18-11.14.18:352][779]MapCheck: New page: Map Check
[2016.08.18-11.14.18:352][779]LightingResults: New page: Lighting Build
[2016.08.18-11.14.18:433][779]LogEditorServer: Finished looking for orphan Actors (0.000 secs)
[2016.08.18-11.14.18:461][779]Cmd: MAP CHECKDEP NOCLEARLOG
[2016.08.18-11.14.18:520][779]MapCheck: Info Map check complete: 0 Error(s), 0 Warning(s), took 58.061ms to complete.
[2016.08.18-11.14.18:520][779]LogFileHelpers: Loading map 'ShowroomV2' took 0.169
[2016.08.18-11.14.36:971][457]LogFactory: FactoryCreateFile: StaticMesh with FbxFactory (0 0 C:\Users\SUPERBIEN\Desktop\Test_rush_Geom_showreel2.FBX)
[2016.08.18-11.14.36:986][457]LogFbx: ItemName: GlobalSettings, ItemCount : 1
[2016.08.18-11.14.36:986][457]LogFbx: ItemName: AnimationStack, ItemCount : 1
[2016.08.18-11.14.36:986][457]LogFbx: ItemName: AnimationLayer, ItemCount : 1
[2016.08.18-11.14.36:986][457]LogFbx: ItemName: Model, ItemCount : 6
[2016.08.18-11.14.36:986][457]LogFbx: ItemName: Geometry, ItemCount : 6
[2016.08.18-11.14.36:986][457]LogFbx: ItemName: AnimationCurve, ItemCount : 18
[2016.08.18-11.14.36:986][457]LogFbx: ItemName: AnimationCurveNode, ItemCount : 6
[2016.08.18-11.14.37:001][457]LogFbx: Loading FBX Scene from C:\Users\SUPERBIEN\Desktop\Test_rush_Geom_showreel2.FBX
[2016.08.18-11.14.37:021][457]LogFbx: FBX Scene Loaded Succesfully
[2016.08.18-11.15.17:870][457]LogFbx: Loading FBX Scene from C:\Users\SUPERBIEN\Desktop\Test_rush_Geom_showreel2.FBX
[2016.08.18-11.15.17:885][457]LogFbx: FBX Scene Loaded Succesfully
[2016.08.18-11.15.17:889][457]LogFbx: =================================================
[2016.08.18-11.15.17:889][457]LogFbx: Dumping Node START [Box001] 
[2016.08.18-11.15.17:889][457]LogFbx: 	Total Deformer Count 872595008.
[2016.08.18-11.15.17:889][457]LogFbx: 	Attribute () Type (4).
[2016.08.18-11.15.17:889][457]LogFbx: 		[Node Attribute Child 1] Box001 (Type Mesh).
[2016.08.18-11.15.17:889][457]LogFbx: Dumping Node END [Box001]
[2016.08.18-11.15.17:889][457]LogFbx: =================================================
[2016.08.18-11.15.17:889][457]LogFbx: Dumping Node START [Plane002] 
[2016.08.18-11.15.17:889][457]LogFbx: 	Total Deformer Count 872595008.
[2016.08.18-11.15.17:889][457]LogFbx: 	Attribute () Type (4).
[2016.08.18-11.15.17:889][457]LogFbx: 		[Node Attribute Child 1] Plane002 (Type Mesh).
[2016.08.18-11.15.17:889][457]LogFbx: Dumping Node END [Plane002]
[2016.08.18-11.15.17:889][457]LogFbx: =================================================
[2016.08.18-11.15.17:889][457]LogFbx: Dumping Node START [Box003] 
[2016.08.18-11.15.17:889][457]LogFbx: 	Total Deformer Count 872595008.
[2016.08.18-11.15.17:889][457]LogFbx: 	Attribute () Type (4).
[2016.08.18-11.15.17:889][457]LogFbx: 		[Node Attribute Child 1] Box003 (Type Mesh).
[2016.08.18-11.15.17:889][457]LogFbx: Dumping Node END [Box003]
[2016.08.18-11.15.17:889][457]LogFbx: =================================================
[2016.08.18-11.15.17:889][457]LogFbx: Dumping Node START [Plane003] 
[2016.08.18-11.15.17:889][457]LogFbx: 	Total Deformer Count 872595008.
[2016.08.18-11.15.17:889][457]LogFbx: 	Attribute () Type (4).
[2016.08.18-11.15.17:889][457]LogFbx: 		[Node Attribute Child 1] Plane003 (Type Mesh).
[2016.08.18-11.15.17:889][457]LogFbx: Dumping Node END [Plane003]
[2016.08.18-11.15.17:889][457]LogFbx: =================================================
[2016.08.18-11.15.17:889][457]LogFbx: Dumping Node START [Plane004] 
[2016.08.18-11.15.17:889][457]LogFbx: 	Total Deformer Count 872595008.
[2016.08.18-11.15.17:889][457]LogFbx: 	Attribute () Type (4).
[2016.08.18-11.15.17:889][457]LogFbx: 		[Node Attribute Child 1] Plane004 (Type Mesh).
[2016.08.18-11.15.17:889][457]LogFbx: Dumping Node END [Plane004]
[2016.08.18-11.15.17:889][457]LogFbx: =================================================
[2016.08.18-11.15.17:889][457]LogFbx: Dumping Node START [Box004] 
[2016.08.18-11.15.17:889][457]LogFbx: 	Total Deformer Count 872595008.
[2016.08.18-11.15.17:889][457]LogFbx: 	Attribute () Type (4).
[2016.08.18-11.15.17:890][457]LogFbx: 		[Node Attribute Child 1] Box004 (Type Mesh).
[2016.08.18-11.15.17:890][457]LogFbx: Dumping Node END [Box004]
[2016.08.18-11.15.17:890][457]LogFbx: =================================================
[2016.08.18-11.15.17:890][457]LogFbx: Dumping Node START [Box001] 
[2016.08.18-11.15.17:890][457]LogFbx: 	Total Deformer Count 872580448.
[2016.08.18-11.15.17:890][457]LogFbx: 	Attribute () Type (4).
[2016.08.18-11.15.17:890][457]LogFbx: 		[Node Attribute Child 1] Box001 (Type Mesh).
[2016.08.18-11.15.17:890][457]LogFbx: Dumping Node END [Box001]
[2016.08.18-11.15.17:890][457]LogFbx: =================================================
[2016.08.18-11.15.17:890][457]LogFbx: Dumping Node START [Box003] 
[2016.08.18-11.15.17:890][457]LogFbx: 	Total Deformer Count 872580448.
[2016.08.18-11.15.17:890][457]LogFbx: 	Attribute () Type (4).
[2016.08.18-11.15.17:890][457]LogFbx: 		[Node Attribute Child 1] Box003 (Type Mesh).
[2016.08.18-11.15.17:890][457]LogFbx: Dumping Node END [Box003]
[2016.08.18-11.15.17:890][457]LogFbx: =================================================
[2016.08.18-11.15.17:890][457]LogFbx: Dumping Node START [Box004] 
[2016.08.18-11.15.17:890][457]LogFbx: 	Total Deformer Count 872580448.
[2016.08.18-11.15.17:890][457]LogFbx: 	Attribute () Type (4).
[2016.08.18-11.15.17:890][457]LogFbx: 		[Node Attribute Child 1] Box004 (Type Mesh).
[2016.08.18-11.15.17:890][457]LogFbx: Dumping Node END [Box004]
[2016.08.18-11.15.17:890][457]LogFbx: =================================================
[2016.08.18-11.15.17:890][457]LogFbx: Dumping Node START [Plane002] 
[2016.08.18-11.15.17:890][457]LogFbx: 	Total Deformer Count 872580448.
[2016.08.18-11.15.17:890][457]LogFbx: 	Attribute () Type (4).
[2016.08.18-11.15.17:890][457]LogFbx: 		[Node Attribute Child 1] Plane002 (Type Mesh).
[2016.08.18-11.15.17:890][457]LogFbx: Dumping Node END [Plane002]
[2016.08.18-11.15.17:890][457]LogFbx: =================================================
[2016.08.18-11.15.17:890][457]LogFbx: Dumping Node START [Plane003] 
[2016.08.18-11.15.17:890][457]LogFbx: 	Total Deformer Count 872580448.
[2016.08.18-11.15.17:890][457]LogFbx: 	Attribute () Type (4).
[2016.08.18-11.15.17:890][457]LogFbx: 		[Node Attribute Child 1] Plane003 (Type Mesh).
[2016.08.18-11.15.17:890][457]LogFbx: Dumping Node END [Plane003]
[2016.08.18-11.15.17:890][457]LogFbx: =================================================
[2016.08.18-11.15.17:890][457]LogFbx: Dumping Node START [Plane004] 
[2016.08.18-11.15.17:890][457]LogFbx: 	Total Deformer Count 872580448.
[2016.08.18-11.15.17:890][457]LogFbx: 	Attribute () Type (4).
[2016.08.18-11.15.17:890][457]LogFbx: 		[Node Attribute Child 1] Plane004 (Type Mesh).
[2016.08.18-11.15.17:890][457]LogFbx: Dumping Node END [Plane004]
[2016.08.18-11.15.17:894][457]LogFbx: Triangulating skeletal mesh Box001
[2016.08.18-11.15.17:898][457]LogFbx:Warning: Bones digested - 1  Depth of hierarchy - 1
[2016.08.18-11.15.17:899][457]LogSkeletalMesh: Chunk 0: 118 rigid vertices, 0 soft vertices, 1 active bones
[2016.08.18-11.15.17:899][457]LogSkeletalMesh: Section 0: Material=0, Chunk=0, 40 triangles
[2016.08.18-11.15.17:900][457]LogLinker:Warning: Can't find file '/Game/FBX/GeomV2/Test_rush_Geom_showreel2_Box001_PhysicsAsset'
[2016.08.18-11.15.17:900][457]LogLinker:Warning: Can't find file '/Game/FBX/GeomV2/Test_rush_Geom_showreel2_Box001_PhysicsAsset'
[2016.08.18-11.15.17:900][457]LogUObjectGlobals:Warning: Failed to find object 'Object /Game/FBX/GeomV2/Test_rush_Geom_showreel2_Box001_PhysicsAsset.Test_rush_Geom_showreel2_Box001_PhysicsAsset'
[2016.08.18-11.15.17:901][457]LogLinker:Warning: Can't find file '/Game/FBX/GeomV2/Test_rush_Geom_showreel2_Box001_Skeleton'
[2016.08.18-11.15.17:901][457]LogLinker:Warning: Can't find file '/Game/FBX/GeomV2/Test_rush_Geom_showreel2_Box001_Skeleton'
[2016.08.18-11.15.17:901][457]LogUObjectGlobals:Warning: Failed to find object 'Object /Game/FBX/GeomV2/Test_rush_Geom_showreel2_Box001_Skeleton.Test_rush_Geom_showreel2_Box001_Skeleton'
[2016.08.18-11.15.17:902][457]LogFbx: Triangulating skeletal mesh Plane002
[2016.08.18-11.15.17:904][457]LogFbx:Warning: Bones digested - 1  Depth of hierarchy - 1
[2016.08.18-11.15.17:905][457]LogSkeletalMesh: Chunk 0: 75 rigid vertices, 0 soft vertices, 1 active bones
[2016.08.18-11.15.17:905][457]LogSkeletalMesh: Section 0: Material=0, Chunk=0, 25 triangles
[2016.08.18-11.15.17:906][457]LogLinker:Warning: Can't find file '/Game/FBX/GeomV2/Test_rush_Geom_showreel2_Plane002_PhysicsAsset'
[2016.08.18-11.15.17:906][457]LogLinker:Warning: Can't find file '/Game/FBX/GeomV2/Test_rush_Geom_showreel2_Plane002_PhysicsAsset'
[2016.08.18-11.15.17:906][457]LogUObjectGlobals:Warning: Failed to find object 'Object /Game/FBX/GeomV2/Test_rush_Geom_showreel2_Plane002_PhysicsAsset.Test_rush_Geom_showreel2_Plane002_PhysicsAsset'
[2016.08.18-11.15.17:907][457]LogLinker:Warning: Can't find file '/Game/FBX/GeomV2/Test_rush_Geom_showreel2_Plane002_Skeleton'
[2016.08.18-11.15.17:907][457]LogLinker:Warning: Can't find file '/Game/FBX/GeomV2/Test_rush_Geom_showreel2_Plane002_Skeleton'
[2016.08.18-11.15.17:907][457]LogUObjectGlobals:Warning: Failed to find object 'Object /Game/FBX/GeomV2/Test_rush_Geom_showreel2_Plane002_Skeleton.Test_rush_Geom_showreel2_Plane002_Skeleton'
[2016.08.18-11.15.17:908][457]LogFbx: Triangulating skeletal mesh Box003
[2016.08.18-11.15.17:916][457]LogFbx:Warning: Bones digested - 1  Depth of hierarchy - 1
[2016.08.18-11.15.17:916][457]LogSkeletalMesh: Chunk 0: 134 rigid vertices, 0 soft vertices, 1 active bones
[2016.08.18-11.15.17:916][457]LogSkeletalMesh: Section 0: Material=0, Chunk=0, 54 triangles
[2016.08.18-11.15.17:917][457]LogLinker:Warning: Can't find file '/Game/FBX/GeomV2/Test_rush_Geom_showreel2_Box003_PhysicsAsset'
[2016.08.18-11.15.17:917][457]LogLinker:Warning: Can't find file '/Game/FBX/GeomV2/Test_rush_Geom_showreel2_Box003_PhysicsAsset'
[2016.08.18-11.15.17:917][457]LogUObjectGlobals:Warning: Failed to find object 'Object /Game/FBX/GeomV2/Test_rush_Geom_showreel2_Box003_PhysicsAsset.Test_rush_Geom_showreel2_Box003_PhysicsAsset'
[2016.08.18-11.15.17:918][457]LogLinker:Warning: Can't find file '/Game/FBX/GeomV2/Test_rush_Geom_showreel2_Box003_Skeleton'
[2016.08.18-11.15.17:918][457]LogLinker:Warning: Can't find file '/Game/FBX/GeomV2/Test_rush_Geom_showreel2_Box003_Skeleton'
[2016.08.18-11.15.17:918][457]LogUObjectGlobals:Warning: Failed to find object 'Object /Game/FBX/GeomV2/Test_rush_Geom_showreel2_Box003_Skeleton.Test_rush_Geom_showreel2_Box003_Skeleton'
[2016.08.18-11.15.17:919][457]LogFbx: Triangulating skeletal mesh Plane003
[2016.08.18-11.15.17:921][457]LogFbx:Warning: Bones digested - 1  Depth of hierarchy - 1
[2016.08.18-11.15.17:921][457]LogSkeletalMesh: Chunk 0: 54 rigid vertices, 0 soft vertices, 1 active bones
[2016.08.18-11.15.17:921][457]LogSkeletalMesh: Section 0: Material=0, Chunk=0, 18 triangles
[2016.08.18-11.15.17:922][457]LogLinker:Warning: Can't find file '/Game/FBX/GeomV2/Test_rush_Geom_showreel2_Plane003_PhysicsAsset'
[2016.08.18-11.15.17:922][457]LogLinker:Warning: Can't find file '/Game/FBX/GeomV2/Test_rush_Geom_showreel2_Plane003_PhysicsAsset'
[2016.08.18-11.15.17:922][457]LogUObjectGlobals:Warning: Failed to find object 'Object /Game/FBX/GeomV2/Test_rush_Geom_showreel2_Plane003_PhysicsAsset.Test_rush_Geom_showreel2_Plane003_PhysicsAsset'
[2016.08.18-11.15.17:923][457]LogLinker:Warning: Can't find file '/Game/FBX/GeomV2/Test_rush_Geom_showreel2_Plane003_Skeleton'
[2016.08.18-11.15.17:923][457]LogLinker:Warning: Can't find file '/Game/FBX/GeomV2/Test_rush_Geom_showreel2_Plane003_Skeleton'
[2016.08.18-11.15.17:923][457]LogUObjectGlobals:Warning: Failed to find object 'Object /Game/FBX/GeomV2/Test_rush_Geom_showreel2_Plane003_Skeleton.Test_rush_Geom_showreel2_Plane003_Skeleton'
[2016.08.18-11.15.17:924][457]LogFbx: Triangulating skeletal mesh Plane004
[2016.08.18-11.15.17:926][457]LogFbx:Warning: Bones digested - 1  Depth of hierarchy - 1
[2016.08.18-11.15.17:926][457]LogSkeletalMesh: Chunk 0: 36 rigid vertices, 0 soft vertices, 1 active bones
[2016.08.18-11.15.17:926][457]LogSkeletalMesh: Section 0: Material=0, Chunk=0, 12 triangles
[2016.08.18-11.15.17:927][457]LogLinker:Warning: Can't find file '/Game/FBX/GeomV2/Test_rush_Geom_showreel2_Plane004_PhysicsAsset'
[2016.08.18-11.15.17:927][457]LogLinker:Warning: Can't find file '/Game/FBX/GeomV2/Test_rush_Geom_showreel2_Plane004_PhysicsAsset'
[2016.08.18-11.15.17:927][457]LogUObjectGlobals:Warning: Failed to find object 'Object /Game/FBX/GeomV2/Test_rush_Geom_showreel2_Plane004_PhysicsAsset.Test_rush_Geom_showreel2_Plane004_PhysicsAsset'
[2016.08.18-11.15.17:928][457]LogLinker:Warning: Can't find file '/Game/FBX/GeomV2/Test_rush_Geom_showreel2_Plane004_Skeleton'
[2016.08.18-11.15.17:928][457]LogLinker:Warning: Can't find file '/Game/FBX/GeomV2/Test_rush_Geom_showreel2_Plane004_Skeleton'
[2016.08.18-11.15.17:928][457]LogUObjectGlobals:Warning: Failed to find object 'Object /Game/FBX/GeomV2/Test_rush_Geom_showreel2_Plane004_Skeleton.Test_rush_Geom_showreel2_Plane004_Skeleton'
[2016.08.18-11.15.17:929][457]LogFbx: Triangulating skeletal mesh Box004
[2016.08.18-11.15.17:931][457]LogFbx:Warning: Bones digested - 1  Depth of hierarchy - 1
[2016.08.18-11.15.17:932][457]LogWindows: Windows GetLastError: L’opération a réussi. (0)
[2016.08.18-11.15.18:213][458]LogCrashTracker: 


[2016.08.18-11.15.18:214][458]LogCrashTracker: 


[2016.08.18-11.15.18:214][458]LogWindows:Error: === Critical error: ===
Assertion failed: (Index >= 0) & (Index < ArrayNum) [File:D:\Build\++UE4+Release-4.12+Compile\Sync\Engine\Source\Runtime\Core\Public\Containers\Array.h] [Line: 804] 
Array index out of bounds: 120 from an array of size 120




[2016.08.18-11.15.18:244][458]LogExit: Executing StaticShutdownAfterError
[2016.08.18-11.15.18:248][458]LogWindows: FPlatformMisc::RequestExit(1)
[2016.08.18-11.15.18:248][458]Log file closed, 08/18/16 13:15:18
