Log file open, 08/17/16 11:12:23
LogInit:Display: Running engine for game: ShowroomV1
LogPlatformFile: Not using cached read wrapper
LogInit:Display: RandInit(515952954) SRandInit(515952956).
LogTaskGraph: Started task graph with 4 named threads and 11 total threads with 1 sets of task threads.
LogStats: Stats thread started at 0.117641
LogInit: Version: 4.12.5-3039270+++UE4+Release-4.12
LogInit: API Version: 2992821
LogInit: Net Version: 3039270
LogDevObjectVersion: Number of dev versions registered: 13
LogDevObjectVersion:   Dev-Blueprints (B0D832E4-1F89-4F0D-ACCF-7EB736FD4AA2): 3
LogDevObjectVersion:   Dev-Build (E1C64328-A22C-4D53-A36C-8E866417BD8C): 0
LogDevObjectVersion:   Dev-Core (375EC13C-06E4-48FB-B500-84F0262A717E): 1
LogDevObjectVersion:   Dev-Editor (E4B068ED-F494-42E9-A231-DA0B2E46BB41): 2
LogDevObjectVersion:   Dev-Framework (CFFC743F-43B0-4480-9391-14DF171D2073): 6
LogDevObjectVersion:   Dev-Mobile (B02B49B5-BB20-44E9-A304-32B752E40360): 0
LogDevObjectVersion:   Dev-Networking (A4E4105C-59A1-49B5-A7C5-40C4547EDFEE): 0
LogDevObjectVersion:   Dev-Online (39C831C9-5AE6-47DC-9A44-9C173E1C8E7C): 0
LogDevObjectVersion:   Dev-Physics (78F01B33-EBEA-4F98-B9B4-84EACCB95AA2): 0
LogDevObjectVersion:   Dev-Platform (6631380F-2D4D-43E0-8009-CF276956A95A): 0
LogDevObjectVersion:   Dev-Rendering (12F88B9F-8875-4AFC-A67C-D90C383ABD29): 2
LogDevObjectVersion:   Dev-Sequencer (7B5AE74C-D270-4C10-A958-57980B212A5A): 0
LogDevObjectVersion:   Dev-VR (D7296918-1DD6-4BDD-9DE2-64A83CC13884): 0
LogInit: Compiled (64-bit): Jul  6 2016 09:09:46
LogInit: Compiled with Visual C++: 19.00.23026.00
LogInit: Build Configuration: Development
LogInit: Branch Name: ++UE4+Release-4.12
LogInit: Command line: -EpicPortal 
LogInit: Base directory: C:/Program Files (x86)/Epic Games/4.12/Engine/Binaries/Win64/
LogInit: Installed Engine Build: 1
LogInit: Using libcurl 7.41.0
LogInit:  - built for x86_64-pc-win32
LogInit:  - supports SSL with WinSSL
LogInit:  - other features:
LogInit:      CURL_VERSION_SSL
LogInit:      CURL_VERSION_IPV6
LogInit:      CURL_VERSION_ASYNCHDNS
LogInit:      CURL_VERSION_LARGEFILE
LogInit:      CURL_VERSION_IDN
LogInit:  CurlRequestOptions (configurable via config and command line):
LogInit:  - bVerifyPeer = true  - Libcurl will verify peer certificate
LogInit:  - bUseHttpProxy = false  - Libcurl will NOT use HTTP proxy
LogInit:  - bDontReuseConnections = false  - Libcurl will reuse connections
LogInit:  - CertBundlePath = nullptr  - Libcurl will use whatever was configured at build time.
LogInit: Presizing for max 8388607 objects, including 0 objects not considered by GC, pre-allocating 0 bytes for permanent pool.
LogInit: Object subsystem initialized
[2016.08.17-09.12.23:709][  0]LogInit: Selected Device Profile: [Windows]
[2016.08.17-09.12.23:709][  0]LogInit: Applying CVar settings loaded from the selected device profile: [Windows]
[2016.08.17-09.12.23:720][  0]LogInit: Computer: SUPERMACHINE22
[2016.08.17-09.12.23:720][  0]LogInit: User: SUPERBIEN
[2016.08.17-09.12.23:720][  0]LogInit: CPU Page size=65536, Cores=8
[2016.08.17-09.12.23:720][  0]LogInit: High frequency timer resolution =2.343896 MHz
[2016.08.17-09.12.23:721][  0]LogMemory: Memory total: Physical=32.0GB (32GB approx)
[2016.08.17-09.12.23:721][  0]LogMemory: Platform Memory Stats for Windows
[2016.08.17-09.12.23:721][  0]LogMemory: Process Physical Memory: 193.91 MB used, 193.91 MB peak
[2016.08.17-09.12.23:721][  0]LogMemory: Process Virtual Memory: 198.52 MB used, 198.52 MB peak
[2016.08.17-09.12.23:721][  0]LogMemory: Physical Memory: 5988.33 MB used, 32759.17 MB total
[2016.08.17-09.12.23:721][  0]LogMemory: Virtual Memory: 523.20 MB used, 8388608.00 MB total
[2016.08.17-09.12.23:764][  0]LogTextLocalizationManager: No translations for ('fr-FR') exist, falling back to 'en' for localization and internationalization data.
[2016.08.17-09.12.24:389][  0]LogD3D11RHI: D3D11 adapters:
[2016.08.17-09.12.24:428][  0]LogD3D11RHI:    0. 'NVIDIA GeForce GTX 670' (Feature Level 11_0)
[2016.08.17-09.12.24:428][  0]LogD3D11RHI:       1989/0/2048 MB DedicatedVideo/DedicatedSystem/SharedSystem, Outputs:1, VendorId:0x10de
[2016.08.17-09.12.24:428][  0]LogD3D11RHI: Chosen D3D11 Adapter: 0
[2016.08.17-09.12.24:444][  0]LogD3D11RHI: Creating new Direct3DDevice
[2016.08.17-09.12.24:446][  0]LogD3D11RHI:     GPU DeviceId: 0x1189 (for the marketing name, search the web for "GPU Device Id")
[2016.08.17-09.12.24:446][  0]LogWindows: EnumDisplayDevices:
[2016.08.17-09.12.24:451][  0]LogWindows:    0. 'NVIDIA GeForce GTX 670' (P:1 D:1)
[2016.08.17-09.12.24:452][  0]LogWindows:    1. 'NVIDIA GeForce GTX 670' (P:0 D:0)
[2016.08.17-09.12.24:453][  0]LogWindows:    2. 'NVIDIA GeForce GTX 670' (P:0 D:0)
[2016.08.17-09.12.24:454][  0]LogWindows:    3. 'NVIDIA GeForce GTX 670' (P:0 D:0)
[2016.08.17-09.12.24:456][  0]LogWindows:    4. 'RDPDD Chained DD' (P:0 D:0)
[2016.08.17-09.12.24:457][  0]LogWindows:    5. 'RDP Encoder Mirror Driver' (P:0 D:0)
[2016.08.17-09.12.24:458][  0]LogWindows:    6. 'RDP Reflector Display Driver' (P:0 D:0)
[2016.08.17-09.12.24:459][  0]LogWindows: DebugString: GetVideoDriverDetailsInvalid PrimaryIsNotTheChoosenAdapter GetVideoDriverDetailsInvalid PrimaryIsNotTheChoosenAdapter GetVideoDriverDetailsInvalid PrimaryIsNotTheChoosenAdapter FoundDriverCount:4 
[2016.08.17-09.12.24:459][  0]LogD3D11RHI:     Adapter Name: NVIDIA GeForce GTX 670
[2016.08.17-09.12.24:459][  0]LogD3D11RHI:   Driver Version: 361.75 (internal:10.18.13.6175, unified:361.75)
[2016.08.17-09.12.24:459][  0]LogD3D11RHI:      Driver Date: 1-22-2016
[2016.08.17-09.12.24:459][  0]LogRHI: Texture pool is 1361 MB (70% of 1945 MB)
[2016.08.17-09.12.24:477][  0]LogD3D11RHI: Async texture creation enabled
[2016.08.17-09.12.24:498][  0]LogD3D11RHI: GPU Timing Frequency: 1000.000000 (Debug: 2 2)
[2016.08.17-09.12.24:498][  0]LogShaderCompilers: Guid format shader working directory is 14 characters bigger than the processId version (D:/CELIA/WORK/ShowroomV2/ShowroomV1/Intermediate/Shaders/WorkingDirectory/5888/).
[2016.08.17-09.12.24:499][  0]LogShaderCompilers: Cleaned the shader compiler working directory 'C:/Users/SUPERB~1/AppData/Local/Temp/UnrealShaderWorkingDir/3EBDC033444C19C4ED2DF1B997554F95/'.
[2016.08.17-09.12.24:499][  0]LogShaderCompilers:Display: Using Local Shader Compiler.
[2016.08.17-09.12.25:951][  0]LogTemp:Display: Loaded TP AllDesktopTargetPlatform
[2016.08.17-09.12.25:966][  0]LogTemp:Display: Loaded TP WindowsClientTargetPlatform
[2016.08.17-09.12.25:980][  0]LogTemp:Display: Loaded TP WindowsNoEditorTargetPlatform
[2016.08.17-09.12.25:994][  0]LogTemp:Display: Loaded TP WindowsServerTargetPlatform
[2016.08.17-09.12.26:007][  0]LogTemp:Display: Loaded TP WindowsTargetPlatform
[2016.08.17-09.12.26:019][  0]LogTemp:Display: Loaded TP AndroidTargetPlatform
[2016.08.17-09.12.26:031][  0]LogTemp:Display: Loaded TP Android_ASTCTargetPlatform
[2016.08.17-09.12.26:043][  0]LogTemp:Display: Loaded TP Android_ATCTargetPlatform
[2016.08.17-09.12.26:056][  0]LogTemp:Display: Loaded TP Android_DXTTargetPlatform
[2016.08.17-09.12.26:068][  0]LogTemp:Display: Loaded TP Android_ETC1TargetPlatform
[2016.08.17-09.12.26:080][  0]LogTemp:Display: Loaded TP Android_ETC2TargetPlatform
[2016.08.17-09.12.26:104][  0]LogTemp:Display: Loaded TP Android_MultiTargetPlatform
[2016.08.17-09.12.26:104][  0]LogTemp:Display: Loaded TP Android_PVRTCTargetPlatform
[2016.08.17-09.12.26:105][  0]LogTemp:Display: Loaded TP HTML5TargetPlatform
[2016.08.17-09.12.26:130][  0]LogTemp:Display: Loaded TP IOSTargetPlatform
[2016.08.17-09.12.26:142][  0]LogTemp:Display: Loaded TP TVOSTargetPlatform
[2016.08.17-09.12.26:154][  0]LogTemp:Display: Loaded TP LinuxNoEditorTargetPlatform
[2016.08.17-09.12.26:166][  0]LogTemp:Display: Loaded TP LinuxServerTargetPlatform
[2016.08.17-09.12.26:177][  0]LogTemp:Display: Loaded TP LinuxTargetPlatform
[2016.08.17-09.12.26:177][  0]LogTargetPlatformManager:Display: Building Assets For Windows
[2016.08.17-09.12.26:265][  0]LogDerivedDataCache:Display: Max Cache Size: 512 MB
[2016.08.17-09.12.26:372][  0]LogDerivedDataCache: Loaded boot cache 0.11s 80MB C:/Users/SUPERBIEN/AppData/Local/UnrealEngine/4.12/DerivedDataCache/Boot.ddc.
[2016.08.17-09.12.26:372][  0]LogDerivedDataCache:Display: Loaded Boot cache: C:/Users/SUPERBIEN/AppData/Local/UnrealEngine/4.12/DerivedDataCache/Boot.ddc
[2016.08.17-09.12.26:372][  0]LogDerivedDataCache: FDerivedDataBackendGraph:  Pak pak cache file D:/CELIA/WORK/ShowroomV2/ShowroomV1/DerivedDataCache/DDC.ddp not found, will not use a pak cache.
[2016.08.17-09.12.26:372][  0]LogDerivedDataCache: Unable to find inner node Pak for hierarchical cache Hierarchy.
[2016.08.17-09.12.26:372][  0]LogDerivedDataCache: FDerivedDataBackendGraph:  CompressedPak pak cache file D:/CELIA/WORK/ShowroomV2/ShowroomV1/DerivedDataCache/Compressed.ddp not found, will not use a pak cache.
[2016.08.17-09.12.26:372][  0]LogDerivedDataCache: Unable to find inner node CompressedPak for hierarchical cache Hierarchy.
[2016.08.17-09.12.26:401][  0]LogDerivedDataCache:Display: Pak cache opened for reading ../../../Engine/DerivedDataCache/Compressed.ddp.
[2016.08.17-09.12.26:413][  0]LogDerivedDataCache: Using Local data cache path C:/Users/SUPERBIEN/AppData/Local/UnrealEngine/Common/DerivedDataCache: Writable
[2016.08.17-09.12.26:714][  0]LogInit: Selected Device Profile: [Windows]
[2016.08.17-09.12.26:715][  0]LogContentStreaming: Texture pool size is 0.00 MB
[2016.08.17-09.12.26:943][  0]LogMeshUtilities: No automatic mesh reduction module available
[2016.08.17-09.12.26:943][  0]LogMeshUtilities: No automatic mesh merging module available
[2016.08.17-09.12.26:943][  0]LogMeshUtilities: No distributed automatic mesh merging module available
[2016.08.17-09.12.27:285][  0]LogAssetRegistry: FAssetRegistry took 0.0207 seconds to start up
[2016.08.17-09.12.27:301][  0]LogPackageLocalizationCache: Processed 3 localized package path(s) for 1 prioritized culture(s) in 0.012149 seconds
[2016.08.17-09.12.27:309][  0]LogUObjectArray: 28739 objects as part of root set at end of initial load.
[2016.08.17-09.12.27:309][  0]LogUObjectAllocator: 5855624 out of 0 bytes used by permanent object pool.
[2016.08.17-09.12.27:309][  0]LogUObjectArray: CloseDisregardForGC: 0/0 objects in disregard for GC pool
[2016.08.17-09.12.27:318][  0]LogInit: WinSock: version 1.1 (2.2), MaxSocks=32767, MaxUdp=65467
[2016.08.17-09.12.27:560][  0]LogSlate: SlateFontCache - WITH_FREETYPE: 1, WITH_HARFBUZZ: 1
[2016.08.17-09.12.27:560][  0]LogSlate: SlateFontCache - WITH_FREETYPE: 1, WITH_HARFBUZZ: 1
[2016.08.17-09.12.28:503][  0]LogSubstanceCoreModule: Substance CPU Engine Loaded, Max Texture Size 2048
[2016.08.17-09.12.28:511][  0]LogUdpMessaging: Initializing bridge on interface 0.0.0.0:0 to multicast group 230.0.0.1:6666.
[2016.08.17-09.12.28:789][  0]SourceControl: Info Source control is disabled
[2016.08.17-09.12.28:827][  0]SourceControl: Info Source control is disabled
[2016.08.17-09.12.28:836][  0]SourceControl: Info Source control is disabled
[2016.08.17-09.12.28:844][  0]SourceControl: Info Source control is disabled
[2016.08.17-09.12.29:095][  0]LogEngine: Initializing Engine...
[2016.08.17-09.12.29:096][  0]LogHMD: SteamVR failed to initialize.  Err: 102
[2016.08.17-09.12.29:097][  0]LogHMD: SteamVR failed to initialize.  Err: 102
[2016.08.17-09.12.29:310][  0]LogAIModule: Creating AISystem for world NewWorld
[2016.08.17-09.12.29:314][  0]LogInit: No audio devices found!
[2016.08.17-09.12.29:354][  0]LogDerivedDataCache: Saved boot cache 0.04s 48MB C:/Users/SUPERBIEN/AppData/Local/UnrealEngine/4.12/DerivedDataCache/Boot.ddc.
[2016.08.17-09.12.29:365][  0]LogInit: Texture streaming: Enabled
[2016.08.17-09.12.29:389][  0]LogInit: Transaction tracking system initialized
[2016.08.17-09.12.29:414][  0]BlueprintLog: New page: Editor Load
[2016.08.17-09.12.29:491][  0]LocalizationService: Info Localization service is disabled
[2016.08.17-09.12.30:020][  0]LogConsoleResponse:Display: 
[2016.08.17-09.12.30:159][  0]LogCook:Display: Max memory allowance for cook 8192mb
[2016.08.17-09.12.30:159][  0]LogCook:Display: Mobile HDR setting 1
[2016.08.17-09.12.30:266][  0]LogFileCache: Scanning file cache for directory 'D:/CELIA/WORK/ShowroomV2/ShowroomV1/Content/' took 0.02s
[2016.08.17-09.12.30:266][  0]SourceControl: Info Source control is disabled
[2016.08.17-09.12.30:266][  0]Cmd: MAP LOAD FILE="../../../Engine/Content/Maps/Templates/Template_Default.umap" TEMPLATE=1 SHOWPROGRESS=1 FEATURELEVEL=3
[2016.08.17-09.12.30:266][  0]LightingResults: New page: Lighting Build
[2016.08.17-09.12.30:270][  0]MapCheck: New page: Map Check
[2016.08.17-09.12.30:270][  0]LightingResults: New page: Lighting Build
[2016.08.17-09.12.30:705][  0]LogAIModule: Creating AISystem for world Untitled_1
[2016.08.17-09.12.30:712][  0]LogEditorServer: Finished looking for orphan Actors (0.000 secs)
[2016.08.17-09.12.30:719][  0]Cmd: MAP CHECKDEP NOCLEARLOG
[2016.08.17-09.12.30:774][  0]MapCheck: Info Map check complete: 0 Error(s), 0 Warning(s), took 55.527ms to complete.
[2016.08.17-09.12.30:775][  0]LogFileHelpers: Loading map 'Template_Default' took 0.509
[2016.08.17-09.12.30:929][  0]LogCollectionManager: Loaded 0 collections in 0.001760 seconds
[2016.08.17-09.12.30:969][  0]LogFileCache: Scanning file cache for directory 'D:/CELIA/WORK/ShowroomV2/ShowroomV1/Saved/Collections/' took 0.01s
[2016.08.17-09.12.30:969][  0]LogFileCache: Scanning file cache for directory 'D:/CELIA/WORK/ShowroomV2/ShowroomV1/Content/Developers/SUPERBIEN/Collections/' took 0.01s
[2016.08.17-09.12.30:969][  0]LogFileCache: Scanning file cache for directory 'D:/CELIA/WORK/ShowroomV2/ShowroomV1/Content/Collections/' took 0.01s
[2016.08.17-09.12.30:969][  0]LogCollectionManager: Rebuilt the GUID cache for 0 collections in 0.000003 seconds
[2016.08.17-09.12.30:982][  0]LogContentBrowser: Native class hierarchy populated in 0.0132 seconds. Added 2062 classes and 375 folders.
[2016.08.17-09.12.30:987][  0]LogStats: UGameplayTagsManager::ConstructGameplayTagTree: Construct from data asset -  0.000 s
[2016.08.17-09.12.30:987][  0]LogStats: UGameplayTagsManager::ConstructGameplayTagTree: GameplayTagTreeChangedEvent.Broadcast -  0.000 s
[2016.08.17-09.12.30:988][  0]LogContentBrowser: Native class hierarchy updated for 'GameplayTags' in 0.0006 seconds. Added 12 classes and 0 folders.
[2016.08.17-09.12.30:993][  0]LogContentBrowser: Native class hierarchy updated for 'WidgetCarousel' in 0.0004 seconds. Added 0 classes and 0 folders.
[2016.08.17-09.12.31:103][  0]LogContentBrowser: Native class hierarchy updated for 'AddContentDialog' in 0.0006 seconds. Added 0 classes and 0 folders.
[2016.08.17-09.12.31:108][  0]LogContentBrowser: Native class hierarchy updated for 'SceneOutliner' in 0.0005 seconds. Added 1 classes and 2 folders.
[2016.08.17-09.12.31:189][  0]LogCrashTracker: Crashtracker disabled due to settings.
[2016.08.17-09.12.31:194][  0]LogUObjectGlobals:Warning: Failed to find object 'Class None.'
[2016.08.17-09.12.31:219][  0]LogContentBrowser: Native class hierarchy updated for 'HierarchicalLODOutliner' in 0.0007 seconds. Added 1 classes and 2 folders.
[2016.08.17-09.12.31:219][  0]LogLoad: Full Startup: 8.51 seconds (BP compile: 0.06 seconds)
[2016.08.17-09.12.31:220][  0]LogExternalProfiler: Found external profiler: VSPerf
[2016.08.17-09.12.31:220][  0]LogExternalProfiler: Using external profiler: VSPerf
[2016.08.17-09.12.31:232][  0]LogOcInput: OculusInput pre-init called
[2016.08.17-09.12.31:254][  0]LogContentStreaming: Texture pool size now 700 MB
[2016.08.17-09.12.31:499][  0]LogRenderer: Reallocating scene render targets to support 1256x724 (Frame:2).
[2016.08.17-09.12.31:764][  3]LogAssetRegistry: Asset discovery search completed in 4.4995 seconds
[2016.08.17-09.12.31:764][  3]LogCollectionManager: Rebuilt the object cache for 0 collections in 0.000001 seconds (found 0 objects)
[2016.08.17-09.12.31:764][  3]LogCollectionManager: Fixed up redirectors for 0 collections in 0.000080 seconds (updated 0 objects)
[2016.08.17-09.12.38:767][650]LogLinker:Error: CurveVector_2 has an inappropriate outermost, it was probably saved with a deprecated outer (file: D:/CELIA/WORK/ShowroomV2/ShowroomV1/Content/props_pedestal_B3_Blueprint.uasset)
[2016.08.17-09.12.38:773][650]LogLinker:Error: CurveVector_2 has an inappropriate outermost, it was probably saved with a deprecated outer (file: D:/CELIA/WORK/ShowroomV2/ShowroomV1/Content/props_pedestal_B3_Blueprint.uasset)
[2016.08.17-09.12.38:773][650]LogLinker:Error: CurveVector_2 has an inappropriate outermost, it was probably saved with a deprecated outer (file: D:/CELIA/WORK/ShowroomV2/ShowroomV1/Content/props_pedestal_B3_Blueprint.uasset)
[2016.08.17-09.12.38:782][650]LogBlueprint:Warning: Timeline Timeline_0 Track NewTrack_2 in /Engine/Transient.REINST_props_pedestal_B3_Blueprint_C_22 has an invalid curve.  Please fix!
[2016.08.17-09.12.38:788][650]LogBlueprint:Warning: Timeline Timeline_0 Track NewTrack_2 in /Engine/Transient.REINST_props_pedestal_B3_Blueprint_C_24 has an invalid curve.  Please fix!
[2016.08.17-09.12.38:795][650]LogLinker:Error: CurveVector_2 has an inappropriate outermost, it was probably saved with a deprecated outer (file: D:/CELIA/WORK/ShowroomV2/ShowroomV1/Content/Map/Showroomv1.umap)
[2016.08.17-09.12.38:817][650]LogText:Warning: Failed to parse argument "ImportClass" as a number (using "0" as a fallback). Please check your format string for errors: ": Failed import for {ImportClass}".
[2016.08.17-09.12.38:818][650]LogText:Warning: Failed to parse argument "ImportClass" as a number (using "0" as a fallback). Please check your format string for errors: ": Failed import for {ImportClass}".
[2016.08.17-09.12.38:819][650]LogText:Warning: Failed to parse argument "ImportClass" as a number (using "0" as a fallback). Please check your format string for errors: ": Failed import for {ImportClass}".
[2016.08.17-09.12.38:820][650]LogText:Warning: Failed to parse argument "ImportClass" as a number (using "0" as a fallback). Please check your format string for errors: ": Failed import for {ImportClass}".
[2016.08.17-09.12.38:837][650]LogLinker:Warning: Can't find file '/Game/FBX/LOGO_SUPPORT2'
[2016.08.17-09.12.38:837][650]LogLinker:Warning: Can't find file for asset '/Game/FBX/LOGO_SUPPORT2' while loading D:/CELIA/WORK/ShowroomV2/ShowroomV1/Content/LOGO_01_LOGO_NEON.uasset.
[2016.08.17-09.12.38:837][650]LoadErrors:Error: Error /Game/LOGO_01_LOGO_NEON : Can't find file for asset. /Game/FBX/LOGO_SUPPORT2
[2016.08.17-09.12.38:837][650]LogLinker:Warning: Can't find file '/Game/FBX/LOGO_SUPPORT2'
[2016.08.17-09.12.38:837][650]LogLinker:Warning: Can't find file for asset '/Game/FBX/LOGO_SUPPORT2' while loading D:/CELIA/WORK/ShowroomV2/ShowroomV1/Content/LOGO_01_LOGO_NEON.uasset.
[2016.08.17-09.12.38:838][650]LogLinker:Warning: Can't find file '/Game/FBX/LOGO_SUPPORT'
[2016.08.17-09.12.38:838][650]LogLinker:Warning: Can't find file for asset '/Game/FBX/LOGO_SUPPORT' while loading D:/CELIA/WORK/ShowroomV2/ShowroomV1/Content/LOGO_01_LOGO_SUPPORT.uasset.
[2016.08.17-09.12.38:838][650]LoadErrors:Error: Error /Game/LOGO_01_LOGO_SUPPORT : Can't find file for asset. /Game/FBX/LOGO_SUPPORT
[2016.08.17-09.12.38:839][650]LogLinker:Warning: Can't find file '/Game/FBX/LOGO_SUPPORT'
[2016.08.17-09.12.38:839][650]LogLinker:Warning: Can't find file for asset '/Game/FBX/LOGO_SUPPORT' while loading D:/CELIA/WORK/ShowroomV2/ShowroomV1/Content/LOGO_01_LOGO_SUPPORT.uasset.
[2016.08.17-09.12.38:860][650]LogLinker:Error: CurveVector_2 has an inappropriate outermost, it was probably saved with a deprecated outer (file: D:/CELIA/WORK/ShowroomV2/ShowroomV1/Content/Map/Showroomv1.umap)
[2016.08.17-09.12.38:953][650]LogLinker:Error: CurveVector_2 has an inappropriate outermost, it was probably saved with a deprecated outer (file: D:/CELIA/WORK/ShowroomV2/ShowroomV1/Content/Map/Showroomv1.umap)
[2016.08.17-09.12.38:962][650]LogLinker:Warning: Can't find file '/Game/FBX/LOGO_SUPPORT2'
[2016.08.17-09.12.38:962][650]LoadErrors: Info Failed to load /Game/FBX/LOGO_SUPPORT2.LOGO_SUPPORT2 Referenced by LOGO_01_LOGO_NEON
[2016.08.17-09.12.38:962][650]LogLinker:Warning: Can't find file for asset '/Game/FBX/LOGO_SUPPORT2' while loading NULL.
[2016.08.17-09.12.38:965][650]LogLinker:Warning: Can't find file '/Game/FBX/LOGO_SUPPORT'
[2016.08.17-09.12.38:965][650]LoadErrors: Info Failed to load /Game/FBX/LOGO_SUPPORT.LOGO_SUPPORT Referenced by LOGO_01_LOGO_SUPPORT
[2016.08.17-09.12.38:965][650]LogLinker:Warning: Can't find file for asset '/Game/FBX/LOGO_SUPPORT' while loading NULL.
[2016.08.17-09.12.38:971][650]LogMaterial: Missing cached shader map for material Material__168, compiling. 
[2016.08.17-09.12.39:036][650]LogMaterial: Missing cached shader map for material main, compiling. 
[2016.08.17-09.12.39:063][650]LogMaterial: Missing cached shader map for material smooth, compiling. 
[2016.08.17-09.12.39:114][650]LogMaterial: Missing cached shader map for material Thumbnail_Superclub, compiling. 
[2016.08.17-09.12.39:139][650]LogMaterial: Missing cached shader map for material NewMaterial, compiling. 
[2016.08.17-09.12.39:319][650]LogTexture:Display: Building textures: Metal_Gold_2k_s (AutoDXT)
[2016.08.17-09.12.40:925][650]LogTexture:Display: Building textures: Metal_Gold_2k_g (AutoDXT)
[2016.08.17-09.12.41:745][650]LogMaterial: Missing cached shader map for material Metal_Gold_2, compiling. 
[2016.08.17-09.12.41:883][650]LogTexture:Display: Building textures: HQ_Lightmap0_1 (AutoDXT)
[2016.08.17-09.12.42:272][650]LogTexture:Display: Building textures: HQ_Lightmap0_2 (AutoDXT)
[2016.08.17-09.12.42:754][650]LogTexture:Display: Building textures: HQ_Lightmap0_4 (AutoDXT)
[2016.08.17-09.12.42:766][650]LogTexture:Display: Building textures: HQ_Lightmap1_3 (AutoDXT)
[2016.08.17-09.12.42:963][650]LogTexture:Display: Building textures: LQ_Lightmap_0_1 (DXT1)
[2016.08.17-09.12.43:197][650]LogTexture:Display: Building textures: LQ_Lightmap_0_4 (DXT1)
[2016.08.17-09.12.43:253][650]LogTexture:Display: Building textures: LQ_Lightmap_1_2 (DXT1)
[2016.08.17-09.12.43:635][650]LogTexture:Display: Building textures: LQ_Lightmap_1_3 (DXT1)
[2016.08.17-09.12.43:739][650]LogTexture:Display: Building textures: ShadowMapTexture2D_17 (BGRA8)
[2016.08.17-09.12.43:857][650]LogStaticMesh: Building static mesh module_pillar-main-small...
[2016.08.17-09.12.43:867][650]LogStaticMesh: Built static mesh [0.01s] /Game/module_pillar-main-small.module_pillar-main-small
[2016.08.17-09.12.43:870][650]LogStaticMesh: Building static mesh module_roof-fake-amalgame...
[2016.08.17-09.12.43:897][650]LogStaticMesh: Built static mesh [0.03s] /Game/module_roof-fake-amalgame.module_roof-fake-amalgame
[2016.08.17-09.12.43:900][650]LogSubstanceCore:Error: No parent instance found for this SubstanceTexture2D (SubstanceTexture2D /Game/Material/Text/New_Graph_INST_normal.New_Graph_INST_normal). You need to delete the texture.
[2016.08.17-09.12.43:909][650]LogSubstanceCore:Error: No parent instance found for this SubstanceTexture2D (SubstanceTexture2D /Game/Material/Text/New_Graph_INST_roughness.New_Graph_INST_roughness). You need to delete the texture.
[2016.08.17-09.12.43:939][650]LogMaterial: Missing cached shader map for material Metal_BrushedSteel, compiling. 
[2016.08.17-09.12.43:987][650]LogBlueprint:Warning: Node '/Game/StarterContent/Audio/Starter_Music_Cue.Starter_Music_Cue:SoundCueGraph_6.SoundCueGraphNode_5' missing NodeGuid because of upgrade from old package version, this can cause deterministic cooking issues please resave package.
[2016.08.17-09.12.43:988][650]LogBlueprint:Warning: Node '/Game/StarterContent/Audio/Starter_Music_Cue.Starter_Music_Cue:SoundCueGraph_6.SoundCueGraphNode_Root_6' missing NodeGuid because of upgrade from old package version, this can cause deterministic cooking issues please resave package.
[2016.08.17-09.12.44:023][650]LogMaterial: Missing cached shader map for material Emissive, compiling. 
[2016.08.17-09.12.44:067][650]LogMaterial: Missing cached shader map for material Aluminium, compiling. 
[2016.08.17-09.12.44:104][650]LogSubstanceCore:Error: No parent instance found for this SubstanceTexture2D (SubstanceTexture2D /Game/Material/Text/New_Graph_INST_metallic.New_Graph_INST_metallic). You need to delete the texture.
[2016.08.17-09.12.44:130][650]LogSubstanceCore:Error: No parent instance found for this SubstanceTexture2D (SubstanceTexture2D /Game/Material/Text/New_Graph_INST_basecolor.New_Graph_INST_basecolor). You need to delete the texture.
[2016.08.17-09.12.44:213][650]LogAIModule: Creating AISystem for world Showroomv1
[2016.08.17-09.12.44:297][650]Cmd: MAP LOAD FILE="D:/CELIA/WORK/ShowroomV2/ShowroomV1/Content/Map/Showroomv1.umap" TEMPLATE=0 SHOWPROGRESS=1 FEATURELEVEL=3
[2016.08.17-09.12.44:297][650]LightingResults: New page: Lighting Build
[2016.08.17-09.12.44:298][650]LoadErrors: New page: Loading map: Showroomv1.umap
[2016.08.17-09.12.44:299][650]MapCheck: New page: Map Check
[2016.08.17-09.12.44:299][650]LightingResults: New page: Lighting Build
[2016.08.17-09.12.44:489][650]LogEditorServer: Finished looking for orphan Actors (0.000 secs)
[2016.08.17-09.12.44:530][650]Cmd: MAP CHECKDEP NOCLEARLOG
[2016.08.17-09.12.44:632][650]MapCheck: Info Map check complete: 0 Error(s), 0 Warning(s), took 101.978ms to complete.
[2016.08.17-09.12.44:632][650]LogFileHelpers: Loading map 'Showroomv1' took 0.337
[2016.08.17-09.12.44:638][650]LoadErrors:Error: Error /Game/Material/Text/New_Graph_INST_basecolor : Failed import for SubstanceGraphInstance /Game/Material/New_Graph_INST.New_Graph_INST
[2016.08.17-09.12.44:638][650]LoadErrors:Error: Error /Game/Material/Text/New_Graph_INST_metallic : Failed import for SubstanceGraphInstance /Game/Material/New_Graph_INST.New_Graph_INST
[2016.08.17-09.12.44:638][650]LoadErrors:Error: Error /Game/Material/Text/New_Graph_INST_normal : Failed import for SubstanceGraphInstance /Game/Material/New_Graph_INST.New_Graph_INST
[2016.08.17-09.12.44:638][650]LoadErrors:Error: Error /Game/Material/Text/New_Graph_INST_roughness : Failed import for SubstanceGraphInstance /Game/Material/New_Graph_INST.New_Graph_INST
[2016.08.17-09.13.36:518][312]Cmd: SELECT NONE
[2016.08.17-09.13.50:302][245]LogEditorViewport: Clicking on Actor (LMB): StaticMeshActor (module_pillar-main-small6)
[2016.08.17-09.13.54:555][491]LogActorFactory: Actor Factory created module_panel_aluStructure
[2016.08.17-09.13.55:697][571]LogActorFactory: Actor Factory created module_panel_aluStructure
[2016.08.17-09.14.05:883][284]Cmd: OBJ SAVEPACKAGE PACKAGE="/Game/Map/Showroomv1" FILE="D:/CELIA/WORK/ShowroomV2/ShowroomV1/Content/Map/Showroomv1.umap" SILENT=true AUTOSAVING=false KEEPDIRTY=false
[2016.08.17-09.14.06:413][284]LogSavePackage: Save=497.28ms
[2016.08.17-09.14.06:413][284]LogSavePackage: Moving 'D:/CELIA/WORK/ShowroomV2/ShowroomV1/Saved/Showroomv1774F644641FE5DB18C59E6B3A6E134B6.tmp' to 'D:/CELIA/WORK/ShowroomV2/ShowroomV1/Content/Map/Showroomv1.umap'
[2016.08.17-09.14.06:416][284]LogSavePackage:Display: Finished SavePackage D:/CELIA/WORK/ShowroomV2/ShowroomV1/Content/Map/Showroomv1.umap
[2016.08.17-09.14.38:294][744]Cmd: OBJ SAVEPACKAGE PACKAGE="/Game/Map/Showroomv1" FILE="D:/CELIA/WORK/ShowroomV2/ShowroomV1/Content/Map/Showroomv1.umap" SILENT=true AUTOSAVING=false KEEPDIRTY=false
[2016.08.17-09.14.38:807][744]LogSavePackage: Save=495.46ms
[2016.08.17-09.14.38:807][744]LogSavePackage: Moving 'D:/CELIA/WORK/ShowroomV2/ShowroomV1/Saved/Showroomv103D2AC41488C8C22060B53BF3A17AD0F.tmp' to 'D:/CELIA/WORK/ShowroomV2/ShowroomV1/Content/Map/Showroomv1.umap'
[2016.08.17-09.14.38:809][744]LogSavePackage:Display: Finished SavePackage D:/CELIA/WORK/ShowroomV2/ShowroomV1/Content/Map/Showroomv1.umap
[2016.08.17-09.36.22:411][405]LogActorFactory: Actor Factory created props_pedestal_B
[2016.08.17-09.36.22:940][442]LogActorFactory: Actor Factory created props_pedestal_B
[2016.08.17-09.36.24:563][550]Cmd: OBJ SAVEPACKAGE PACKAGE="/Game/Map/Showroomv1" FILE="D:/CELIA/WORK/ShowroomV2/ShowroomV1/Content/Map/Showroomv1.umap" SILENT=true AUTOSAVING=false KEEPDIRTY=false
[2016.08.17-09.36.25:076][550]LogSavePackage: Save=475.78ms
[2016.08.17-09.36.25:076][550]LogSavePackage: Moving 'D:/CELIA/WORK/ShowroomV2/ShowroomV1/Saved/Showroomv1DB2FC44A4D058309326353A7A19DF904.tmp' to 'D:/CELIA/WORK/ShowroomV2/ShowroomV1/Content/Map/Showroomv1.uma