Log file open, 08/18/16 13:16:12
LogInit:Display: Running engine for game: ShowroomV1
LogPlatformFile: Not using cached read wrapper
LogInit:Display: RandInit(1389637860) SRandInit(1389637861).
LogTaskGraph: Started task graph with 4 named threads and 11 total threads with 1 sets of task threads.
LogStats: Stats thread started at 0.127698
LogInit: Version: 4.12.5-3039270+++UE4+Release-4.12
LogInit: API Version: 2992821
LogInit: Net Version: 3039270
LogDevObjectVersion: Number of dev versions registered: 13
LogDevObjectVersion:   Dev-Blueprints (B0D832E4-1F89-4F0D-ACCF-7EB736FD4AA2): 3
LogDevObjectVersion:   Dev-Build (E1C64328-A22C-4D53-A36C-8E866417BD8C): 0
LogDevObjectVersion:   Dev-Core (375EC13C-06E4-48FB-B500-84F0262A717E): 1
LogDevObjectVersion:   Dev-Editor (E4B068ED-F494-42E9-A231-DA0B2E46BB41): 2
LogDevObjectVersion:   Dev-Framework (CFFC743F-43B0-4480-9391-14DF171D2073): 6
LogDevObjectVersion:   Dev-Mobile (B02B49B5-BB20-44E9-A304-32B752E40360): 0
LogDevObjectVersion:   Dev-Networking (A4E4105C-59A1-49B5-A7C5-40C4547EDFEE): 0
LogDevObjectVersion:   Dev-Online (39C831C9-5AE6-47DC-9A44-9C173E1C8E7C): 0
LogDevObjectVersion:   Dev-Physics (78F01B33-EBEA-4F98-B9B4-84EACCB95AA2): 0
LogDevObjectVersion:   Dev-Platform (6631380F-2D4D-43E0-8009-CF276956A95A): 0
LogDevObjectVersion:   Dev-Rendering (12F88B9F-8875-4AFC-A67C-D90C383ABD29): 2
LogDevObjectVersion:   Dev-Sequencer (7B5AE74C-D270-4C10-A958-57980B212A5A): 0
LogDevObjectVersion:   Dev-VR (D7296918-1DD6-4BDD-9DE2-64A83CC13884): 0
LogInit: Compiled (64-bit): Jul  6 2016 09:09:46
LogInit: Compiled with Visual C++: 19.00.23026.00
LogInit: Build Configuration: Development
LogInit: Branch Name: ++UE4+Release-4.12
LogInit: Command line:  
LogInit: Base directory: C:/Program Files (x86)/Epic Games/4.12/Engine/Binaries/Win64/
LogInit: Installed Engine Build: 1
LogInit: Using libcurl 7.41.0
LogInit:  - built for x86_64-pc-win32
LogInit:  - supports SSL with WinSSL
LogInit:  - other features:
LogInit:      CURL_VERSION_SSL
LogInit:      CURL_VERSION_IPV6
LogInit:      CURL_VERSION_ASYNCHDNS
LogInit:      CURL_VERSION_LARGEFILE
LogInit:      CURL_VERSION_IDN
LogInit:  CurlRequestOptions (configurable via config and command line):
LogInit:  - bVerifyPeer = true  - Libcurl will verify peer certificate
LogInit:  - bUseHttpProxy = false  - Libcurl will NOT use HTTP proxy
LogInit:  - bDontReuseConnections = false  - Libcurl will reuse connections
LogInit:  - CertBundlePath = nullptr  - Libcurl will use whatever was configured at build time.
LogInit: Presizing for max 8388607 objects, including 0 objects not considered by GC, pre-allocating 0 bytes for permanent pool.
LogInit: Object subsystem initialized
[2016.08.18-11.16.13:073][  0]LogInit: Selected Device Profile: [Windows]
[2016.08.18-11.16.13:073][  0]LogInit: Applying CVar settings loaded from the selected device profile: [Windows]
[2016.08.18-11.16.13:084][  0]LogInit: Computer: SUPERMACHINE22
[2016.08.18-11.16.13:084][  0]LogInit: User: SUPERBIEN
[2016.08.18-11.16.13:084][  0]LogInit: CPU Page size=65536, Cores=8
[2016.08.18-11.16.13:084][  0]LogInit: High frequency timer resolution =2.343896 MHz
[2016.08.18-11.16.13:085][  0]LogMemory: Memory total: Physical=32.0GB (32GB approx)
[2016.08.18-11.16.13:085][  0]LogMemory: Platform Memory Stats for Windows
[2016.08.18-11.16.13:085][  0]LogMemory: Process Physical Memory: 193.57 MB used, 193.57 MB peak
[2016.08.18-11.16.13:085][  0]LogMemory: Process Virtual Memory: 198.64 MB used, 198.64 MB peak
[2016.08.18-11.16.13:085][  0]LogMemory: Physical Memory: 10003.53 MB used, 32759.17 MB total
[2016.08.18-11.16.13:085][  0]LogMemory: Virtual Memory: 519.32 MB used, 8388608.00 MB total
[2016.08.18-11.16.13:127][  0]LogTextLocalizationManager: No translations for ('fr-FR') exist, falling back to 'en' for localization and internationalization data.
[2016.08.18-11.16.13:702][  0]LogD3D11RHI: D3D11 adapters:
[2016.08.18-11.16.13:736][  0]LogD3D11RHI:    0. 'NVIDIA GeForce GTX 670' (Feature Level 11_0)
[2016.08.18-11.16.13:736][  0]LogD3D11RHI:       1989/0/2048 MB DedicatedVideo/DedicatedSystem/SharedSystem, Outputs:1, VendorId:0x10de
[2016.08.18-11.16.13:736][  0]LogD3D11RHI: Chosen D3D11 Adapter: 0
[2016.08.18-11.16.13:762][  0]LogD3D11RHI: Creating new Direct3DDevice
[2016.08.18-11.16.13:764][  0]LogD3D11RHI:     GPU DeviceId: 0x1189 (for the marketing name, search the web for "GPU Device Id")
[2016.08.18-11.16.13:764][  0]LogWindows: EnumDisplayDevices:
[2016.08.18-11.16.13:765][  0]LogWindows:    0. 'NVIDIA GeForce GTX 670' (P:1 D:1)
[2016.08.18-11.16.13:766][  0]LogWindows:    1. 'NVIDIA GeForce GTX 670' (P:0 D:0)
[2016.08.18-11.16.13:769][  0]LogWindows:    2. 'NVIDIA GeForce GTX 670' (P:0 D:0)
[2016.08.18-11.16.13:774][  0]LogWindows:    3. 'NVIDIA GeForce GTX 670' (P:0 D:0)
[2016.08.18-11.16.13:775][  0]LogWindows:    4. 'RDPDD Chained DD' (P:0 D:0)
[2016.08.18-11.16.13:776][  0]LogWindows:    5. 'RDP Encoder Mirror Driver' (P:0 D:0)
[2016.08.18-11.16.13:778][  0]LogWindows:    6. 'RDP Reflector Display Driver' (P:0 D:0)
[2016.08.18-11.16.13:779][  0]LogWindows: DebugString: GetVideoDriverDetailsInvalid PrimaryIsNotTheChoosenAdapter GetVideoDriverDetailsInvalid PrimaryIsNotTheChoosenAdapter GetVideoDriverDetailsInvalid PrimaryIsNotTheChoosenAdapter FoundDriverCount:4 
[2016.08.18-11.16.13:779][  0]LogD3D11RHI:     Adapter Name: NVIDIA GeForce GTX 670
[2016.08.18-11.16.13:779][  0]LogD3D11RHI:   Driver Version: 361.75 (internal:10.18.13.6175, unified:361.75)
[2016.08.18-11.16.13:779][  0]LogD3D11RHI:      Driver Date: 1-22-2016
[2016.08.18-11.16.13:779][  0]LogRHI: Texture pool is 1361 MB (70% of 1945 MB)
[2016.08.18-11.16.13:798][  0]LogD3D11RHI: Async texture creation enabled
[2016.08.18-11.16.13:820][  0]LogD3D11RHI: GPU Timing Frequency: 1000.000000 (Debug: 2 2)
[2016.08.18-11.16.13:820][  0]LogShaderCompilers: Guid format shader working directory is 20 characters bigger than the processId version (D:/CELIA/WORK/GitHub_Showroom/Intermediate/Shaders/WorkingDirectory/8608/).
[2016.08.18-11.16.13:821][  0]LogShaderCompilers: Cleaned the shader compiler working directory 'C:/Users/SUPERB~1/AppData/Local/Temp/UnrealShaderWorkingDir/631E7A884DE55033DC22078052F164A4/'.
[2016.08.18-11.16.13:821][  0]LogShaderCompilers:Display: Using Local Shader Compiler.
[2016.08.18-11.16.15:152][  0]LogTemp:Display: Loaded TP AllDesktopTargetPlatform
[2016.08.18-11.16.15:167][  0]LogTemp:Display: Loaded TP WindowsClientTargetPlatform
[2016.08.18-11.16.15:181][  0]LogTemp:Display: Loaded TP WindowsNoEditorTargetPlatform
[2016.08.18-11.16.15:195][  0]LogTemp:Display: Loaded TP WindowsServerTargetPlatform
[2016.08.18-11.16.15:209][  0]LogTemp:Display: Loaded TP WindowsTargetPlatform
[2016.08.18-11.16.15:221][  0]LogTemp:Display: Loaded TP AndroidTargetPlatform
[2016.08.18-11.16.15:233][  0]LogTemp:Display: Loaded TP Android_ASTCTargetPlatform
[2016.08.18-11.16.15:245][  0]LogTemp:Display: Loaded TP Android_ATCTargetPlatform
[2016.08.18-11.16.15:257][  0]LogTemp:Display: Loaded TP Android_DXTTargetPlatform
[2016.08.18-11.16.15:268][  0]LogTemp:Display: Loaded TP Android_ETC1TargetPlatform
[2016.08.18-11.16.15:280][  0]LogTemp:Display: Loaded TP Android_ETC2TargetPlatform
[2016.08.18-11.16.15:304][  0]LogTemp:Display: Loaded TP Android_MultiTargetPlatform
[2016.08.18-11.16.15:304][  0]LogTemp:Display: Loaded TP Android_PVRTCTargetPlatform
[2016.08.18-11.16.15:305][  0]LogTemp:Display: Loaded TP HTML5TargetPlatform
[2016.08.18-11.16.15:331][  0]LogTemp:Display: Loaded TP IOSTargetPlatform
[2016.08.18-11.16.15:343][  0]LogTemp:Display: Loaded TP TVOSTargetPlatform
[2016.08.18-11.16.15:355][  0]LogTemp:Display: Loaded TP LinuxNoEditorTargetPlatform
[2016.08.18-11.16.15:372][  0]LogTemp:Display: Loaded TP LinuxServerTargetPlatform
[2016.08.18-11.16.15:388][  0]LogTemp:Display: Loaded TP LinuxTargetPlatform
[2016.08.18-11.16.15:388][  0]LogTargetPlatformManager:Display: Building Assets For Windows
[2016.08.18-11.16.15:479][  0]LogDerivedDataCache:Display: Max Cache Size: 512 MB
[2016.08.18-11.16.15:571][  0]LogDerivedDataCache: Loaded boot cache 0.09s 48MB C:/Users/SUPERBIEN/AppData/Local/UnrealEngine/4.12/DerivedDataCache/Boot.ddc.
[2016.08.18-11.16.15:572][  0]LogDerivedDataCache:Display: Loaded Boot cache: C:/Users/SUPERBIEN/AppData/Local/UnrealEngine/4.12/DerivedDataCache/Boot.ddc
[2016.08.18-11.16.15:572][  0]LogDerivedDataCache: FDerivedDataBackendGraph:  Pak pak cache file D:/CELIA/WORK/GitHub_Showroom/DerivedDataCache/DDC.ddp not found, will not use a pak cache.
[2016.08.18-11.16.15:572][  0]LogDerivedDataCache: Unable to find inner node Pak for hierarchical cache Hierarchy.
[2016.08.18-11.16.15:572][  0]LogDerivedDataCache: FDerivedDataBackendGraph:  CompressedPak pak cache file D:/CELIA/WORK/GitHub_Showroom/DerivedDataCache/Compressed.ddp not found, will not use a pak cache.
[2016.08.18-11.16.15:572][  0]LogDerivedDataCache: Unable to find inner node CompressedPak for hierarchical cache Hierarchy.
[2016.08.18-11.16.15:606][  0]LogDerivedDataCache:Display: Pak cache opened for reading ../../../Engine/DerivedDataCache/Compressed.ddp.
[2016.08.18-11.16.15:618][  0]LogDerivedDataCache: Using Local data cache path C:/Users/SUPERBIEN/AppData/Local/UnrealEngine/Common/DerivedDataCache: Writable
[2016.08.18-11.16.15:916][  0]LogInit: Selected Device Profile: [Windows]
[2016.08.18-11.16.15:917][  0]LogContentStreaming: Texture pool size is 0.00 MB
[2016.08.18-11.16.16:150][  0]LogMeshUtilities: No automatic mesh reduction module available
[2016.08.18-11.16.16:150][  0]LogMeshUtilities: No automatic mesh merging module available
[2016.08.18-11.16.16:151][  0]LogMeshUtilities: No distributed automatic mesh merging module available
[2016.08.18-11.16.16:526][  0]LogAssetRegistry: FAssetRegistry took 0.0203 seconds to start up
[2016.08.18-11.16.16:542][  0]LogPackageLocalizationCache: Processed 3 localized package path(s) for 1 prioritized culture(s) in 0.012680 seconds
[2016.08.18-11.16.16:549][  0]LogUObjectArray: 28739 objects as part of root set at end of initial load.
[2016.08.18-11.16.16:550][  0]LogUObjectAllocator: 5855624 out of 0 bytes used by permanent object pool.
[2016.08.18-11.16.16:550][  0]LogUObjectArray: CloseDisregardForGC: 0/0 objects in disregard for GC pool
[2016.08.18-11.16.16:558][  0]LogInit: WinSock: version 1.1 (2.2), MaxSocks=32767, MaxUdp=65467
[2016.08.18-11.16.16:798][  0]LogSlate: SlateFontCache - WITH_FREETYPE: 1, WITH_HARFBUZZ: 1
[2016.08.18-11.16.16:799][  0]LogSlate: SlateFontCache - WITH_FREETYPE: 1, WITH_HARFBUZZ: 1
[2016.08.18-11.16.17:767][  0]LogSubstanceCoreModule: Substance CPU Engine Loaded, Max Texture Size 2048
[2016.08.18-11.16.17:775][  0]LogUdpMessaging: Initializing bridge on interface 0.0.0.0:0 to multicast group 230.0.0.1:6666.
[2016.08.18-11.16.18:034][  0]SourceControl: Info Source control is disabled
[2016.08.18-11.16.18:079][  0]SourceControl: Info Source control is disabled
[2016.08.18-11.16.18:088][  0]SourceControl: Info Source control is disabled
[2016.08.18-11.16.18:096][  0]SourceControl: Info Source control is disabled
[2016.08.18-11.16.18:343][  0]LogEngine: Initializing Engine...
[2016.08.18-11.16.18:345][  0]LogHMD: SteamVR failed to initialize.  Err: 102
[2016.08.18-11.16.18:346][  0]LogHMD: SteamVR failed to initialize.  Err: 102
[2016.08.18-11.16.18:586][  0]LogAIModule: Creating AISystem for world NewWorld
[2016.08.18-11.16.18:589][  0]LogInit: No audio devices found!
[2016.08.18-11.16.18:625][  0]LogDerivedDataCache: Saved boot cache 0.04s 48MB C:/Users/SUPERBIEN/AppData/Local/UnrealEngine/4.12/DerivedDataCache/Boot.ddc.
[2016.08.18-11.16.18:638][  0]LogInit: Texture streaming: Enabled
[2016.08.18-11.16.18:670][  0]LogInit: Transaction tracking system initialized
[2016.08.18-11.16.18:701][  0]BlueprintLog: New page: Editor Load
[2016.08.18-11.16.18:791][  0]LocalizationService: Info Localization service is disabled
[2016.08.18-11.16.19:299][  0]LogConsoleResponse:Display: 
[2016.08.18-11.16.19:444][  0]LogCook:Display: Max memory allowance for cook 8192mb
[2016.08.18-11.16.19:444][  0]LogCook:Display: Mobile HDR setting 1
[2016.08.18-11.16.19:553][  0]LogFileCache: Scanning file cache for directory 'D:/CELIA/WORK/GitHub_Showroom/Content/' took 0.02s
[2016.08.18-11.16.19:553][  0]SourceControl: Info Source control is disabled
[2016.08.18-11.16.19:553][  0]Cmd: MAP LOAD FILE="../../../Engine/Content/Maps/Templates/Template_Default.umap" TEMPLATE=1 SHOWPROGRESS=1 FEATURELEVEL=3
[2016.08.18-11.16.19:554][  0]LightingResults: New page: Lighting Build
[2016.08.18-11.16.19:557][  0]MapCheck: New page: Map Check
[2016.08.18-11.16.19:557][  0]LightingResults: New page: Lighting Build
[2016.08.18-11.16.19:973][  0]LogAIModule: Creating AISystem for world Untitled_1
[2016.08.18-11.16.19:980][  0]LogEditorServer: Finished looking for orphan Actors (0.000 secs)
[2016.08.18-11.16.19:987][  0]Cmd: MAP CHECKDEP NOCLEARLOG
[2016.08.18-11.16.20:043][  0]MapCheck: Info Map check complete: 0 Error(s), 0 Warning(s), took 55.285ms to complete.
[2016.08.18-11.16.20:043][  0]LogFileHelpers: Loading map 'Template_Default' took 0.490
[2016.08.18-11.16.20:201][  0]LogCollectionManager: Loaded 0 collections in 0.001658 seconds
[2016.08.18-11.16.20:242][  0]LogFileCache: Scanning file cache for directory 'D:/CELIA/WORK/GitHub_Showroom/Saved/Collections/' took 0.01s
[2016.08.18-11.16.20:242][  0]LogFileCache: Scanning file cache for directory 'D:/CELIA/WORK/GitHub_Showroom/Content/Developers/SUPERBIEN/Collections/' took 0.01s
[2016.08.18-11.16.20:242][  0]LogFileCache: Scanning file cache for directory 'D:/CELIA/WORK/GitHub_Showroom/Content/Collections/' took 0.01s
[2016.08.18-11.16.20:242][  0]LogCollectionManager: Rebuilt the GUID cache for 0 collections in 0.000003 seconds
[2016.08.18-11.16.20:256][  0]LogContentBrowser: Native class hierarchy populated in 0.0137 seconds. Added 2062 classes and 375 folders.
[2016.08.18-11.16.20:261][  0]LogStats: UGameplayTagsManager::ConstructGameplayTagTree: Construct from data asset -  0.000 s
[2016.08.18-11.16.20:261][  0]LogStats: UGameplayTagsManager::ConstructGameplayTagTree: GameplayTagTreeChangedEvent.Broadcast -  0.000 s
[2016.08.18-11.16.20:261][  0]LogContentBrowser: Native class hierarchy updated for 'GameplayTags' in 0.0006 seconds. Added 12 classes and 0 folders.
[2016.08.18-11.16.20:266][  0]LogContentBrowser: Native class hierarchy updated for 'WidgetCarousel' in 0.0004 seconds. Added 0 classes and 0 folders.
[2016.08.18-11.16.20:327][  0]LogContentBrowser: Native class hierarchy updated for 'AddContentDialog' in 0.0007 seconds. Added 0 classes and 0 folders.
[2016.08.18-11.16.20:332][  0]LogContentBrowser: Native class hierarchy updated for 'SceneOutliner' in 0.0005 seconds. Added 1 classes and 2 folders.
[2016.08.18-11.16.20:405][  0]LogCrashTracker: Crashtracker disabled due to settings.
[2016.08.18-11.16.20:412][  0]LogUObjectGlobals:Warning: Failed to find object 'Class None.'
[2016.08.18-11.16.20:439][  0]LogContentBrowser: Native class hierarchy updated for 'HierarchicalLODOutliner' in 0.0007 seconds. Added 1 classes and 2 folders.
[2016.08.18-11.16.20:439][  0]LogLoad: Full Startup: 8.34 seconds (BP compile: 0.05 seconds)
[2016.08.18-11.16.20:439][  0]LogExternalProfiler: Found external profiler: VSPerf
[2016.08.18-11.16.20:439][  0]LogExternalProfiler: Using external profiler: VSPerf
[2016.08.18-11.16.20:452][  0]LogOcInput: OculusInput pre-init called
[2016.08.18-11.16.20:475][  0]LogContentStreaming: Texture pool size now 700 MB
[2016.08.18-11.16.20:686][  0]LogRenderer: Reallocating scene render targets to support 1196x724 (Frame:2).
[2016.08.18-11.16.20:904][  3]LogAssetRegistry: Asset discovery search completed in 4.3989 seconds
[2016.08.18-11.16.20:904][  3]LogCollectionManager: Rebuilt the object cache for 0 collections in 0.000001 seconds (found 0 objects)
[2016.08.18-11.16.20:904][  3]LogCollectionManager: Fixed up redirectors for 0 collections in 0.000078 seconds (updated 0 objects)
[2016.08.18-11.18.35:641][887]LogFactory: FactoryCreateFile: StaticMesh with FbxFactory (0 0 C:\Users\SUPERBIEN\Desktop\Test_rush_Geom_showreel2.FBX)
[2016.08.18-11.18.35:663][887]LogFbx: ItemName: GlobalSettings, ItemCount : 1
[2016.08.18-11.18.35:663][887]LogFbx: ItemName: AnimationStack, ItemCount : 1
[2016.08.18-11.18.35:663][887]LogFbx: ItemName: AnimationLayer, ItemCount : 1
[2016.08.18-11.18.35:663][887]LogFbx: ItemName: Model, ItemCount : 7
[2016.08.18-11.18.35:663][887]LogFbx: ItemName: Geometry, ItemCount : 7
[2016.08.18-11.18.35:679][887]LogFbx: Loading FBX Scene from C:\Users\SUPERBIEN\Desktop\Test_rush_Geom_showreel2.FBX
[2016.08.18-11.18.35:699][887]LogFbx: FBX Scene Loaded Succesfully
[2016.08.18-11.18.54:289][887]LogFbx: Loading FBX Scene from C:\Users\SUPERBIEN\Desktop\Test_rush_Geom_showreel2.FBX
[2016.08.18-11.18.54:306][887]LogFbx: FBX Scene Loaded Succesfully
[2016.08.18-11.18.54:311][887]LogFbx:Warning: Triangulating static mesh Plane001
[2016.08.18-11.18.54:321][887]LogStaticMesh: Building static mesh Test_rush_Geom_showreel2_Plane001...
[2016.08.18-11.18.54:327][887]LogStaticMesh: Built static mesh [0.01s] /Game/FBX/GeomV2/Test_rush_Geom_showreel2_Plane001.Test_rush_Geom_showreel2_Plane001
[2016.08.18-11.18.54:329][887]LogFbx:Warning: Triangulating static mesh Box001
[2016.08.18-11.18.54:333][887]LogStaticMesh: Building static mesh Test_rush_Geom_showreel2_Box001...
[2016.08.18-11.18.54:341][887]LogStaticMesh: Built static mesh [0.01s] /Game/FBX/GeomV2/Test_rush_Geom_showreel2_Box001.Test_rush_Geom_showreel2_Box001
[2016.08.18-11.18.54:346][887]LogFbx:Warning: Triangulating static mesh Plane002
[2016.08.18-11.18.54:350][887]LogStaticMesh: Building static mesh Test_rush_Geom_showreel2_Plane002...
[2016.08.18-11.18.54:353][887]LogStaticMesh: Built static mesh [0.00s] /Game/FBX/GeomV2/Test_rush_Geom_showreel2_Plane002.Test_rush_Geom_showreel2_Plane002
[2016.08.18-11.18.54:358][887]LogFbx:Warning: Triangulating static mesh Box003
[2016.08.18-11.18.54:366][887]LogStaticMesh: Building static mesh Test_rush_Geom_showreel2_Box003...
[2016.08.18-11.18.54:375][887]LogStaticMesh: Built static mesh [0.01s] /Game/FBX/GeomV2/Test_rush_Geom_showreel2_Box003.Test_rush_Geom_showreel2_Box003
[2016.08.18-11.18.54:379][887]LogFbx:Warning: Triangulating static mesh Plane003
[2016.08.18-11.18.54:382][887]LogStaticMesh: Building static mesh Test_rush_Geom_showreel2_Plane003...
[2016.08.18-11.18.54:384][887]LogStaticMesh: Built static mesh [0.00s] /Game/FBX/GeomV2/Test_rush_Geom_showreel2_Plane003.Test_rush_Geom_showreel2_Plane003
[2016.08.18-11.18.54:388][887]LogFbx:Warning: Triangulating static mesh Plane004
[2016.08.18-11.18.54:392][887]LogStaticMesh: Building static mesh Test_rush_Geom_showreel2_Plane004...
[2016.08.18-11.18.54:394][887]LogStaticMesh: Built static mesh [0.00s] /Game/FBX/GeomV2/Test_rush_Geom_showreel2_Plane004.Test_rush_Geom_showreel2_Plane004
[2016.08.18-11.18.54:398][887]LogFbx:Warning: Triangulating static mesh Box004
[2016.08.18-11.18.54:402][887]LogStaticMesh: Building static mesh Test_rush_Geom_showreel2_Box004...
[2016.08.18-11.18.54:411][887]LogStaticMesh: Built static mesh [0.01s] /Game/FBX/GeomV2/Test_rush_Geom_showreel2_Box004.Test_rush_Geom_showreel2_Box004
[2016.08.18-11.18.54:418][887]FBXImport:Warning: Warning Warning: The imported mesh is very small. This is most likely an issue with the units used when exporting to FBX. 
[2016.08.18-11.18.54:418][887]FBXImport:Warning: Warning Warning: The imported mesh is very small. This is most likely an issue with the units used when exporting to FBX. 
[2016.08.18-11.19.02:334][509]LogActorFactory: Actor Factory created Test_rush_Geom_showreel2_Plane004
[2016.08.18-11.19.02:336][509]LogActorFactory: Actor Factory created Test_rush_Geom_showreel2_Box001
[2016.08.18-11.19.02:339][509]LogActorFactory: Actor Factory created Test_rush_Geom_showreel2_Box003
[2016.08.18-11.19.02:341][509]LogActorFactory: Actor Factory created Test_rush_Geom_showreel2_Box004
[2016.08.18-11.19.02:344][509]LogActorFactory: Actor Factory created Test_rush_Geom_showreel2_Plane001
[2016.08.18-11.19.02:345][509]LogActorFactory: Actor Factory created Test_rush_Geom_showreel2_Plane002
[2016.08.18-11.19.02:349][509]LogActorFactory: Actor Factory created Test_rush_Geom_showreel2_Plane003
[2016.08.18-11.19.03:998][696]LogActorFactory: Actor Factory created Test_rush_Geom_showreel2_Plane004
[2016.08.18-11.19.04:035][696]LogActorFactory: Actor Factory created Test_rush_Geom_showreel2_Box001
[2016.08.18-11.19.04:066][696]LogActorFactory: Actor Factory created Test_rush_Geom_showreel2_Box003
[2016.08.18-11.19.04:104][696]LogActorFactory: Actor Factory created Test_rush_Geom_showreel2_Box004
[2016.08.18-11.19.04:141][696]LogActorFactory: Actor Factory created Test_rush_Geom_showreel2_Plane001
[2016.08.18-11.19.04:178][696]LogActorFactory: Actor Factory created Test_rush_Geom_showreel2_Plane002
[2016.08.18-11.19.04:213][696]LogActorFactory: Actor Factory created Test_rush_Geom_showreel2_Plane003
[2016.08.18-11.19.05:127][755]LogEditorViewport: Clicking on Actor (LMB): StaticMeshActor (Test_rush_Geom_showreel2_Plane001)
[2016.08.18-11.19.06:231][870]Cmd: DELETE
[2016.08.18-11.19.06:231][870]Cmd: ACTOR DELETE
[2016.08.18-11.19.06:232][870]LogEditorActor: Deleted Actor: StaticMeshActor
[2016.08.18-11.19.06:256][870]LogEditorActor: Deleted 1 Actors (0.025 secs)
[2016.08.18-11.19.19:607][ 79]LogLinker:Error: CurveVector_1 has an inappropriate outermost, it was probably saved with a deprecated outer (file: D:/CELIA/WORK/GitHub_Showroom/Content/VR_Pawn.uasset)
[2016.08.18-11.19.19:610][ 79]LogLinker:Error: CurveVector_1 has an inappropriate outermost, it was probably saved with a deprecated outer (file: D:/CELIA/WORK/GitHub_Showroom/Content/VR_Pawn.uasset)
[2016.08.18-11.19.19:610][ 79]LogLinker:Error: CurveVector_1 has an inappropriate outermost, it was probably saved with a deprecated outer (file: D:/CELIA/WORK/GitHub_Showroom/Content/VR_Pawn.uasset)
[2016.08.18-11.19.19:624][ 79]LogBlueprint:Warning: Timeline Timeline_0 Track NewTrack_0 in /Engine/Transient.REINST_VR_Pawn_C_37 has an invalid curve.  Please fix!
[2016.08.18-11.19.19:632][ 79]LogBlueprint:Warning: Timeline Timeline_0 Track NewTrack_0 in /Engine/Transient.REINST_VR_Pawn_C_39 has an invalid curve.  Please fix!
[2016.08.18-11.19.19:759][ 79]LogAIModule: Creating AISystem for world ShowroomV2
[2016.08.18-11.19.27:162][ 79]Cmd: OBJ SAVEPACKAGE PACKAGE="/Game/FBX/GeomV2/Test_rush_Geom_showreel2_Box001" FILE="D:/CELIA/WORK/GitHub_Showroom/Content/FBX/GeomV2/Test_rush_Geom_showreel2_Box001.uasset" SILENT=true
[2016.08.18-11.19.27:182][ 79]LogSavePackage: Save=18.45ms
[2016.08.18-11.19.27:182][ 79]LogSavePackage: Moving 'D:/CELIA/WORK/GitHub_Showroom/Saved/Test_rush_Geom_showreel2_Box001FA727BA94A174E4E7C3F74803E6C113B.tmp' to 'D:/CELIA/WORK/GitHub_Showroom/Content/FBX/GeomV2/Test_rush_Geom_showreel2_Box001.uasset'
[2016.08.18-11.19.27:183][ 79]LogSavePackage:Display: Finished SavePackage D:/CELIA/WORK/GitHub_Showroom/Content/FBX/GeomV2/Test_rush_Geom_showreel2_Box001.uasset
[2016.08.18-11.19.27:212][ 79]Cmd: OBJ SAVEPACKAGE PACKAGE="/Game/FBX/GeomV2/Test_rush_Geom_showreel2_Box003" FILE="D:/CELIA/WORK/GitHub_Showroom/Content/FBX/GeomV2/Test_rush_Geom_showreel2_Box003.uasset" SILENT=true
[2016.08.18-11.19.27:226][ 79]LogSavePackage: Save=12.71ms
[2016.08.18-11.19.27:226][ 79]LogSavePackage: Moving 'D:/CELIA/WORK/GitHub_Showroom/Saved/Test_rush_Geom_showreel2_Box003B9D8F389409FE0C976AEA989D162076C.tmp' to 'D:/CELIA/WORK/GitHub_Showroom/Content/FBX/GeomV2/Test_rush_Geom_showreel2_Box003.uasset'
[2016.08.18-11.19.27:226][ 79]LogSavePackage:Display: Finished SavePackage D:/CELIA/WORK/GitHub_Showroom/Content/FBX/GeomV2/Test_rush_Geom_showreel2_Box003.uasset
[2016.08.18-11.19.27:250][ 79]Cmd: OBJ SAVEPACKAGE PACKAGE="/Game/FBX/GeomV2/Test_rush_Geom_showreel2_Box004" FILE="D:/CELIA/WORK/GitHub_Showroom/Content/FBX/GeomV2/Test_rush_Geom_showreel2_Box004.uasset" SILENT=true
[2016.08.18-11.19.27:265][ 79]LogSavePackage: Save=12.82ms
[2016.08.18-11.19.27:265][ 79]LogSavePackage: Moving 'D:/CELIA/WORK/GitHub_Showroom/Saved/Test_rush_Geom_showreel2_Box004D6B9EE2A4DA8B43A54250BB1418EE9E6.tmp' to 'D:/CELIA/WORK/GitHub_Showroom/Content/FBX/GeomV2/Test_rush_Geom_showreel2_Box004.uasset'
[2016.08.18-11.19.27:265][ 79]LogSavePackage:Display: Finished SavePackage D:/CELIA/WORK/GitHub_Showroom/Content/FBX/GeomV2/Test_rush_Geom_showreel2_Box004.uasset
[2016.08.18-11.19.27:290][ 79]Cmd: OBJ SAVEPACKAGE PACKAGE="/Game/FBX/GeomV2/Test_rush_Geom_showreel2_Plane001" FILE="D:/CELIA/WORK/GitHub_Showroom/Content/FBX/GeomV2/Test_rush_Geom_showreel2_Plane001.uasset" SILENT=true
[2016.08.18-11.19.27:304][ 79]LogSavePackage: Save=12.91ms
[2016.08.18-11.19.27:304][ 79]LogSavePackage: Moving 'D:/CELIA/WORK/GitHub_Showroom/Saved/Test_rush_Geom_showreel2_Plane001EEC50EAE4DCED551D6D2EA91703D4EBA.tmp' to 'D:/CELIA/WORK/GitHub_Showroom/Content/FBX/GeomV2/Test_rush_Geom_showreel2_Plane001.uasset'
[2016.08.18-11.19.27:305][ 79]LogSavePackage:Display: Finished SavePackage D:/CELIA/WORK/GitHub_Showroom/Content/FBX/GeomV2/Test_rush_Geom_showreel2_Plane001.uasset
[2016.08.18-11.19.27:333][ 79]Cmd: OBJ SAVEPACKAGE PACKAGE="/Game/FBX/GeomV2/Test_rush_Geom_showreel2_Plane002" FILE="D:/CELIA/WORK/GitHub_Showroom/Content/FBX/GeomV2/Test_rush_Geom_showreel2_Plane002.uasset" SILENT=true
[2016.08.18-11.19.27:354][ 79]LogSavePackage: Save=12.86ms
[2016.08.18-11.19.27:354][ 79]LogSavePackage: Moving 'D:/CELIA/WORK/GitHub_Showroom/Saved/Test_rush_Geom_showreel2_Plane002D20600754263457A8D17968F8238B78B.tmp' to 'D:/CELIA/WORK/GitHub_Showroom/Content/FBX/GeomV2/Test_rush_Geom_showreel2_Plane002.uasset'
[2016.08.18-11.19.27:355][ 79]LogSavePackage:Display: Finished SavePackage D:/CELIA/WORK/GitHub_Showroom/Content/FBX/GeomV2/Test_rush_Geom_showreel2_Plane002.uasset
[2016.08.18-11.19.27:377][ 79]Cmd: OBJ SAVEPACKAGE PACKAGE="/Game/FBX/GeomV2/Test_rush_Geom_showreel2_Plane003" FILE="D:/CELIA/WORK/GitHub_Showroom/Content/FBX/GeomV2/Test_rush_Geom_showreel2_Plane003.uasset" SILENT=true
[2016.08.18-11.19.27:391][ 79]LogSavePackage: Save=13.46ms
[2016.08.18-11.19.27:391][ 79]LogSavePackage: Moving 'D:/CELIA/WORK/GitHub_Showroom/Saved/Test_rush_Geom_showreel2_Plane00364467B1F457441DE83651FBF03E10C03.tmp' to 'D:/CELIA/WORK/GitHub_Showroom/Content/FBX/GeomV2/Test_rush_Geom_showreel2_Plane003.uasset'
[2016.08.18-11.19.27:392][ 79]LogSavePackage:Display: Finished SavePackage D:/CELIA/WORK/GitHub_Showroom/Content/FBX/GeomV2/Test_rush_Geom_showreel2_Plane003.uasset
[2016.08.18-11.19.27:415][ 79]Cmd: OBJ SAVEPACKAGE PACKAGE="/Game/FBX/GeomV2/Test_rush_Geom_showreel2_Plane004" FILE="D:/CELIA/WORK/GitHub_Showroom/Content/FBX/GeomV2/Test_rush_Geom_showreel2_Plane004.uasset" SILENT=true
[2016.08.18-11.19.27:428][ 79]LogSavePackage: Save=12.14ms
[2016.08.18-11.19.27:428][ 79]LogSavePackage: Moving 'D:/CELIA/WORK/GitHub_Showroom/Saved/Test_rush_Geom_showreel2_Plane004903F43A24EF1D38A9CC3FCB2BDDAF6FF.tmp' to 'D:/CELIA/WORK/GitHub_Showroom/Content/FBX/GeomV2/Test_rush_Geom_showreel2_Plane004.uasset'
[2016.08.18-11.19.27:429][ 79]LogSavePackage:Display: Finished SavePackage D:/CELIA/WORK/GitHub_Showroom/Content/FBX/GeomV2/Test_rush_Geom_showreel2_Plane004.uasset
[2016.08.18-11.19.32:532][140]Cmd: MAP LOAD FILE="D:/CELIA/WORK/GitHub_Showroom/Content/Map/ShowroomV2.umap" TEMPLATE=0 SHOWPROGRESS=1 FEATURELEVEL=3
[2016.08.18-11.19.32:534][140]LightingResults: New page: Lighting Build
[2016.08.18-11.19.32:535][140]LoadErrors: New page: Loading map: ShowroomV2.umap
[2016.08.18-11.19.32:536][140]MapCheck: New page: Map Check
[2016.08.18-11.19.32:536][140]LightingResults: New page: Lighting Build
[2016.08.18-11.19.32:625][140]LogEditorServer: Finished looking for orphan Actors (0.000 secs)
[2016.08.18-11.19.32:655][140]Cmd: MAP CHECKDEP NOCLEARLOG
[2016.08.18-11.19.32:717][140]MapCheck: Info Map check complete: 0 Error(s), 0 Warning(s), took 61.556ms to complete.
[2016.08.18-11.19.32:725][140]LogFileHelpers: Loading map 'ShowroomV2' took 0.194
[2016.08.18-11.19.40:820][678]LogActorFactory: Actor Factory created Test_rush_Geom_showreel2_Box001
[2016.08.18-11.19.40:821][678]LogActorFactory: Actor Factory created Test_rush_Geom_showreel2_Box003
[2016.08.18-11.19.40:822][678]LogActorFactory: Actor Factory created Test_rush_Geom_showreel2_Box004
[2016.08.18-11.19.40:823][678]LogActorFactory: Actor Factory created Test_rush_Geom_showreel2_Plane001
[2016.08.18-11.19.40:824][678]LogActorFactory: Actor Factory created Test_rush_Geom_showreel2_Plane002
[2016.08.18-11.19.40:825][678]LogActorFactory: Actor Factory created Test_rush_Geom_showreel2_Plane003
[2016.08.18-11.19.40:825][678]LogActorFactory: Actor Factory created Test_rush_Geom_showreel2_Plane004
[2016.08.18-11.19.42:541][860]LogActorFactory: Actor Factory created Test_rush_Geom_showreel2_Box001
[2016.08.18-11.19.42:568][860]LogActorFactory: Actor Factory created Test_rush_Geom_showreel2_Box003
[2016.08.18-11.19.42:594][860]LogActorFactory: Actor Factory created Test_rush_Geom_showreel2_Box004
[2016.08.18-11.19.42:624][860]LogActorFactory: Actor Factory created Test_rush_Geom_showreel2_Plane001
[2016.08.18-11.19.42:655][860]LogActorFactory: Actor Factory created Test_rush_Geom_showreel2_Plane002
[2016.08.18-11.19.42:687][860]LogActorFactory: Actor Factory created Test_rush_Geom_showreel2_Plane003
[2016.08.18-11.19.42:721][860]LogActorFactory: Actor Factory created Test_rush_Geom_showreel2_Plane004
[2016.08.18-11.20.48:755][399]LogEditorActor: Deleted Actor: Cylinder_Blueprint_C
[2016.08.18-11.20.48:794][399]LogEditorActor: Deleted 1 Actors (0.040 secs)
[2016.08.18-11.20.49:972][540]Cmd: TRANSACTION UNDO
[2016.08.18-11.20.49:972][540]LogEditorTransaction: Undo Delete selection
[2016.08.18-11.21.05:072][468]LogEditorViewport: Clicking on Actor (LMB): StaticMeshActor (Test_rush_Geom_showreel2_Plane001)
[2016.08.18-11.21.09:599][925]Cmd: DELETE
[2016.08.18-11.21.09:599][925]Cmd: ACTOR DELETE
[2016.08.18-11.21.09:600][925]LogEditorActor: Deleted Actor: StaticMeshActor
[2016.08.18-11.21.09:614][925]LogEditorActor: Deleted 1 Actors (0.015 secs)
[2016.08.18-11.21.27:330][445]Cmd: OBJ SAVEPACKAGE PACKAGE="/Game/Material/White_Mat" FILE="D:/CELIA/WORK/GitHub_Showroom/Content/Material/White_Mat.uasset" SILENT=true
[2016.08.18-11.21.27:346][445]LogSavePackage: Save=14.50ms
[2016.08.18-11.21.27:346][445]LogSavePackage: Moving 'D:/CELIA/WORK/GitHub_Showroom/Saved/White_Mat92FF29844C51596E6D915F83E3B06B5D.tmp' to 'D:/CELIA/WORK/GitHub_Showroom/Content/Material/White_Mat.uasset'
[2016.08.18-11.21.27:347][445]LogSavePackage:Display: Finished SavePackage D:/CELIA/WORK/GitHub_Showroom/Content/Material/White_Mat.uasset
[2016.08.18-11.21.27:350][445]Cmd: OBJ SAVEPACKAGE PACKAGE="/Game/Material/Ceramic_2" FILE="D:/CELIA/WORK/GitHub_Showroom/Content/Material/Ceramic_2.uasset" SILENT=true
[2016.08.18-11.21.27:356][445]LogSavePackage: Save=1.14ms
[2016.08.18-11.21.27:356][445]LogSavePackage: Moving 'D:/CELIA/WORK/GitHub_Showroom/Saved/Ceramic_269FBDE73424580292F38458177690AA9.tmp' to 'D:/CELIA/WORK/GitHub_Showroom/Content/Material/Ceramic_2.uasset'
[2016.08.18-11.21.27:357][445]LogSavePackage:Display: Finished SavePackage D:/CELIA/WORK/GitHub_Showroom/Content/Material/Ceramic_2.uasset
[2016.08.18-11.21.28:989][547]LogMaterial: Missing cached shader map for material White_Mat, compiling. 
[2016.08.18-11.21.29:127][547]LogMaterial: Missing cached shader map for material White_Mat, compiling. 
[2016.08.18-11.21.29:141][547]LogMaterial: 0.00 seconds spent updating 1 materials, 1 interfaces, 0 instances, 0 with static permutations.
[2016.08.18-11.21.29:164][547]LogMaterial: Missing cached shader map for material FMatExpressionPreview MaterialExpressionVectorParameter_0, compiling. 
[2016.08.18-11.21.30:376][590]MaterialEditorStats: Info Base pass shader with static lighting: 58 instructions
[2016.08.18-11.21.30:376][590]MaterialEditorStats: Info Base pass shader with only dynamic lighting: 29 instructions
[2016.08.18-11.21.30:376][590]MaterialEditorStats: Info Vertex shader: 29 instructions
[2016.08.18-11.21.30:377][590]MaterialEditorStats: Info Texture samplers: 2/16
[2016.08.18-11.21.37:167][964]LogMaterial: Missing cached shader map for material White_Mat, compiling. 
[2016.08.18-11.21.37:181][964]LogMaterial: 0.00 seconds spent updating 1 materials, 1 interfaces, 0 instances, 0 with static permutations.
[2016.08.18-11.21.37:205][964]LogMaterial: Missing cached shader map for material FMatExpressionPreview MaterialExpressionVectorParameter_0, compiling. 
[2016.08.18-11.21.37:911][990]MaterialEditorStats: Info Base pass shader with static lighting: 58 instructions
[2016.08.18-11.21.37:911][990]MaterialEditorStats: Info Base pass shader with only dynamic lighting: 29 instructions
[2016.08.18-11.21.37:911][990]MaterialEditorStats: Info Vertex shader: 29 instructions
[2016.08.18-11.21.37:911][990]MaterialEditorStats: Info Texture samplers: 2/16
[2016.08.18-11.21.39:243][ 57]LogMaterialEditor: Applying material White_Mat
[2016.08.18-11.21.39:918][ 57]LogMaterial: Missing cached shader map for material White_Mat, compiling. 
[2016.08.18-11.21.39:951][ 57]LogMaterial: 0.00 seconds spent updating 1 materials, 1 interfaces, 0 instances, 0 with static permutations.
[2016.08.18-11.21.39:979][ 57]LogMaterial: Missing cached shader map for material White_Mat, compiling. 
[2016.08.18-11.21.40:032][ 57]LogMaterial: Missing cached shader map for material White_Mat, compiling. 
[2016.08.18-11.21.40:060][ 57]LogMaterial: 0.00 seconds spent updating 1 materials, 1 interfaces, 0 instances, 0 with static permutations.
[2016.08.18-11.21.45:351][335]LogEditorViewport: Clicking on Actor (LMB): StaticMeshActor (Test_rush_Geom_showreel2_Box003)
[2016.08.18-11.21.46:114][398]LogEditorViewport: Clicking on Actor (CTRL LMB): StaticMeshActor (Test_rush_Geom_showreel2_Plane003)
[2016.08.18-11.21.47:471][506]LogEditorViewport: Clicking on Actor (CTRL LMB): StaticMeshActor (Test_rush_Geom_showreel2_Plane004)
[2016.08.18-11.21.48:647][596]LogEditorViewport: Clicking on Actor (CTRL LMB): StaticMeshActor (Test_rush_Geom_showreel2_Box001)
[2016.08.18-11.21.49:177][633]LogEditorViewport: Clicking on Actor (CTRL LMB): StaticMeshActor (Test_rush_Geom_showreel2_Box004)
[2016.08.18-11.22.34:650][ 38]LogEditorViewport: Clicking Background
[2016.08.18-11.22.40:855][731]LogEditorViewport: Clicking on Actor (LMB): StaticMeshActor (Test_rush_Geom_showreel2_Box003)
[2016.08.18-11.22.41:052][740]LogEditorViewport: Clicking on Actor (context menu): StaticMeshActor (Test_rush_Geom_showreel2_Box003)
[2016.08.18-11.22.43:684][868]LogRenderer: Reallocating scene render targets to support 1272x724 (Frame:35579).
[2016.08.18-11.22.56:957][569]Cmd: OBJ SAVEPACKAGE PACKAGE="/Game/FBX/GeomV2/Test_rush_Geom_showreel2_Box003" FILE="D:/CELIA/WORK/GitHub_Showroom/Content/FBX/GeomV2/Test_rush_Geom_showreel2_Box003.uasset" SILENT=true
[2016.08.18-11.22.56:973][569]LogSavePackage: Save=12.13ms
[2016.08.18-11.22.56:973][569]LogSavePackage: Moving 'D:/CELIA/WORK/GitHub_Showroom/Saved/Test_rush_Geom_showreel2_Box0037B40F8EC4CBE59D38221D6A5B12E1B2E.tmp' to 'D:/CELIA/WORK/GitHub_Showroom/Content/FBX/GeomV2/Test_rush_Geom_showreel2_Box003.uasset'
[2016.08.18-11.22.56:974][569]LogSavePackage:Display: Finished SavePackage D:/CELIA/WORK/GitHub_Showroom/Content/FBX/GeomV2/Test_rush_Geom_showreel2_Box003.uasset
[2016.08.18-11.22.59:723][737]LogEditorViewport: Clicking on Actor (LMB): StaticMeshActor (Test_rush_Geom_showreel2_Plane003)
[2016.08.18-11.23.13:132][494]Cmd: OBJ SAVEPACKAGE PACKAGE="/Game/FBX/GeomV2/Test_rush_Geom_showreel2_Plane003" FILE="D:/CELIA/WORK/GitHub_Showroom/Content/FBX/GeomV2/Test_rush_Geom_showreel2_Plane003.uasset" SILENT=true
[2016.08.18-11.23.13:149][494]LogSavePackage: Save=12.73ms
[2016.08.18-11.23.13:149][494]LogSavePackage: Moving 'D:/CELIA/WORK/GitHub_Showroom/Saved/Test_rush_Geom_showreel2_Plane0039258449D4D4644B1178C8CBEFB67396B.tmp' to 'D:/CELIA/WORK/GitHub_Showroom/Content/FBX/GeomV2/Test_rush_Geom_showreel2_Plane003.uasset'
[2016.08.18-11.23.13:150][494]LogSavePackage:Display: Finished SavePackage D:/CELIA/WORK/GitHub_Showroom/Content/FBX/GeomV2/Test_rush_Geom_showreel2_Plane003.uasset
[2016.08.18-11.23.21:320][945]LogEditorViewport: Clicking on Actor (LMB): StaticMeshActor (Test_rush_Geom_showreel2_Box003)
[2016.08.18-11.23.27:096][294]LogEditorViewport: Clicking on Actor (LMB): StaticMeshActor (Test_rush_Geom_showreel2_Box001)
[2016.08.18-11.23.34:313][673]Cmd: OBJ SAVEPACKAGE PACKAGE="/Game/FBX/GeomV2/Test_rush_Geom_showreel2_Box001" FILE="D:/CELIA/WORK/GitHub_Showroom/Content/FBX/GeomV2/Test_rush_Geom_showreel2_Box001.uasset" SILENT=true
[2016.08.18-11.23.34:330][673]LogSavePackage: Save=12.88ms
[2016.08.18-11.23.34:331][673]LogSavePackage: Moving 'D:/CELIA/WORK/GitHub_Showroom/Saved/Test_rush_Geom_showreel2_Box001AE4DF56949A9A58B41A07CA45437502B.tmp' to 'D:/CELIA/WORK/GitHub_Showroom/Content/FBX/GeomV2/Test_rush_Geom_showreel2_Box001.uasset'
[2016.08.18-11.23.34:331][673]LogSavePackage:Display: Finished SavePackage D:/CELIA/WORK/GitHub_Showroom/Content/FBX/GeomV2/Test_rush_Geom_showreel2_Box001.uasset
[2016.08.18-11.23.36:230][816]LogEditorViewport: Clicking on Actor (LMB): StaticMeshActor (Test_rush_Geom_showreel2_Plane002)
[2016.08.18-11.23.47:363][443]Cmd: OBJ SAVEPACKAGE PACKAGE="/Game/FBX/GeomV2/Test_rush_Geom_showreel2_Plane002" FILE="D:/CELIA/WORK/GitHub_Showroom/Content/FBX/GeomV2/Test_rush_Geom_showreel2_Plane002.uasset" SILENT=true
[2016.08.18-11.23.47:380][443]LogSavePackage: Save=12.13ms
[2016.08.18-11.23.47:381][443]LogSavePackage: Moving 'D:/CELIA/WORK/GitHub_Showroom/Saved/Test_rush_Geom_showreel2_Plane00279BB41C84D89FE9B8B8A7792653561B5.tmp' to 'D:/CELIA/WORK/GitHub_Showroom/Content/FBX/GeomV2/Test_rush_Geom_showreel2_Plane002.uasset'
[2016.08.18-11.23.47:381][443]LogSavePackage:Display: Finished SavePackage D:/CELIA/WORK/GitHub_Showroom/Content/FBX/GeomV2/Test_rush_Geom_showreel2_Plane002.uasset
[2016.08.18-11.23.49:435][587]LogEditorViewport: Clicking on Actor (LMB): StaticMeshActor (Test_rush_Geom_showreel2_Plane004)
[2016.08.18-11.23.55:357][907]Cmd: OBJ SAVEPACKAGE PACKAGE="/Game/FBX/GeomV2/Test_rush_Geom_showreel2_Plane004" FILE="D:/CELIA/WORK/GitHub_Showroom/Content/FBX/GeomV2/Test_rush_Geom_showreel2_Plane004.uasset" SILENT=true
[2016.08.18-11.23.55:373][907]LogSavePackage: Save=11.81ms
[2016.08.18-11.23.55:373][907]LogSavePackage: Moving 'D:/CELIA/WORK/GitHub_Showroom/Saved/Test_rush_Geom_showreel2_Plane004E4083E204C40110C3250E1A421A01AE5.tmp' to 'D:/CELIA/WORK/GitHub_Showroom/Content/FBX/GeomV2/Test_rush_Geom_showreel2_Plane004.uasset'
[2016.08.18-11.23.55:374][907]LogSavePackage:Display: Finished SavePackage D:/CELIA/WORK/GitHub_Showroom/Content/FBX/GeomV2/Test_rush_Geom_showreel2_Plane004.uasset
[2016.08.18-11.23.57:411][ 55]LogEditorViewport: Clicking on Actor (LMB): StaticMeshActor (Test_rush_Geom_showreel2_Box004)
[2016.08.18-11.24.06:385][579]Cmd: OBJ SAVEPACKAGE PACKAGE="/Game/FBX/GeomV2/Test_rush_Geom_showreel2_Box004" FILE="D:/CELIA/WORK/GitHub_Showroom/Content/FBX/GeomV2/Test_rush_Geom_showreel2_Box004.uasset" SILENT=true
[2016.08.18-11.24.06:402][579]LogSavePackage: Save=12.38ms
[2016.08.18-11.24.06:402][579]LogSavePackage: Moving 'D:/CELIA/WORK/GitHub_Showroom/Saved/Test_rush_Geom_showreel2_Box004A21507AD40A267A09D9FE294B8D6C942.tmp' to 'D:/CELIA/WORK/GitHub_Showroom/Content/FBX/GeomV2/Test_rush_Geom_showreel2_Box004.uasset'
[2016.08.18-11.24.06:403][579]LogSavePackage:Display: Finished SavePackage D:/CELIA/WORK/GitHub_Showroom/Content/FBX/GeomV2/Test_rush_Geom_showreel2_Box004.uasset
[2016.08.18-11.25.04:693][667]Cmd: TRANSACTION UNDO
[2016.08.18-11.25.04:693][667]LogEditorTransaction: Undo Move Actors
[2016.08.18-11.25.50:039][189]Cmd: DELETE
[2016.08.18-11.25.50:039][189]Cmd: ACTOR DELETE
[2016.08.18-11.25.50:041][189]LogEditorActor: Deleted Actor: PostProcessVolume
[2016.08.18-11.25.50:072][189]LogEditorActor: Deleted 1 Actors (0.032 secs)
[2016.08.18-11.26.08:569][139]Cmd: OBJ SAVEPACKAGE PACKAGE="/Game/Map/ShowroomV2" FILE="D:/CELIA/WORK/GitHub_Showroom/Content/Map/ShowroomV2.umap" SILENT=true AUTOSAVING=false KEEPDIRTY=false
[2016.08.18-11.26.09:175][139]LogSavePackage: Save=571.27ms
[2016.08.18-11.26.09:175][139]LogSavePackage: Moving 'D:/CELIA/WORK/GitHub_Showroom/Saved/ShowroomV262AECD094A7C6AC1AB70278B8D48565F.tmp' to 'D:/CELIA/WORK/GitHub_Showroom/Content/Map/ShowroomV2.umap'
[2016.08.18-11.26.09:179][139]LogSavePackage:Display: Finished SavePackage D:/CELIA/W