Log file open, 08/17/16 19:27:30
LogInit:Display: Running engine for game: ShowroomV1
LogPlatformFile: Not using cached read wrapper
LogInit:Display: RandInit(1424105488) SRandInit(1424105490).
LogTaskGraph: Started task graph with 4 named threads and 11 total threads with 1 sets of task threads.
LogStats: Stats thread started at 0.123889
LogInit: Version: 4.12.5-3039270+++UE4+Release-4.12
LogInit: API Version: 2992821
LogInit: Net Version: 3039270
LogDevObjectVersion: Number of dev versions registered: 13
LogDevObjectVersion:   Dev-Blueprints (B0D832E4-1F89-4F0D-ACCF-7EB736FD4AA2): 3
LogDevObjectVersion:   Dev-Build (E1C64328-A22C-4D53-A36C-8E866417BD8C): 0
LogDevObjectVersion:   Dev-Core (375EC13C-06E4-48FB-B500-84F0262A717E): 1
LogDevObjectVersion:   Dev-Editor (E4B068ED-F494-42E9-A231-DA0B2E46BB41): 2
LogDevObjectVersion:   Dev-Framework (CFFC743F-43B0-4480-9391-14DF171D2073): 6
LogDevObjectVersion:   Dev-Mobile (B02B49B5-BB20-44E9-A304-32B752E40360): 0
LogDevObjectVersion:   Dev-Networking (A4E4105C-59A1-49B5-A7C5-40C4547EDFEE): 0
LogDevObjectVersion:   Dev-Online (39C831C9-5AE6-47DC-9A44-9C173E1C8E7C): 0
LogDevObjectVersion:   Dev-Physics (78F01B33-EBEA-4F98-B9B4-84EACCB95AA2): 0
LogDevObjectVersion:   Dev-Platform (6631380F-2D4D-43E0-8009-CF276956A95A): 0
LogDevObjectVersion:   Dev-Rendering (12F88B9F-8875-4AFC-A67C-D90C383ABD29): 2
LogDevObjectVersion:   Dev-Sequencer (7B5AE74C-D270-4C10-A958-57980B212A5A): 0
LogDevObjectVersion:   Dev-VR (D7296918-1DD6-4BDD-9DE2-64A83CC13884): 0
LogInit: Compiled (64-bit): Jul  6 2016 09:09:46
LogInit: Compiled with Visual C++: 19.00.23026.00
LogInit: Build Configuration: Development
LogInit: Branch Name: ++UE4+Release-4.12
LogInit: Command line:  
LogInit: Base directory: C:/Program Files (x86)/Epic Games/4.12/Engine/Binaries/Win64/
LogInit: Installed Engine Build: 1
LogInit: Using libcurl 7.41.0
LogInit:  - built for x86_64-pc-win32
LogInit:  - supports SSL with WinSSL
LogInit:  - other features:
LogInit:      CURL_VERSION_SSL
LogInit:      CURL_VERSION_IPV6
LogInit:      CURL_VERSION_ASYNCHDNS
LogInit:      CURL_VERSION_LARGEFILE
LogInit:      CURL_VERSION_IDN
LogInit:  CurlRequestOptions (configurable via config and command line):
LogInit:  - bVerifyPeer = true  - Libcurl will verify peer certificate
LogInit:  - bUseHttpProxy = false  - Libcurl will NOT use HTTP proxy
LogInit:  - bDontReuseConnections = false  - Libcurl will reuse connections
LogInit:  - CertBundlePath = nullptr  - Libcurl will use whatever was configured at build time.
LogInit: Presizing for max 8388607 objects, including 0 objects not considered by GC, pre-allocating 0 bytes for permanent pool.
LogInit: Object subsystem initialized
[2016.08.17-17.27.30:378][  0]LogInit: Selected Device Profile: [Windows]
[2016.08.17-17.27.30:378][  0]LogInit: Applying CVar settings loaded from the selected device profile: [Windows]
[2016.08.17-17.27.30:390][  0]LogInit: Computer: SUPERMACHINE22
[2016.08.17-17.27.30:390][  0]LogInit: User: SUPERBIEN
[2016.08.17-17.27.30:390][  0]LogInit: CPU Page size=65536, Cores=8
[2016.08.17-17.27.30:390][  0]LogInit: High frequency timer resolution =2.343896 MHz
[2016.08.17-17.27.30:390][  0]LogMemory: Memory total: Physical=32.0GB (32GB approx)
[2016.08.17-17.27.30:390][  0]LogMemory: Platform Memory Stats for Windows
[2016.08.17-17.27.30:390][  0]LogMemory: Process Physical Memory: 193.36 MB used, 193.36 MB peak
[2016.08.17-17.27.30:390][  0]LogMemory: Process Virtual Memory: 198.45 MB used, 198.45 MB peak
[2016.08.17-17.27.30:390][  0]LogMemory: Physical Memory: 13044.88 MB used, 32759.17 MB total
[2016.08.17-17.27.30:390][  0]LogMemory: Virtual Memory: 523.20 MB used, 8388608.00 MB total
[2016.08.17-17.27.30:446][  0]LogTextLocalizationManager: No translations for ('fr-FR') exist, falling back to 'en' for localization and internationalization data.
[2016.08.17-17.27.31:029][  0]LogD3D11RHI: D3D11 adapters:
[2016.08.17-17.27.31:069][  0]LogD3D11RHI:    0. 'NVIDIA GeForce GTX 670' (Feature Level 11_0)
[2016.08.17-17.27.31:069][  0]LogD3D11RHI:       1989/0/2048 MB DedicatedVideo/DedicatedSystem/SharedSystem, Outputs:1, VendorId:0x10de
[2016.08.17-17.27.31:069][  0]LogD3D11RHI: Chosen D3D11 Adapter: 0
[2016.08.17-17.27.31:092][  0]LogD3D11RHI: Creating new Direct3DDevice
[2016.08.17-17.27.31:094][  0]LogD3D11RHI:     GPU DeviceId: 0x1189 (for the marketing name, search the web for "GPU Device Id")
[2016.08.17-17.27.31:094][  0]LogWindows: EnumDisplayDevices:
[2016.08.17-17.27.31:095][  0]LogWindows:    0. 'NVIDIA GeForce GTX 670' (P:1 D:1)
[2016.08.17-17.27.31:096][  0]LogWindows:    1. 'NVIDIA GeForce GTX 670' (P:0 D:0)
[2016.08.17-17.27.31:097][  0]LogWindows:    2. 'NVIDIA GeForce GTX 670' (P:0 D:0)
[2016.08.17-17.27.31:098][  0]LogWindows:    3. 'NVIDIA GeForce GTX 670' (P:0 D:0)
[2016.08.17-17.27.31:100][  0]LogWindows:    4. 'RDPDD Chained DD' (P:0 D:0)
[2016.08.17-17.27.31:101][  0]LogWindows:    5. 'RDP Encoder Mirror Driver' (P:0 D:0)
[2016.08.17-17.27.31:102][  0]LogWindows:    6. 'RDP Reflector Display Driver' (P:0 D:0)
[2016.08.17-17.27.31:103][  0]LogWindows: DebugString: GetVideoDriverDetailsInvalid PrimaryIsNotTheChoosenAdapter GetVideoDriverDetailsInvalid PrimaryIsNotTheChoosenAdapter GetVideoDriverDetailsInvalid PrimaryIsNotTheChoosenAdapter FoundDriverCount:4 
[2016.08.17-17.27.31:103][  0]LogD3D11RHI:     Adapter Name: NVIDIA GeForce GTX 670
[2016.08.17-17.27.31:103][  0]LogD3D11RHI:   Driver Version: 361.75 (internal:10.18.13.6175, unified:361.75)
[2016.08.17-17.27.31:103][  0]LogD3D11RHI:      Driver Date: 1-22-2016
[2016.08.17-17.27.31:103][  0]LogRHI: Texture pool is 1361 MB (70% of 1945 MB)
[2016.08.17-17.27.31:126][  0]LogD3D11RHI: Async texture creation enabled
[2016.08.17-17.27.31:146][  0]LogD3D11RHI: GPU Timing Frequency: 1000.000000 (Debug: 2 2)
[2016.08.17-17.27.31:146][  0]LogShaderCompilers: Guid format shader working directory is 20 characters bigger than the processId version (D:/CELIA/WORK/GitHub_Showroom/Intermediate/Shaders/WorkingDirectory/3124/).
[2016.08.17-17.27.31:146][  0]LogShaderCompilers: Cleaned the shader compiler working directory 'C:/Users/SUPERB~1/AppData/Local/Temp/UnrealShaderWorkingDir/882C9749485AC363C3BEBFA8469D699C/'.
[2016.08.17-17.27.31:146][  0]LogShaderCompilers:Display: Using Local Shader Compiler.
[2016.08.17-17.27.32:554][  0]LogTemp:Display: Loaded TP AllDesktopTargetPlatform
[2016.08.17-17.27.32:567][  0]LogTemp:Display: Loaded TP WindowsClientTargetPlatform
[2016.08.17-17.27.32:581][  0]LogTemp:Display: Loaded TP WindowsNoEditorTargetPlatform
[2016.08.17-17.27.32:596][  0]LogTemp:Display: Loaded TP WindowsServerTargetPlatform
[2016.08.17-17.27.32:611][  0]LogTemp:Display: Loaded TP WindowsTargetPlatform
[2016.08.17-17.27.32:624][  0]LogTemp:Display: Loaded TP AndroidTargetPlatform
[2016.08.17-17.27.32:636][  0]LogTemp:Display: Loaded TP Android_ASTCTargetPlatform
[2016.08.17-17.27.32:651][  0]LogTemp:Display: Loaded TP Android_ATCTargetPlatform
[2016.08.17-17.27.32:667][  0]LogTemp:Display: Loaded TP Android_DXTTargetPlatform
[2016.08.17-17.27.32:680][  0]LogTemp:Display: Loaded TP Android_ETC1TargetPlatform
[2016.08.17-17.27.32:693][  0]LogTemp:Display: Loaded TP Android_ETC2TargetPlatform
[2016.08.17-17.27.32:718][  0]LogTemp:Display: Loaded TP Android_MultiTargetPlatform
[2016.08.17-17.27.32:718][  0]LogTemp:Display: Loaded TP Android_PVRTCTargetPlatform
[2016.08.17-17.27.32:719][  0]LogTemp:Display: Loaded TP HTML5TargetPlatform
[2016.08.17-17.27.32:746][  0]LogTemp:Display: Loaded TP IOSTargetPlatform
[2016.08.17-17.27.32:762][  0]LogTemp:Display: Loaded TP TVOSTargetPlatform
[2016.08.17-17.27.32:780][  0]LogTemp:Display: Loaded TP LinuxNoEditorTargetPlatform
[2016.08.17-17.27.32:795][  0]LogTemp:Display: Loaded TP LinuxServerTargetPlatform
[2016.08.17-17.27.32:809][  0]LogTemp:Display: Loaded TP LinuxTargetPlatform
[2016.08.17-17.27.32:809][  0]LogTargetPlatformManager:Display: Building Assets For Windows
[2016.08.17-17.27.32:906][  0]LogDerivedDataCache:Display: Max Cache Size: 512 MB
[2016.08.17-17.27.32:986][  0]LogDerivedDataCache: Loaded boot cache 0.08s 48MB C:/Users/SUPERBIEN/AppData/Local/UnrealEngine/4.12/DerivedDataCache/Boot.ddc.
[2016.08.17-17.27.32:986][  0]LogDerivedDataCache:Display: Loaded Boot cache: C:/Users/SUPERBIEN/AppData/Local/UnrealEngine/4.12/DerivedDataCache/Boot.ddc
[2016.08.17-17.27.32:987][  0]LogDerivedDataCache: FDerivedDataBackendGraph:  Pak pak cache file D:/CELIA/WORK/GitHub_Showroom/DerivedDataCache/DDC.ddp not found, will not use a pak cache.
[2016.08.17-17.27.32:987][  0]LogDerivedDataCache: Unable to find inner node Pak for hierarchical cache Hierarchy.
[2016.08.17-17.27.32:987][  0]LogDerivedDataCache: FDerivedDataBackendGraph:  CompressedPak pak cache file D:/CELIA/WORK/GitHub_Showroom/DerivedDataCache/Compressed.ddp not found, will not use a pak cache.
[2016.08.17-17.27.32:987][  0]LogDerivedDataCache: Unable to find inner node CompressedPak for hierarchical cache Hierarchy.
[2016.08.17-17.27.33:015][  0]LogDerivedDataCache:Display: Pak cache opened for reading ../../../Engine/DerivedDataCache/Compressed.ddp.
[2016.08.17-17.27.33:027][  0]LogDerivedDataCache: Using Local data cache path C:/Users/SUPERBIEN/AppData/Local/UnrealEngine/Common/DerivedDataCache: Writable
[2016.08.17-17.27.33:352][  0]LogInit: Selected Device Profile: [Windows]
[2016.08.17-17.27.33:353][  0]LogContentStreaming: Texture pool size is 0.00 MB
[2016.08.17-17.27.33:617][  0]LogMeshUtilities: No automatic mesh reduction module available
[2016.08.17-17.27.33:617][  0]LogMeshUtilities: No automatic mesh merging module available
[2016.08.17-17.27.33:617][  0]LogMeshUtilities: No distributed automatic mesh merging module available
[2016.08.17-17.27.34:014][  0]LogAssetRegistry: FAssetRegistry took 0.0208 seconds to start up
[2016.08.17-17.27.34:027][  0]LogPackageLocalizationCache: Processed 3 localized package path(s) for 1 prioritized culture(s) in 0.008950 seconds
[2016.08.17-17.27.34:036][  0]LogUObjectArray: 28739 objects as part of root set at end of initial load.
[2016.08.17-17.27.34:036][  0]LogUObjectAllocator: 5855632 out of 0 bytes used by permanent object pool.
[2016.08.17-17.27.34:036][  0]LogUObjectArray: CloseDisregardForGC: 0/0 objects in disregard for GC pool
[2016.08.17-17.27.34:045][  0]LogInit: WinSock: version 1.1 (2.2), MaxSocks=32767, MaxUdp=65467
[2016.08.17-17.27.34:312][  0]LogSlate: SlateFontCache - WITH_FREETYPE: 1, WITH_HARFBUZZ: 1
[2016.08.17-17.27.34:312][  0]LogSlate: SlateFontCache - WITH_FREETYPE: 1, WITH_HARFBUZZ: 1
[2016.08.17-17.27.35:325][  0]LogSubstanceCoreModule: Substance CPU Engine Loaded, Max Texture Size 2048
[2016.08.17-17.27.35:335][  0]LogUdpMessaging: Initializing bridge on interface 0.0.0.0:0 to multicast group 230.0.0.1:6666.
[2016.08.17-17.27.35:603][  0]SourceControl: Info Source control is disabled
[2016.08.17-17.27.35:641][  0]SourceControl: Info Source control is disabled
[2016.08.17-17.27.35:650][  0]SourceControl: Info Source control is disabled
[2016.08.17-17.27.35:659][  0]SourceControl: Info Source control is disabled
[2016.08.17-17.27.35:938][  0]LogEngine: Initializing Engine...
[2016.08.17-17.27.35:940][  0]LogHMD: SteamVR failed to initialize.  Err: 102
[2016.08.17-17.27.35:941][  0]LogHMD: SteamVR failed to initialize.  Err: 102
[2016.08.17-17.27.36:164][  0]LogAIModule: Creating AISystem for world NewWorld
[2016.08.17-17.27.36:168][  0]LogInit: No audio devices found!
[2016.08.17-17.27.36:208][  0]LogDerivedDataCache: Saved boot cache 0.04s 48MB C:/Users/SUPERBIEN/AppData/Local/UnrealEngine/4.12/DerivedDataCache/Boot.ddc.
[2016.08.17-17.27.36:222][  0]LogInit: Texture streaming: Enabled
[2016.08.17-17.27.36:251][  0]LogInit: Transaction tracking system initialized
[2016.08.17-17.27.36:276][  0]BlueprintLog: New page: Editor Load
[2016.08.17-17.27.36:374][  0]LocalizationService: Info Localization service is disabled
[2016.08.17-17.27.36:913][  0]LogConsoleResponse:Display: 
[2016.08.17-17.27.37:060][  0]LogCook:Display: Max memory allowance for cook 8192mb
[2016.08.17-17.27.37:060][  0]LogCook:Display: Mobile HDR setting 1
[2016.08.17-17.27.37:176][  0]LogFileCache: Scanning file cache for directory 'D:/CELIA/WORK/GitHub_Showroom/Content/' took 0.02s
[2016.08.17-17.27.37:176][  0]SourceControl: Info Source control is disabled
[2016.08.17-17.27.37:176][  0]Cmd: MAP LOAD FILE="../../../Engine/Content/Maps/Templates/Template_Default.umap" TEMPLATE=1 SHOWPROGRESS=1 FEATURELEVEL=3
[2016.08.17-17.27.37:177][  0]LightingResults: New page: Lighting Build
[2016.08.17-17.27.37:180][  0]MapCheck: New page: Map Check
[2016.08.17-17.27.37:180][  0]LightingResults: New page: Lighting Build
[2016.08.17-17.27.37:623][  0]LogAIModule: Creating AISystem for world Untitled_1
[2016.08.17-17.27.37:630][  0]LogEditorServer: Finished looking for orphan Actors (0.000 secs)
[2016.08.17-17.27.37:639][  0]Cmd: MAP CHECKDEP NOCLEARLOG
[2016.08.17-17.27.37:698][  0]MapCheck: Info Map check complete: 0 Error(s), 0 Warning(s), took 59.234ms to complete.
[2016.08.17-17.27.37:698][  0]LogFileHelpers: Loading map 'Template_Default' took 0.522
[2016.08.17-17.27.37:845][  0]LogCollectionManager: Loaded 0 collections in 0.001586 seconds
[2016.08.17-17.27.37:889][  0]LogFileCache: Scanning file cache for directory 'D:/CELIA/WORK/GitHub_Showroom/Saved/Collections/' took 0.01s
[2016.08.17-17.27.37:889][  0]LogFileCache: Scanning file cache for directory 'D:/CELIA/WORK/GitHub_Showroom/Content/Developers/SUPERBIEN/Collections/' took 0.01s
[2016.08.17-17.27.37:889][  0]LogFileCache: Scanning file cache for directory 'D:/CELIA/WORK/GitHub_Showroom/Content/Collections/' took 0.01s
[2016.08.17-17.27.37:889][  0]LogCollectionManager: Rebuilt the GUID cache for 0 collections in 0.000004 seconds
[2016.08.17-17.27.37:906][  0]LogContentBrowser: Native class hierarchy populated in 0.0168 seconds. Added 2062 classes and 375 folders.
[2016.08.17-17.27.37:912][  0]LogStats: UGameplayTagsManager::ConstructGameplayTagTree: Construct from data asset -  0.000 s
[2016.08.17-17.27.37:912][  0]LogStats: UGameplayTagsManager::ConstructGameplayTagTree: GameplayTagTreeChangedEvent.Broadcast -  0.000 s
[2016.08.17-17.27.37:913][  0]LogContentBrowser: Native class hierarchy updated for 'GameplayTags' in 0.0007 seconds. Added 12 classes and 0 folders.
[2016.08.17-17.27.37:918][  0]LogContentBrowser: Native class hierarchy updated for 'WidgetCarousel' in 0.0004 seconds. Added 0 classes and 0 folders.
[2016.08.17-17.27.37:979][  0]LogContentBrowser: Native class hierarchy updated for 'AddContentDialog' in 0.0006 seconds. Added 0 classes and 0 folders.
[2016.08.17-17.27.37:983][  0]LogContentBrowser: Native class hierarchy updated for 'SceneOutliner' in 0.0004 seconds. Added 1 classes and 2 folders.
[2016.08.17-17.27.38:056][  0]LogCrashTracker: Crashtracker disabled due to settings.
[2016.08.17-17.27.38:063][  0]LogUObjectGlobals:Warning: Failed to find object 'Class None.'
[2016.08.17-17.27.38:089][  0]LogContentBrowser: Native class hierarchy updated for 'HierarchicalLODOutliner' in 0.0008 seconds. Added 1 classes and 2 folders.
[2016.08.17-17.27.38:089][  0]LogLoad: Full Startup: 8.70 seconds (BP compile: 0.06 seconds)
[2016.08.17-17.27.38:090][  0]LogExternalProfiler: Found external profiler: VSPerf
[2016.08.17-17.27.38:090][  0]LogExternalProfiler: Using external profiler: VSPerf
[2016.08.17-17.27.38:103][  0]LogOcInput: OculusInput pre-init called
[2016.08.17-17.27.38:127][  0]LogContentStreaming: Texture pool size now 700 MB
[2016.08.17-17.27.38:362][  0]LogRenderer: Reallocating scene render targets to support 1256x724 (Frame:2).
[2016.08.17-17.27.38:651][  3]LogAssetRegistry: Asset discovery search completed in 4.6581 seconds
[2016.08.17-17.27.38:651][  3]LogCollectionManager: Rebuilt the object cache for 0 collections in 0.000001 seconds (found 0 objects)
[2016.08.17-17.27.38:651][  3]LogCollectionManager: Fixed up redirectors for 0 collections in 0.000041 seconds (updated 0 objects)
[2016.08.17-17.27.58:216][799]Cmd: OBJ SAVEPACKAGE PACKAGE="/Game/Map/ShowroomV2" FILE="D:/CELIA/WORK/GitHub_Showroom/Content/Map/ShowroomV2.umap" SILENT=true AUTOSAVING=false KEEPDIRTY=false
[2016.08.17-17.27.58:239][799]LogSavePackage: Save=9.57ms
[2016.08.17-17.27.58:239][799]LogSavePackage: Moving 'D:/CELIA/WORK/GitHub_Showroom/Saved/ShowroomV26A32EE9445B46BCCBAFC988548677DFD.tmp' to 'D:/CELIA/WORK/GitHub_Showroom/Content/Map/ShowroomV2.umap'
[2016.08.17-17.27.58:240][799]LogSavePackage:Display: Finished SavePackage D:/CELIA/WORK/GitHub_Showroom/Content/Map/ShowroomV2.umap
[2016.08.17-17.27.58:240][799]LogFileHelpers: Saving map 'ShowroomV2' took 0.100
[2016.08.17-17.27.58:243][799]Cmd: MAP LOAD FILE="D:/CELIA/WORK/GitHub_Showroom/Content/Map/ShowroomV2.umap" TEMPLATE=0 SHOWPROGRESS=1 FEATURELEVEL=3
[2016.08.17-17.27.58:243][799]LightingResults: New page: Lighting Build
[2016.08.17-17.27.58:245][799]LoadErrors: New page: Loading map: ShowroomV2.umap
[2016.08.17-17.27.58:250][799]MapCheck: New page: Map Check
[2016.08.17-17.27.58:250][799]LightingResults: New page: Lighting Build
[2016.08.17-17.27.58:314][799]LogEditorServer: Finished looking for orphan Actors (0.000 secs)
[2016.08.17-17.27.58:314][799]LogAIModule: Creating AISystem for world ShowroomV2
[2016.08.17-17.27.58:347][799]Cmd: MAP CHECKDEP NOCLEARLOG
[2016.08.17-17.27.58:407][799]MapCheck: Info Map check complete: 0 Error(s), 0 Warning(s), took 59.02ms to complete.
[2016.08.17-17.27.58:408][799]LogFileHelpers: Loading map 'ShowroomV2' took 0.166
[2016.08.17-17.28.03:938][224]Cmd: QUIT_EDITOR
[2016.08.17-17.28.04:008][224]LogExit: Preparing to exit.
[2016.08.17-17.28.04:489][224]LogExit: Editor shut down
[2016.08.17-17.28.04:489][224]LogExit: Transaction tracking system shut down
[2016.08.17-17.28.04:663][224]LogObj: Freed 0b from 0 cluster array pools.
[2016.08.17-17.28.04:664][224]LogExit: Object subsystem successfully closed.
[2016.08.17-17.28.04:693][224]LogD3D11RHI: Shutdown
[2016.08.17-17.28.04:693][224]LogD3D11RHI: CleanupD3DDevice
[2016.08.17-17.28.04:752][224]LogD3D11RHI: ~FD3D11DynamicRHI
[2016.08.17-17.28.04:771][224]LogModuleManager: Shutting down and abandoning module HierarchicalLODOutliner (215)
[2016.08.17-17.28.04:771][224]LogModuleManager: Shutting down and abandoning module CrashTracker (214)
[2016.08.17-17.28.04:771][224]LogModuleManager: Shutting down and abandoning module SceneOutliner (213)
[2016.08.17-17.28.04:771][224]LogModuleManager: Shutting down and abandoning module WidgetCarousel (212)
[2016.08.17-17.28.04:771][224]LogModuleManager: Shutting down and abandoning module AddContentDialog (211)
[2016.08.17-17.28.04:773][224]LogModuleManager: Shutting down and abandoning module GameplayTags (210)
[2016.08.17-17.28.04:773][224]LogModuleManager: Shutting down and abandoning module EditorWidgets (209)
[2016.08.17-17.28.04:773][224]LogModuleManager: Shutting down and abandoning module CollectionManager (208)
[2016.08.17-17.28.04:773][224]LogModuleManager: Shutting down and abandoning module StatsViewer (207)
[2016.08.17-17.28.04:773][224]LogModuleManager: Shutting down and abandoning module FoliageEdit (206)
[2016.08.17-17.28.04:773][224]LogModuleManager: Shutting down and abandoning module LandscapeEditor (205)
[2016.08.17-17.28.04:774][224]LogModuleManager: Shutting down and abandoning module SceneDepthPickerMode (204)
[2016.08.17-17.28.04:774][224]LogModuleManager: Shutting down and abandoning module ActorPickerMode (203)
[2016.08.17-17.28.04:774][224]LogModuleManager: Shutting down and abandoning module GeometryMode (202)
[2016.08.17-17.28.04:774][224]LogModuleManager: Shutting down and abandoning module TextureAlignMode (201)
[2016.08.17-17.28.04:774][224]LogModuleManager: Shutting down and abandoning module BspMode (200)
[2016.08.17-17.28.04:774][224]LogModuleManager: Shutting down and abandoning module HardwareSurvey (199)
[2016.08.17-17.28.04:774][224]LogModuleManager: Shutting down and abandoning module SequenceRecorderSections (198)
[2016.08.17-17.28.04:774][224]LogModuleManager: Shutting down and abandoning module SequenceRecorder (197)
[2016.08.17-17.28.04:774][224]LogModuleManager: Shutting down and abandoning module AutomationWorker (196)
[2016.08.17-17.28.04:774][224]LogModuleManager: Shutting down and abandoning module MatineeToLevelSequence (195)
[2016.08.17-17.28.04:774][224]LogModuleManager: Shutting down and abandoning module PlacementMode (194)
[2016.08.17-17.28.04:774][224]LogModuleManager: Shutting down and abandoning module LevelSequenceEditor (193)
[2016.08.17-17.28.04:774][224]LogModuleManager: Shutting down and abandoning module CharacterAI (192)
[2016.08.17-17.28.04:774][224]LogModuleManager: Shutting down and abandoning module SmartSnapping (191)
[2016.08.17-17.28.04:774][224]LogModuleManager: Shutting down and abandoning module SessionServices (190)
[2016.08.17-17.28.04:774][224]LogModuleManager: Shutting down and abandoning module ViewportSnapping (189)
[2016.08.17-17.28.04:774][224]LogModuleManager: Shutting down and abandoning module LogVisualizer (188)
[2016.08.17-17.28.04:775][224]LogModuleManager: Shutting down and abandoning module GameProjectGeneration (187)
[2016.08.17-17.28.04:775][224]LogModuleManager: Shutting down and abandoning module IntroTutorials (186)
[2016.08.17-17.28.04:775][224]LogModuleManager: Shutting down and abandoning module EditorLiveStreaming (185)
[2016.08.17-17.28.04:775][224]LogModuleManager: Shutting down and abandoning module IOSPlatformEditor (184)
[2016.08.17-17.28.04:775][224]LogModuleManager: Shutting down and abandoning module HTML5PlatformEditor (183)
[2016.08.17-17.28.04:775][224]LogModuleManager: Shutting down and abandoning module AndroidDeviceDetection (182)
[2016.08.17-17.28.05:461][224]LogModuleManager: Shutting down and abandoning module AndroidPlatformEditor (181)
[2016.08.17-17.28.05:461][224]LogModuleManager: Shutting down and abandoning module IOSRuntimeSettings (180)
[2016.08.17-17.28.05:461][224]LogModuleManager: Shutting down and abandoning module AndroidRuntimeSettings (179)
[2016.08.17-17.28.05:461][224]LogModuleManager: Shutting down and abandoning module MergeActors (178)
[2016.08.17-17.28.05:462][224]LogModuleManager: Shutting down and abandoning module SizeMap (177)
[2016.08.17-17.28.05:462][224]LogModuleManager: Shutting down and abandoning module TreeMap (176)
[2016.08.17-17.28.05:462][224]LogModuleManager: Shutting down and abandoning module ReferenceViewer (175)
[2016.08.17-17.28.05:462][224]LogModuleManager: Shutting down and abandoning module LocalizationService (174)
[2016.08.17-17.28.05:462][224]LogModuleManager: Shutting down and abandoning module LocalizationDashboard (173)
[2016.08.17-17.28.05:462][224]LogModuleManager: Shutting down and abandoning module HardwareTargeting (172)
[2016.08.17-17.28.05:462][224]LogModuleManager: Shutting down and abandoning module DeviceProfileEditor (171)
[2016.08.17-17.28.05:462][224]LogModuleManager: Shutting down and abandoning module UndoHistory (170)
[2016.08.17-17.28.05:462][224]LogModuleManager: Shutting down and abandoning module UserFeedback (169)
[2016.08.17-17.28.05:462][224]LogModuleManager: Shutting down and abandoning module XmlParser (168)
[2016.08.17-17.28.05:462][224]LogModuleManager: Shutting down and abandoning module Blutility (167)
[2016.08.17-17.28.05:462][224]LogModuleManager: Shutting down and abandoning module ProjectTargetPlatformEditor (166)
[2016.08.17-17.28.05:462][224]LogModuleManager: Shutting down and abandoning module ProjectSettingsViewer (165)
[2016.08.17-17.28.05:462][224]LogModuleManager: Shutting down and abandoning module InputBindingEditor (164)
[2016.08.17-17.28.05:462][224]LogModuleManager: Shutting down and abandoning module EditorSettingsViewer (163)
[2016.08.17-17.28.05:463][224]LogModuleManager: Shutting down and abandoning module SettingsEditor (162)
[2016.08.17-17.28.05:463][224]LogModuleManager: Shutting down and abandoning module ProjectLauncher (161)
[2016.08.17-17.28.05:463][224]LogModuleManager: Shutting down and abandoning module SessionFrontend (160)
[2016.08.17-17.28.05:463][224]LogModuleManager: Shutting down and abandoning module ProfilerClient (159)
[2016.08.17-17.28.05:463][224]LogModuleManager: Shutting down and abandoning module TargetDeviceServices (158)
[2016.08.17-17.28.05:463][224]LogModuleManager: Shutting down and abandoning module DeviceManager (157)
[2016.08.17-17.28.05:513][224]LogModuleManager: Shutting down and abandoning module AutomationController (156)
[2016.08.17-17.28.05:513][224]LogModuleManager: Shutting down and abandoning module AutomationWindow (155)
[2016.08.17-17.28.05:513][224]LogModuleManager: Shutting down and abandoning module Layers (154)
[2016.08.17-17.28.05:513][224]LogModuleManager: Shutting down and abandoning module ComponentVisualizers (153)
[2016.08.17-17.28.05:513][224]LogModuleManager: Shutting down and abandoning module DetailCustomizations (152)
[2016.08.17-17.28.05:513][224]LogModuleManager: Shutting down and abandoning module PackagesDialog (151)
[2016.08.17-17.28.05:513][224]LogModuleManager: Shutting down and abandoning module Persona (150)
[2016.08.17-17.28.05:514][224]LogModuleManager: Shutting down and abandoning module Kismet (149)
[2016.08.17-17.28.05:514][224]LogModuleManager: Shutting down and abandoning module GraphEditor (148)
[2016.08.17-17.28.05:514][224]LogModuleManager: Shutting down and abandoning module ClassViewer (147)
[2016.08.17-17.28.05:514][224]LogModuleManager: Shutting down and abandoning module Toolbox (146)
[2016.08.17-17.28.05:514][224]LogModuleManager: Shutting down and abandoning module ModuleUI (145)
[2016.08.17-17.28.05:514][224]LogModuleManager: Shutting down and abandoning module MovieSceneTools (144)
[2016.08.17-17.28.05:514][224]LogModuleManager: Shutting down and abandoning module OutputLog (143)
[2016.08.17-17.28.05:514][224]LogModuleManager: Shutting down and abandoning module GammaUI (142)
[2016.08.17-17.28.05:514][224]LogModuleManager: Shutting down and abandoning module Documentation (141)
[2016.08.17-17.28.05:514][224]LogModuleManager: Shutting down and abandoning module StreamingPauseRendering (140)
[2016.08.17-17.28.05:514][224]LogModuleManager: Shutting down and abandoning module AnalyticsET (139)
[2016.08.17-17.28.05:514][224]LogModuleManager: Shutting down and abandoning module Analytics (138)
[2016.08.17-17.28.05:514][224]LogModuleManager: Shutting down and abandoning module PortalServices (137)
[2016.08.17-17.28.05:514][224]LogModuleManager: Shutting down and abandoning module PortalRpc (136)
[2016.08.17-17.28.05:514][224]LogModuleManager: Shutting down and abandoning module MessagingRpc (135)
[2016.08.17-17.28.05:514][224]LogModuleManager: Shutting down and abandoning module GameplayDebugger (134)
[2016.08.17-17.28.05:514][224]LogModuleManager: Shutting down and abandoning module AITestSuite (133)
[2016.08.17-17.28.05:514][224]LogModuleManager: Shutting down and abandoning module AIModule (132)
[2016.08.17-17.28.05:514][224]LogModuleManager: Shutting down and abandoning module ProfilerService (131)
[2016.08.17-17.28.05:617][224]LogModuleManager: Shutting down and abandoning module TaskGraph (130)
[2016.08.17-17.28.05:617][224]LogModuleManager: Shutting down and abandoning module SubstanceEditor (129)
[2016.08.17-17.28.05:617][224]LogModuleManager: Shutting down and abandoning module SlateRemote (128)
[2016.08.17-17.28.05:617][224]LogModuleManager: Shutting down and abandoning module SteamVRController (127)
[2016.08.17-17.28.05:617][224]LogModuleManager: Shutting down and abandoning module SteamVR (126)
[2016.08.17-17.28.05:617][224]LogModuleManager: Shutting down and abandoning module ProceduralMeshComponent (125)
[2016.08.17-17.28.05:617][224]LogModuleManager: Shutting down and abandoning module OculusLibrary (124)
[2016.08.17-17.28.05:617][224]LogModuleManager: Shutting down and abandoning module OculusInput (123)
[2016.08.17-17.28.05:617][224]LogModuleManager: Shutting down and abandoning module CustomMeshComponent (122)
[2016.08.17-17.28.05:617][224]LogModuleManager: Shutting down and abandoning module CableComponent (121)
[2016.08.17-17.28.05:617][224]LogModuleManager: Shutting down and abandoning module ArchVisCharacter (120)
[2016.08.17-17.28.05:617][224]LogModuleManager: Shutting down and abandoning module MediaPlayerEditor (119)
[2016.08.17-17.28.05:617][224]LogModuleManager: Shutting down and abandoning module HTML5Networking (118)
[2016.08.17-17.28.05:617][224]LogModuleManager: Shutting down and abandoning module SuperSearch (117)
[2016.08.17-17.28.05:617][224]LogModuleManager: Shutting down and abandoning module SuperSearchEditor (116)
[2016.08.17-17.28.05:617][224]LogModuleManager: Shutting down and abandoning module SpeedTreeImporter (115)
[2016.08.17-17.28.05:617][224]LogModuleManager: Shutting down and abandoning module PluginBrowser (114)
[2016.08.17-17.28.05:617][224]LogModuleManager: Shutting down and abandoning module EpicSurvey (113)
[2016.08.17-17.28.05:617][224]LogModuleManager: Shutting down and abandoning module DesktopPlatform (112)
[2016.08.17-17.28.05:617][224]LogModuleManager: Shutting down and abandoning module VisualStudioSourceCodeAccess (111)
[2016.08.17-17.28.05:617][224]LogModuleManager: Shutting down and abandoning module UObjectPlugin (110)
[2016.08.17-17.28.05:617][224]LogModuleManager: Shutting down and abandoning module SubversionSourceControl (109)
[2016.08.17-17.28.05:618][224]LogModuleManager: Shutting down and abandoning module PerforceSourceControl (108)
[2016.08.17-17.28.05:618][224]LogModuleManager: Shutting down and abandoning module SourceControl (107)
[2016.08.17-17.28.05:618][224]LogModuleManager: Shutting down and abandoning module GitSourceControl (106)
[2016.08.17-17.28.05:618][224]LogModuleManager: Shutting down and abandoning module LightPropagationVolumeEditor (105)
[2016.08.17-17.28.05:618][224]LogModuleManager: Shutting down and abandoning module PaperTiledImporter (104)
[2016.08.17-17.28.05:618][224]LogModuleManager: Shutting down and abandoning module PaperSpriteSheetImporter (103)
[2016.08.17-17.28.05:618][224]LogModuleManager: Shutting down and abandoning module MeshPaint (102)
[2016.08.17-17.28.05:618][224]LogModuleManager: Shutting down and abandoning module PixelInspectorModule (101)
[2016.08.17-17.28.05:618][224]LogModuleManager: Shutting down and abandoning module HotReload (100)
[2016.08.17-17.28.05:619][224]LogModuleManager: Shutting down and abandoning module MainFrame (99)
[2016.08.17-17.28.05:619][224]LogModuleManager: Shutting down and abandoning module LevelEditor (98)
[2016.08.17-17.28.05:620][224]LogModuleManager: Shutting down and abandoning module ContentBrowser (97)
[2016.08.17-17.28.05:622][224]LogModuleManager: Shutting down and abandoning module Paper2DEditor (96)
[2016.08.17-17.28.05:622][224]LogModuleManager: Shutting down and abandoning module UdpMessaging (95)
[2016.08.17-17.28.05:722][224]LogModuleManager: Shutting down and abandoning module SubstanceCore (94)
[2016.08.17-17.28.05:722][224]LogModuleManager: Shutting down and abandoning module LightPropagationVolumeRuntime (93)
[2016.08.17-17.28.05:722][224]LogModuleManager: Shutting down and abandoning module Paper2D (92)
[2016.08.17-17.28.05:722][224]LogModuleManager: Shutting down and abandoning module WindowsMoviePlayer (91)
[2016.08.17-17.28.05:722][224]LogModuleManager: Shutting down and abandoning module Media (90)
[2016.08.17-17.28.05:722][224]LogModuleManager: Shutting down and abandoning module WmfMedia (89)
[2016.08.17-17.28.05:724][224]LogModuleManager: Shutting down and abandoning module MediaAssets (88)
[2016.08.17-17.28.05:724][224]LogModuleManager: Shutting down and abandoning module GameLiveStreaming (87)
[2016.08.17-17.28.05:724][224]LogModuleManager: Shutting down and abandoning module GameplayTagsEditor (86)
[2016.08.17-17.28.05:724][224]LogModuleManager: Shutting down and abandoning module OnlineBlueprintSupport (85)
[2016.08.17-17.28.05:724][224]LogModuleManager: Shutting down and abandoning module VREditor (84)
[2016.08.17-17.28.05:724][224]LogModuleManager: Shutting down and abandoning module GameplayTasksEditor (83)
[2016.08.17-17.28.05:724][224]LogModuleManager: Shutting down and abandoning module PropertyEditor (82)
[2016.08.17-17.28.05:724][224]LogModuleManager: Shutting down and abandoning module BehaviorTreeEditor (81)
[2016.08.17-17.28.05:724][224]LogModuleManager: Shutting down and abandoning module FunctionalTesting (80)
[2016.08.17-17.28.05:724][224]LogModuleManager: Shutting down and abandoning module CollisionAnalyzer (79)
[2016.08.17-17.28.05:725][224]LogModuleManager: Shutting down and abandoning module Sequencer (78)
[2016.08.17-17.28.05:725][224]LogModuleManager: Shutting down and abandoning module WorkspaceMenuStructure (77)
[2016.08.17-17.28.05:725][224]LogModuleManager: Shutting down and abandoning module MessageLog (76)
[2016.08.17-17.28.05:725][224]LogModuleManager: Shutting down and abandoning module AssetTools (75)
[2016.08.17-17.28.05:725][224]LogModuleManager: Shutting down and abandoning module UMGEditor (74)
[2016.08.17-17.28.05:725][224]LogModuleManager: Shutting down and abandoning module UMG (73)
[2016.08.17-17.28.05:725][224]LogModuleManager: Shutting down and abandoning module SlateReflector (72)
[2016.08.17-17.28.05:725][224]LogModuleManager: Shutting down and abandoning module Slate (71)
[2016.08.17-17.28.05:725][224]LogModuleManager: Shutting down and abandoning module EditorStyle (70)
[2016.08.17-17.28.05:729][224]LogModuleManager: Shutting down and abandoning module SourceCodeAccess (69)
[2016.08.17-17.28.05:729][224]LogModuleManager: Shutting down and abandoning module HeadMountedDisplay (68)
[2016.08.17-17.28.05:729][224]LogModuleManager: Shutting down and abandoning module XAudio2 (67)
[2016.08.17-17.28.05:729][224]LogModuleManager: Shutting down and abandoning module Networking (65)
[2016.08.17-17.28.05:729][224]LogModuleManager: Shutting down and abandoning module Core (64)
[2016.08.17-17.28.05:729][224]LogModuleManager: Shutting down and abandoning module DirectoryWatcher (63)
[2016.08.17-17.28.05:730][224]LogModuleManager: Shutting down and abandoning module AssetRegistry (62)
[2016.08.17-17.28.05:875][224]LogModuleManager: Shutting down and abandoning module KismetCompiler (61)
[2016.08.17-17.28.05:875][224]LogModuleManager: Shutting down and abandoning module PhysXFormats (60)
[2016.08.17-17.28.05:875][224]LogModuleManager: Shutting down and abandoning module MeshUtilities (59)
[2016.08.17-17.28.05:875][224]LogModuleManager: Shutting down and abandoning module DerivedDataCache (58)
[2016.08.17-17.28.06:021][224]LogDerivedDataCache: Shutdown
[2016.08.17-17.28.06:021][224]LogModuleManager: Shutting down and abandoning module VulkanShaderFormat (57)
[2016.08.17-17.28.06:021][224]LogModuleManager: Shutting down and abandoning module ShaderFormatOpenGL (56)
[2016.08.17-17.28.06:021][224]LogModuleManager: Shutting down and abandoning module ShaderFormatD3D (55)
[2016.08.17-17.28.06:021][224]LogModuleManager: Shutting down and abandoning module MetalShaderFormat (54)
[2016.08.17-17.28.06:022][224]LogModuleManager: Shutting down and abandoning module TextureFormatUncompressed (53)
[2016.08.17-17.28.06:022][224]LogModuleManager: Shutting down and abandoning module TextureFormatPVR (52)
[2016.08.17-17.28.06:022][224]LogModuleManager: Shutting down and abandoning module TextureFormatIntelISPCTexComp (51)
[2016.08.17-17.28.06:022][224]LogModuleManager: Shutting down and abandoning module TextureFormatDXT (50)
[2016.08.17-17.28.06:022][224]LogModuleManager: Shutting down and abandoning module ImageWrapper (49)
[2016.08.17-17.28.06:022][224]LogModuleManager: Shutting down and abandoning module TextureFormatASTC (48)
[2016.08.17-17.28.06:022][224]LogModuleManager: Shutting down and abandoning module TextureFormatAndroid (47)
[2016.08.17-17.28.06:022][224]LogModuleManager: Shutting down and abandoning module AudioFormatOpus (46)
[2016.08.17-17.28.06:022][224]LogModuleManager: Shutting down and abandoning module AudioFormatOgg (45)
[2016.08.17-17.28.06:022][224]LogModuleManager: Shutting down and abandoning module AudioFormatADPCM (44)
[2016.08.17-17.28.06:022][224]LogModuleManager: Shutting down and abandoning module LinuxTargetPlatform (43)
[2016.08.17-17.28.06:022][224]LogModuleManager: Shutting down and abandoning module LinuxServerTargetPlatform (42)
[2016.08.17-17.28.06:022][224]LogModuleManager: Shutting down and abandoning module LinuxNoEditorTargetPlatform (41)
[2016.08.17-17.28.06:022][224]LogModuleManager: Shutting down and abandoning module TVOSTargetPlatform (40)
[2016.08.17-17.28.06:022][224]LogModuleManager: Shutting down and abandoning module Messaging (39)
[2016.08.17-17.28.06:022][224]LogModuleManager: Shutting down and abandoning module IOSTargetPlatform (38)
[2016.08.17-17.28.06:022][224]LogModuleManager: Shutting down and abandoning module HTML5TargetPlatform (37)
[2016.08.17-17.28.06:022][224]LogModuleManager: Shutting down and abandoning module Android_PVRTCTargetPlatform (36)
[2016.08.17-17.28.06:022][224]LogModuleManager: Shutting down and abandoning module Android_MultiTargetPlatform (35)
[2016.08.17-17.28.06:022][224]LogModuleManager: Shutting down and abandoning module Android_ETC2TargetPlatform (34)
[2016.08.17-17.28.06:022][224]LogModuleManager: Shutting down and abandoning module Android_ETC1TargetPlatform (33)
[2016.08.17-17.28.06:022][224]LogModuleManager: Shutting down and abandoning module Android_DXTTargetPlatform (32)
[2016.08.17-17.28.06:022][224]LogModuleManager: Shutting down and abandoning module Android_ATCTargetPlatform (31)
[2016.08.17-17.28.06:022][224]LogModuleManager: Shutting down and abandoning module Android_ASTCTargetPlatform (30)
[2016.08.17-17.28.06:022][224]LogModuleManager: Shutting down and abandoning module AndroidTargetPlatform (29)
[2016.08.17-17.28.06:022][224]LogModuleManager: Shutting down and abandoning module WindowsTargetPlatform (28)
[2016.08.17-17.28.06:023][224]LogModuleManager: Shutting down and abandoning module WindowsServerTargetPlatform (27)
[2016.08.17-17.28.06:023][224]LogModuleManager: Shutting down and abandoning module WindowsNoEditorTargetPlatform (26)
[2016.08.17-17.28.06:023][224]LogModuleManager: Shutting down and abandoning module WindowsClientTargetPlatform (25)
[2016.08.17-17.28.06:023][224]LogModuleManager: Shutting down and abandoning module AllDesktopTargetPlatform (24)
[2016.08.17-17.28.06:023][224]LogModuleManager: Shutting down and abandoning module TargetPlatform (23)
[2016.08.17-17.28.06:023][224]LogModuleManager: Shutting down and abandoning module InputCore (22)
[2016.08.17-17.28.06:023][224]LogModuleManager: Shutting down and abandoning module Settings (21)
[2016.08.17-17.28.06:023][224]LogModuleManager: Shutting down and abandoning module OnlineSubsystem (19)
[2016.08.17-17.28.06:023][224]LogModuleManager: Shutting down and abandoning module HTTP (18)
[2016.08.17-17.28.10:539][224]LogModuleManager: Shutting down and abandoning module XMPP (17)
[2016.08.17-17.28.10:539][224]LogModuleManager: Shutting down and abandoning module OculusRift (16)
[2016.08.17-17.28.10:539][224]LogModuleManager: Shutting down and abandoning module ExampleDeviceProfileSelector (15)
[2016.08.17-17.28.10:539][224]LogModuleManager: Shutting down and abandoning module TextureCompressor (14)
[2016.08.17-17.28.10:539][224]LogModuleManager: Shutting down and abandoning module ShaderCore (13)
[2016.08.17-17.28.10:539][224]LogModuleManager: Shutting down and abandoning module Landscape (12)
[2016.08.17-17.28.10:539][224]LogModuleManager: Shutting down and abandoning module SlateRHIRenderer (11)
[2016.08.17-17.28.10:541][224]LogModuleManager: Shutting down and abandoning module OpenGLDrv (10)
[2016.08.17-17.28.10:541][224]LogModuleManager: Shutting down and abandoning module D3D11RHI (9)
[2016.08.17-17.28.10:541][224]LogModuleManager: Shutting down and abandoning module AnimGraphRuntime (8)
[2016.08.17-17.28.10:541][224]LogModuleManager: Shutting down and abandoning module Renderer (7)
[2016.08.17-17.28.10:541][224]LogModuleManager: Shutting down and abandoning module Engine (6)
[2016.08.17-17.28.10:541][224]LogModuleManager: Shutting down and abandoning module CoreUObject (5)
[2016.08.17-17.28.10:541][224]LogModuleManager: Shutting down and abandoning module NetworkFile (4)
[2016.08.17-17.28.10:541][224]LogModuleManager: Shutting down and abandoning module StreamingFile (3)
[2016.08.17-17.28.10:541][224]LogModuleManager: Shutting down and abandoning module SandboxFile (2)
[2016.08.17-17.28.10:541][224]LogModuleManager: Shutting down and abandoning module PakFile (1)
[2016.08.17-17.28.10:545][224]LogExit: Exiting.
[2016.08.17-17.28.10:558][224]Log file closed, 08/17/16 19:28:10
