Log file open, 08/16/16 10:56:21
LogInit:Display: Running engine for game: ShowroomV1
LogPlatformFile: Not using cached read wrapper
LogInit:Display: RandInit(1081968859) SRandInit(1081968860).
LogTaskGraph: Started task graph with 4 named threads and 9 total threads with 1 sets of task threads.
LogStats: Stats thread started at 0.094258
LogHMD: Can't find Oculus library dev build: is proper Runtime installed? Version: 1.3.2
LogInit: Version: 4.12.5-3039270+++UE4+Release-4.12
LogInit: API Version: 2992821
LogInit: Net Version: 3039270
LogDevObjectVersion: Number of dev versions registered: 13
LogDevObjectVersion:   Dev-Blueprints (B0D832E4-1F89-4F0D-ACCF-7EB736FD4AA2): 3
LogDevObjectVersion:   Dev-Build (E1C64328-A22C-4D53-A36C-8E866417BD8C): 0
LogDevObjectVersion:   Dev-Core (375EC13C-06E4-48FB-B500-84F0262A717E): 1
LogDevObjectVersion:   Dev-Editor (E4B068ED-F494-42E9-A231-DA0B2E46BB41): 2
LogDevObjectVersion:   Dev-Framework (CFFC743F-43B0-4480-9391-14DF171D2073): 6
LogDevObjectVersion:   Dev-Mobile (B02B49B5-BB20-44E9-A304-32B752E40360): 0
LogDevObjectVersion:   Dev-Networking (A4E4105C-59A1-49B5-A7C5-40C4547EDFEE): 0
LogDevObjectVersion:   Dev-Online (39C831C9-5AE6-47DC-9A44-9C173E1C8E7C): 0
LogDevObjectVersion:   Dev-Physics (78F01B33-EBEA-4F98-B9B4-84EACCB95AA2): 0
LogDevObjectVersion:   Dev-Platform (6631380F-2D4D-43E0-8009-CF276956A95A): 0
LogDevObjectVersion:   Dev-Rendering (12F88B9F-8875-4AFC-A67C-D90C383ABD29): 2
LogDevObjectVersion:   Dev-Sequencer (7B5AE74C-D270-4C10-A958-57980B212A5A): 0
LogDevObjectVersion:   Dev-VR (D7296918-1DD6-4BDD-9DE2-64A83CC13884): 0
LogInit: Compiled (64-bit): Jul  6 2016 09:09:46
LogInit: Compiled with Visual C++: 19.00.23026.00
LogInit: Build Configuration: Development
LogInit: Branch Name: ++UE4+Release-4.12
LogInit: Command line: -EpicPortal 
LogInit: Base directory: C:/Program Files (x86)/Epic Games/4.12/Engine/Binaries/Win64/
LogInit: Installed Engine Build: 1
LogInit: Using libcurl 7.41.0
LogInit:  - built for x86_64-pc-win32
LogInit:  - supports SSL with WinSSL
LogInit:  - other features:
LogInit:      CURL_VERSION_SSL
LogInit:      CURL_VERSION_IPV6
LogInit:      CURL_VERSION_ASYNCHDNS
LogInit:      CURL_VERSION_LARGEFILE
LogInit:      CURL_VERSION_IDN
LogInit:  CurlRequestOptions (configurable via config and command line):
LogInit:  - bVerifyPeer = true  - Libcurl will verify peer certificate
LogInit:  - bUseHttpProxy = false  - Libcurl will NOT use HTTP proxy
LogInit:  - bDontReuseConnections = false  - Libcurl will reuse connections
LogInit:  - CertBundlePath = nullptr  - Libcurl will use whatever was configured at build time.
LogInit: Presizing for max 8388607 objects, including 0 objects not considered by GC, pre-allocating 0 bytes for permanent pool.
LogInit: Object subsystem initialized
[2016.08.16-08.56.21:715][  0]LogInit: Selected Device Profile: [Windows]
[2016.08.16-08.56.21:715][  0]LogInit: Applying CVar settings loaded from the selected device profile: [Windows]
[2016.08.16-08.56.21:724][  0]LogInit: Computer: SUPERCUBE1
[2016.08.16-08.56.21:724][  0]LogInit: User: SUPERCUBE
[2016.08.16-08.56.21:724][  0]LogInit: CPU Page size=65536, Cores=6
[2016.08.16-08.56.21:724][  0]LogInit: High frequency timer resolution =3.322262 MHz
[2016.08.16-08.56.21:725][  0]LogMemory: Memory total: Physical=31.9GB (32GB approx)
[2016.08.16-08.56.21:725][  0]LogMemory: Platform Memory Stats for Windows
[2016.08.16-08.56.21:725][  0]LogMemory: Process Physical Memory: 189.57 MB used, 189.57 MB peak
[2016.08.16-08.56.21:725][  0]LogMemory: Process Virtual Memory: 195.30 MB used, 195.30 MB peak
[2016.08.16-08.56.21:725][  0]LogMemory: Physical Memory: 4763.84 MB used, 32708.88 MB total
[2016.08.16-08.56.21:725][  0]LogMemory: Virtual Memory: 533.55 MB used, 134217728.00 MB total
[2016.08.16-08.56.21:753][  0]LogTextLocalizationManager: No translations for ('fr-FR') exist, falling back to 'en' for localization and internationalization data.
[2016.08.16-08.56.22:137][  0]LogD3D11RHI: D3D11 adapters:
[2016.08.16-08.56.22:153][  0]LogD3D11RHI:    0. 'NVIDIA GeForce GTX 780 Ti' (Feature Level 11_0)
[2016.08.16-08.56.22:153][  0]LogD3D11RHI:       2948/0/16354 MB DedicatedVideo/DedicatedSystem/SharedSystem, Outputs:1, VendorId:0x10de
[2016.08.16-08.56.22:154][  0]LogD3D11RHI:    1. 'Microsoft Basic Render Driver' (Feature Level 11_0)
[2016.08.16-08.56.22:154][  0]LogD3D11RHI:       0/0/256 MB DedicatedVideo/DedicatedSystem/SharedSystem, Outputs:0, VendorId:0x1414
[2016.08.16-08.56.22:154][  0]LogD3D11RHI: Chosen D3D11 Adapter: 0
[2016.08.16-08.56.22:158][  0]LogD3D11RHI: Creating new Direct3DDevice
[2016.08.16-08.56.22:158][  0]LogD3D11RHI:     GPU DeviceId: 0x100a (for the marketing name, search the web for "GPU Device Id")
[2016.08.16-08.56.22:158][  0]LogWindows: EnumDisplayDevices:
[2016.08.16-08.56.22:158][  0]LogWindows:    0. 'NVIDIA GeForce GTX 780 Ti' (P:1 D:1)
[2016.08.16-08.56.22:158][  0]LogWindows:    1. 'NVIDIA GeForce GTX 780 Ti' (P:0 D:0)
[2016.08.16-08.56.22:158][  0]LogWindows:    2. 'NVIDIA GeForce GTX 780 Ti' (P:0 D:0)
[2016.08.16-08.56.22:158][  0]LogWindows:    3. 'NVIDIA GeForce GTX 780 Ti' (P:0 D:0)
[2016.08.16-08.56.22:158][  0]LogWindows: DebugString: FoundDriverCount:4 
[2016.08.16-08.56.22:158][  0]LogD3D11RHI:     Adapter Name: NVIDIA GeForce GTX 780 Ti
[2016.08.16-08.56.22:158][  0]LogD3D11RHI:   Driver Version: 368.81 (internal:10.18.13.6881, unified:368.81)
[2016.08.16-08.56.22:158][  0]LogD3D11RHI:      Driver Date: 7-10-2016
[2016.08.16-08.56.22:158][  0]LogRHI: Texture pool is 1361 MB (70% of 1945 MB)
[2016.08.16-08.56.22:168][  0]LogD3D11RHI: Async texture creation enabled
[2016.08.16-08.56.22:185][  0]LogD3D11RHI: GPU Timing Frequency: 1000.000000 (Debug: 2 2)
[2016.08.16-08.56.22:185][  0]LogShaderCompilers: Guid format shader working directory is -25 characters bigger than the processId version (../../../../../../Users/SUPERCUBE/Desktop/Celia WORK/ShowroomV2/ShowroomV1/Intermediate/Shaders/WorkingDirectory/5976/).
[2016.08.16-08.56.22:185][  0]LogShaderCompilers: Cleaned the shader compiler working directory 'C:/Users/SUPERC~1/AppData/Local/Temp/UnrealShaderWorkingDir/68D678964EDCFA791ACFC0B2C45F62F8/'.
[2016.08.16-08.56.22:185][  0]LogShaderCompilers:Display: Using Local Shader Compiler.
[2016.08.16-08.56.23:113][  0]LogTemp:Display: Loaded TP AllDesktopTargetPlatform
[2016.08.16-08.56.23:122][  0]LogTemp:Display: Loaded TP WindowsClientTargetPlatform
[2016.08.16-08.56.23:131][  0]LogTemp:Display: Loaded TP WindowsNoEditorTargetPlatform
[2016.08.16-08.56.23:141][  0]LogTemp:Display: Loaded TP WindowsServerTargetPlatform
[2016.08.16-08.56.23:151][  0]LogTemp:Display: Loaded TP WindowsTargetPlatform
[2016.08.16-08.56.23:160][  0]LogTemp:Display: Loaded TP AndroidTargetPlatform
[2016.08.16-08.56.23:167][  0]LogTemp:Display: Loaded TP Android_ASTCTargetPlatform
[2016.08.16-08.56.23:176][  0]LogTemp:Display: Loaded TP Android_ATCTargetPlatform
[2016.08.16-08.56.23:184][  0]LogTemp:Display: Loaded TP Android_DXTTargetPlatform
[2016.08.16-08.56.23:192][  0]LogTemp:Display: Loaded TP Android_ETC1TargetPlatform
[2016.08.16-08.56.23:200][  0]LogTemp:Display: Loaded TP Android_ETC2TargetPlatform
[2016.08.16-08.56.23:218][  0]LogTemp:Display: Loaded TP Android_MultiTargetPlatform
[2016.08.16-08.56.23:218][  0]LogTemp:Display: Loaded TP Android_PVRTCTargetPlatform
[2016.08.16-08.56.23:219][  0]LogTemp:Display: Loaded TP HTML5TargetPlatform
[2016.08.16-08.56.23:241][  0]LogTemp:Display: Loaded TP IOSTargetPlatform
[2016.08.16-08.56.23:249][  0]LogTemp:Display: Loaded TP TVOSTargetPlatform
[2016.08.16-08.56.23:256][  0]LogTemp:Display: Loaded TP LinuxNoEditorTargetPlatform
[2016.08.16-08.56.23:264][  0]LogTemp:Display: Loaded TP LinuxServerTargetPlatform
[2016.08.16-08.56.23:272][  0]LogTemp:Display: Loaded TP LinuxTargetPlatform
[2016.08.16-08.56.23:272][  0]LogTargetPlatformManager:Display: Building Assets For Windows
[2016.08.16-08.56.23:333][  0]LogDerivedDataCache:Display: Max Cache Size: 512 MB
[2016.08.16-08.56.23:399][  0]LogDerivedDataCache: Loaded boot cache 0.07s 78MB C:/Users/SUPERCUBE/AppData/Local/UnrealEngine/4.12/DerivedDataCache/Boot.ddc.
[2016.08.16-08.56.23:399][  0]LogDerivedDataCache:Display: Loaded Boot cache: C:/Users/SUPERCUBE/AppData/Local/UnrealEngine/4.12/DerivedDataCache/Boot.ddc
[2016.08.16-08.56.23:400][  0]LogDerivedDataCache: FDerivedDataBackendGraph:  Pak pak cache file ../../../../../../Users/SUPERCUBE/Desktop/Celia WORK/ShowroomV2/ShowroomV1/DerivedDataCache/DDC.ddp not found, will not use a pak cache.
[2016.08.16-08.56.23:400][  0]LogDerivedDataCache: Unable to find inner node Pak for hierarchical cache Hierarchy.
[2016.08.16-08.56.23:400][  0]LogDerivedDataCache: FDerivedDataBackendGraph:  CompressedPak pak cache file ../../../../../../Users/SUPERCUBE/Desktop/Celia WORK/ShowroomV2/ShowroomV1/DerivedDataCache/Compressed.ddp not found, will not use a pak cache.
[2016.08.16-08.56.23:400][  0]LogDerivedDataCache: Unable to find inner node CompressedPak for hierarchical cache Hierarchy.
[2016.08.16-08.56.23:416][  0]LogDerivedDataCache:Display: Pak cache opened for reading ../../../Engine/DerivedDataCache/Compressed.ddp.
[2016.08.16-08.56.23:429][  0]LogDerivedDataCache: Using Local data cache path C:/Users/SUPERCUBE/AppData/Local/UnrealEngine/Common/DerivedDataCache: Writable
[2016.08.16-08.56.23:623][  0]LogInit: Selected Device Profile: [Windows]
[2016.08.16-08.56.23:623][  0]LogContentStreaming: Texture pool size is 0.00 MB
[2016.08.16-08.56.23:776][  0]LogMeshUtilities: No automatic mesh reduction module available
[2016.08.16-08.56.23:776][  0]LogMeshUtilities: No automatic mesh merging module available
[2016.08.16-08.56.23:776][  0]LogMeshUtilities: No distributed automatic mesh merging module available
[2016.08.16-08.56.23:999][  0]LogAssetRegistry: FAssetRegistry took 0.0216 seconds to start up
[2016.08.16-08.56.24:018][  0]LogPackageLocalizationCache: Processed 3 localized package path(s) for 1 prioritized culture(s) in 0.017501 seconds
[2016.08.16-08.56.24:024][  0]LogUObjectArray: 28739 objects as part of root set at end of initial load.
[2016.08.16-08.56.24:024][  0]LogUObjectAllocator: 5855624 out of 0 bytes used by permanent object pool.
[2016.08.16-08.56.24:024][  0]LogUObjectArray: CloseDisregardForGC: 0/0 objects in disregard for GC pool
[2016.08.16-08.56.24:029][  0]LogInit: WinSock: version 1.1 (2.2), MaxSocks=32767, MaxUdp=65467
[2016.08.16-08.56.24:190][  0]LogSlate: SlateFontCache - WITH_FREETYPE: 1, WITH_HARFBUZZ: 1
[2016.08.16-08.56.24:190][  0]LogSlate: SlateFontCache - WITH_FREETYPE: 1, WITH_HARFBUZZ: 1
[2016.08.16-08.56.24:810][  0]LogSubstanceCoreModule: Substance CPU Engine Loaded, Max Texture Size 2048
[2016.08.16-08.56.24:841][  0]LogUdpMessaging: Initializing bridge on interface 0.0.0.0:0 to multicast group 230.0.0.1:6666.
[2016.08.16-08.56.25:045][  0]SourceControl: Info Source control is disabled
[2016.08.16-08.56.25:046][  0]SourceControl: Info Source control is disabled
[2016.08.16-08.56.25:053][  0]SourceControl: Info Source control is disabled
[2016.08.16-08.56.25:059][  0]SourceControl: Info Source control is disabled
[2016.08.16-08.56.25:242][  0]LogEngine: Initializing Engine...
[2016.08.16-08.56.25:256][  0]LogHMD: SteamVR initialized.  Driver: lighthouse  Display: LHR-F53E54EA
[2016.08.16-08.56.25:268][  0]LogHMD: SteamVR initialized.  Driver: lighthouse  Display: LHR-F53E54EA
[2016.08.16-08.56.25:403][  0]LogAIModule: Creating AISystem for world NewWorld
[2016.08.16-08.56.25:413][  0]LogInit: XAudio2 using 'Speakers (2- USB Audio Device)' : 2 channels at 44.1 kHz using 16 bits per sample (channel mask 0x3)
[2016.08.16-08.56.25:421][  0]LogInit: FAudioDevice initialized.
[2016.08.16-08.56.25:454][  0]LogDerivedDataCache: Saved boot cache 0.03s 78MB C:/Users/SUPERCUBE/AppData/Local/UnrealEngine/4.12/DerivedDataCache/Boot.ddc.
[2016.08.16-08.56.25:460][  0]LogInit: Texture streaming: Enabled
[2016.08.16-08.56.25:503][  0]LogInit: Transaction tracking system initialized
[2016.08.16-08.56.25:520][  0]BlueprintLog: New page: Editor Load
[2016.08.16-08.56.25:578][  0]LocalizationService: Info Localization service is disabled
[2016.08.16-08.56.25:660][  0]LogConsoleResponse:Display: 
[2016.08.16-08.56.25:753][  0]LogCook:Display: Max memory allowance for cook 8192mb
[2016.08.16-08.56.25:753][  0]LogCook:Display: Mobile HDR setting 0
[2016.08.16-08.56.25:835][  0]LogFileCache: Scanning file cache for directory 'C:/Users/SUPERCUBE/Desktop/Celia WORK/ShowroomV2/ShowroomV1/Content/' took 0.01s
[2016.08.16-08.56.25:835][  0]SourceControl: Info Source control is disabled
[2016.08.16-08.56.25:835][  0]Cmd: MAP LOAD FILE="../../../Engine/Content/Maps/Templates/Template_Default.umap" TEMPLATE=1 SHOWPROGRESS=1 FEATURELEVEL=3
[2016.08.16-08.56.25:836][  0]LightingResults: New page: Lighting Build
[2016.08.16-08.56.25:838][  0]MapCheck: New page: Map Check
[2016.08.16-08.56.25:838][  0]LightingResults: New page: Lighting Build
[2016.08.16-08.56.26:093][  0]LogAIModule: Creating AISystem for world Untitled_1
[2016.08.16-08.56.26:098][  0]LogEditorServer: Finished looking for orphan Actors (0.000 secs)
[2016.08.16-08.56.26:103][  0]Cmd: MAP CHECKDEP NOCLEARLOG
[2016.08.16-08.56.26:140][  0]MapCheck: Info Map check complete: 0 Error(s), 0 Warning(s), took 37.532ms to complete.
[2016.08.16-08.56.26:140][  0]LogFileHelpers: Loading map 'Template_Default' took 0.305
[2016.08.16-08.56.26:274][  0]LogCollectionManager: Loaded 0 collections in 0.001362 seconds
[2016.08.16-08.56.26:331][  0]LogFileCache: Scanning file cache for directory 'C:/Users/SUPERCUBE/Desktop/Celia WORK/ShowroomV2/ShowroomV1/Saved/Collections/' took 0.01s
[2016.08.16-08.56.26:331][  0]LogFileCache: Scanning file cache for directory 'C:/Users/SUPERCUBE/Desktop/Celia WORK/ShowroomV2/ShowroomV1/Content/Developers/SUPERCUBE/Collections/' took 0.01s
[2016.08.16-08.56.26:331][  0]LogFileCache: Scanning file cache for directory 'C:/Users/SUPERCUBE/Desktop/Celia WORK/ShowroomV2/ShowroomV1/Content/Collections/' took 0.01s
[2016.08.16-08.56.26:331][  0]LogCollectionManager: Rebuilt the GUID cache for 0 collections in 0.000002 seconds
[2016.08.16-08.56.26:341][  0]LogContentBrowser: Native class hierarchy populated in 0.0086 seconds. Added 2062 classes and 375 folders.
[2016.08.16-08.56.26:347][  0]LogStats: UGameplayTagsManager::ConstructGameplayTagTree: Construct from data asset -  0.000 s
[2016.08.16-08.56.26:347][  0]LogStats: UGameplayTagsManager::ConstructGameplayTagTree: GameplayTagTreeChangedEvent.Broadcast -  0.000 s
[2016.08.16-08.56.26:348][  0]LogContentBrowser: Native class hierarchy updated for 'GameplayTags' in 0.0004 seconds. Added 12 classes and 0 folders.
[2016.08.16-08.56.26:353][  0]LogContentBrowser: Native class hierarchy updated for 'WidgetCarousel' in 0.0003 seconds. Added 0 classes and 0 folders.
[2016.08.16-08.56.26:513][  0]LogContentBrowser: Native class hierarchy updated for 'AddContentDialog' in 0.0004 seconds. Added 0 classes and 0 folders.
[2016.08.16-08.56.26:526][  0]LogContentBrowser: Native class hierarchy updated for 'SceneOutliner' in 0.0004 seconds. Added 1 classes and 2 folders.
[2016.08.16-08.56.26:572][  0]LogCrashTracker: Crashtracker disabled due to settings.
[2016.08.16-08.56.26:582][  0]LogUObjectGlobals:Warning: Failed to find object 'Class None.'
[2016.08.16-08.56.26:608][  0]LogContentBrowser: Native class hierarchy updated for 'HierarchicalLODOutliner' in 0.0004 seconds. Added 1 classes and 2 folders.
[2016.08.16-08.56.26:608][  0]LogLoad: Full Startup: 5.60 seconds (BP compile: 0.04 seconds)
[2016.08.16-08.56.26:608][  0]LogExternalProfiler: Found external profiler: VSPerf
[2016.08.16-08.56.26:608][  0]LogExternalProfiler: Using external profiler: VSPerf
[2016.08.16-08.56.26:617][  0]LogOcInput: OculusInput pre-init called
[2016.08.16-08.56.26:618][  0]LogOcInput: Can't find Oculus library dev build: is proper Runtime installed? Version: 1.3.2
[2016.08.16-08.56.26:642][  0]LogContentStreaming: Texture pool size now 1000 MB
[2016.08.16-08.56.26:886][  0]LogRenderer: Reallocating scene render targets to support 1836x1020 (Frame:2).
[2016.08.16-08.56.26:981][  1]LogAssetRegistry: Asset discovery search completed in 3.0044 seconds
[2016.08.16-08.56.26:981][  1]LogCollectionManager: Rebuilt the object cache for 0 collections in 0.000001 seconds (found 0 objects)
[2016.08.16-08.56.26:981][  1]LogCollectionManager: Fixed up redirectors for 0 collections in 0.000029 seconds (updated 0 objects)
[2016.08.16-08.56.32:831][699]LogEditorViewport: Clicking on Actor (LMB): StaticMeshActor (Floor)
[2016.08.16-08.56.46:705][138]LogText:Warning: Failed to parse argument "ImportClass" as a number (using "0" as a fallback). Please check your format string for errors: ": Failed import for {ImportClass}".
[2016.08.16-08.56.46:706][138]LogText:Warning: Failed to parse argument "ImportClass" as a number (using "0" as a fallback). Please check your format string for errors: ": Failed import for {ImportClass}".
[2016.08.16-08.56.46:707][138]LogText:Warning: Failed to parse argument "ImportClass" as a number (using "0" as a fallback). Please check your format string for errors: ": Failed import for {ImportClass}".
[2016.08.16-08.56.46:707][138]LogText:Warning: Failed to parse argument "ImportClass" as a number (using "0" as a fallback). Please check your format string for errors: ": Failed import for {ImportClass}".
[2016.08.16-08.56.46:713][138]LogLinker:Warning: Can't find file '/Game/FBX/LOGO_SUPPORT2'
[2016.08.16-08.56.46:713][138]LogLinker:Warning: Can't find file for asset '/Game/FBX/LOGO_SUPPORT2' while loading ../../../../../../Users/SUPERCUBE/Desktop/Celia WORK/ShowroomV2/ShowroomV1/Content/LOGO_01_LOGO_NEON.uasset.
[2016.08.16-08.56.46:713][138]LoadErrors:Error: Error /Game/LOGO_01_LOGO_NEON : Can't find file for asset. /Game/FBX/LOGO_SUPPORT2
[2016.08.16-08.56.46:713][138]LogLinker:Warning: Can't find file '/Game/FBX/LOGO_SUPPORT2'
[2016.08.16-08.56.46:713][138]LogLinker:Warning: Can't find file for asset '/Game/FBX/LOGO_SUPPORT2' while loading ../../../../../../Users/SUPERCUBE/Desktop/Celia WORK/ShowroomV2/ShowroomV1/Content/LOGO_01_LOGO_NEON.uasset.
[2016.08.16-08.56.46:714][138]LogLinker:Warning: Can't find file '/Game/FBX/LOGO_SUPPORT'
[2016.08.16-08.56.46:714][138]LogLinker:Warning: Can't find file for asset '/Game/FBX/LOGO_SUPPORT' while loading ../../../../../../Users/SUPERCUBE/Desktop/Celia WORK/ShowroomV2/ShowroomV1/Content/LOGO_01_LOGO_SUPPORT.uasset.
[2016.08.16-08.56.46:714][138]LoadErrors:Error: Error /Game/LOGO_01_LOGO_SUPPORT : Can't find file for asset. /Game/FBX/LOGO_SUPPORT
[2016.08.16-08.56.46:714][138]LogLinker:Warning: Can't find file '/Game/FBX/LOGO_SUPPORT'
[2016.08.16-08.56.46:714][138]LogLinker:Warning: Can't find file for asset '/Game/FBX/LOGO_SUPPORT' while loading ../../../../../../Users/SUPERCUBE/Desktop/Celia WORK/ShowroomV2/ShowroomV1/Content/LOGO_01_LOGO_SUPPORT.uasset.
[2016.08.16-08.56.46:776][138]LogLinker:Warning: Can't find file '/Game/FBX/LOGO_SUPPORT'
[2016.08.16-08.56.46:776][138]LoadErrors: Info Failed to load /Game/FBX/LOGO_SUPPORT.LOGO_SUPPORT Referenced by LOGO_01_LOGO_SUPPORT
[2016.08.16-08.56.46:776][138]LogLinker:Warning: Can't find file for asset '/Game/FBX/LOGO_SUPPORT' while loading NULL.
[2016.08.16-08.56.46:777][138]LogLinker:Warning: Can't find file '/Game/FBX/LOGO_SUPPORT2'
[2016.08.16-08.56.46:777][138]LoadErrors: Info Failed to load /Game/FBX/LOGO_SUPPORT2.LOGO_SUPPORT2 Referenced by LOGO_01_LOGO_NEON
[2016.08.16-08.56.46:777][138]LogLinker:Warning: Can't find file for asset '/Game/FBX/LOGO_SUPPORT2' while loading NULL.
[2016.08.16-08.56.46:778][138]LogSubstanceCore:Error: No parent instance found for this SubstanceTexture2D (SubstanceTexture2D /Game/Material/Text/New_Graph_INST_roughness.New_Graph_INST_roughness). You need to delete the texture.
[2016.08.16-08.56.46:791][138]LogSubstanceCore:Error: No parent instance found for this SubstanceTexture2D (SubstanceTexture2D /Game/Material/Text/New_Graph_INST_normal.New_Graph_INST_normal). You need to delete the texture.
[2016.08.16-08.56.46:825][138]LogTexture:Display: Building textures: Adidas_Thumbnail (AutoDXT)
[2016.08.16-08.56.47:518][138]LogTexture:Display: Building textures: Superclub_Thumbnail (AutoDXT)
[2016.08.16-08.56.47:850][138]LogMaterial: Missing cached shader map for material Thumbnail_Adidas, compiling. 
[2016.08.16-08.56.47:860][138]LogSubstanceCore:Error: No parent instance found for this SubstanceTexture2D (SubstanceTexture2D /Game/Material/Text/New_Graph_INST_metallic.New_Graph_INST_metallic). You need to delete the texture.
[2016.08.16-08.56.47:888][138]LogStaticMesh: Building static mesh Thumbnail_1024x728...
[2016.08.16-08.56.47:891][138]LogStaticMesh: Built static mesh [0.00s] /Game/Thumbnail_1024x728.Thumbnail_1024x728
[2016.08.16-08.56.47:899][138]LogSubstanceCore:Error: No parent instance found for this SubstanceTexture2D (SubstanceTexture2D /Game/Material/Text/New_Graph_INST_basecolor.New_Graph_INST_basecolor). You need to delete the texture.
[2016.08.16-08.56.47:942][138]LogTexture:Display: Building textures: HQ_Lightmap0_1 (AutoDXT)
[2016.08.16-08.56.48:144][138]LogTexture:Display: Building textures: HQ_Lightmap0_2 (AutoDXT)
[2016.08.16-08.56.48:166][138]LogTexture:Display: Building textures: LQ_Lightmap_0_1 (DXT1)
[2016.08.16-08.56.48:290][138]LogTexture:Display: Building textures: LQ_Lightmap_1_2 (DXT1)
[2016.08.16-08.56.48:357][138]LogTexture:Display: Building textures: TEXT_Description (AutoDXT)
[2016.08.16-08.56.48:447][138]LogMaterial: Missing cached shader map for material Decal_description, compiling. 
[2016.08.16-08.56.48:522][138]LogBlueprint:Warning: Node '/Game/StarterContent/Audio/Starter_Music_Cue.Starter_Music_Cue:SoundCueGraph_6.SoundCueGraphNode_5' missing NodeGuid because of upgrade from old package version, this can cause deterministic cooking issues please resave package.
[2016.08.16-08.56.48:522][138]LogBlueprint:Warning: Node '/Game/StarterContent/Audio/Starter_Music_Cue.Starter_Music_Cue:SoundCueGraph_6.SoundCueGraphNode_Root_6' missing NodeGuid because of upgrade from old package version, this can cause deterministic cooking issues please resave package.
[2016.08.16-08.56.48:530][138]LogMaterial: Missing cached shader map for material Thumbnail_Superclub, compiling. 
[2016.08.16-08.56.48:542][138]LogAIModule: Creating AISystem for world Showroomv1
[2016.08.16-08.56.48:584][138]Cmd: MAP LOAD FILE="../../../../../../Users/SUPERCUBE/Desktop/Celia WORK/ShowroomV2/ShowroomV1/Content/Map/Showroomv1.umap" TEMPLATE=0 SHOWPROGRESS=1 FEATURELEVEL=3
[2016.08.16-08.56.48:584][138]LightingResults: New page: Lighting Build
[2016.08.16-08.56.48:584][138]LoadErrors: New page: Loading map: Showroomv1.umap
[2016.08.16-08.56.48:585][138]MapCheck: New page: Map Check
[2016.08.16-08.56.48:585][138]LightingResults: New page: Lighting Build
[2016.08.16-08.56.48:602][138]LogEditorServer: Finished looking for orphan Actors (0.000 secs)
[2016.08.16-08.56.48:612][138]Cmd: MAP CHECKDEP NOCLEARLOG
[2016.08.16-08.56.48:664][138]MapCheck: Info Map check complete: 0 Error(s), 0 Warning(s), took 51.643ms to complete.
[2016.08.16-08.56.48:664][138]LogFileHelpers: Loading map 'Showroomv1' took 0.081
[2016.08.16-08.56.48:667][138]LoadErrors:Error: Error /Game/Material/Text/New_Graph_INST_basecolor : Failed import for SubstanceGraphInstance /Game/Material/New_Graph_INST.New_Graph_INST
[2016.08.16-08.56.48:667][138]LoadErrors:Error: Error /Game/Material/Text/New_Graph_INST_metallic : Failed import for SubstanceGraphInstance /Game/Material/New_Graph_INST.New_Graph_INST
[2016.08.16-08.56.48:667][138]LoadErrors:Error: Error /Game/Material/Text/New_Graph_INST_normal : Failed import for SubstanceGraphInstance /Game/Material/New_Graph_INST.New_Graph_INST
[2016.08.16-08.56.48:667][138]LoadErrors:Error: Error /Game/Material/Text/New_Graph_INST_roughness : Failed import for SubstanceGraphInstance /Game/Material/New_Graph_INST.New_Graph_INST
[2016.08.16-08.57.05:123][ 77]LogEditorViewport: Clicking on Actor (LMB): StaticMeshActor (module_roof-fake_base)
[2016.08.16-08.57.17:172][394]LogEditorViewport: Clicking on Actor (LMB): StaticMeshActor (module_roof-fake_base5)
[2016.08.16-08.57.20:193][727]LogEditorViewport: Clicking on Actor (LMB): StaticMeshActor (module_panel_fakeMuseum5)
[2016.08.16-08.57.53:298][588]LogBlueprintUserMessages: Early PlayInEditor Detection: Level '/Game/Map/Showroomv1.Showroomv1:PersistentLevel' has LevelScriptBlueprint '/Game/Map/Showroomv1.Showroomv1:PersistentLevel.Showroomv1' with GeneratedClass '/Game/Map/Showroomv1.Showroomv1_C' with ClassGeneratedBy '/Game/Map/Showroomv1.Showroomv1:PersistentLevel.Showroomv1'
[2016.08.16-08.57.53:299][588]LogPlayLevel: PlayLevel: No blueprints needed recompiling
[2016.08.16-08.57.53:299][588]PIE: New page: PIE session: Showroomv1 (Aug 16, 2016, 11:57:53 AM)
[2016.08.16-08.57.53:299][588]LogPlayLevel: Creating play world package: /Game/Map/UEDPIE_0_Showroomv1
[2016.08.16-08.57.53:313][588]LogPlayLevel: PIE: StaticDuplicateObject took: (0.014194s)
[2016.08.16-08.57.53:314][588]LogAIModule: Creating AISystem for world Showroomv1
[2016.08.16-08.57.53:314][588]LogPlayLevel: PIE: World Init took: (0.001014s)
[2016.08.16-08.57.53:315][588]LogPlayLevel: PIE: Created PIE world by copying editor world from /Game/Map/Showroomv1.Showroomv1 to /Game/Map/UEDPIE_0_Showroomv1.Showroomv1 (0.015915s)
[2016.08.16-08.57.53:329][588]LogInit: XAudio2 using 'Speakers (2- USB Audio Device)' : 2 channels at 44.1 kHz using 16 bits per sample (channel mask 0x3)
[2016.08.16-08.57.53:336][588]LogInit: FAudioDevice initialized.
[2016.08.16-08.57.53:462][588]LogWorld: Game class is 'VR_GameMode_C'
[2016.08.16-08.57.53:475][588]LogWorld: Bringing World /Game/Map/UEDPIE_0_Showroomv1.Showroomv1 up for play (max tick rate 0) at 2016.08.16-10.57.53
[2016.08.16-08.57.53:476][588]LogWorld: Bringing up level for play took: 0.012531
[2016.08.16-08.57.53:480][588]LogContentBrowser: Native class hierarchy updated for 'MovieSceneCapture' in 0.0004 seconds. Added 11 classes and 0 folders.
[2016.08.16-08.57.53:512][588]PIE: Info Play in editor start time for /Game/Map/UEDPIE_0_Showroomv1 0.93
[2016.08.16-08.57.53:512][588]LogBlueprintUserMessages: Late PlayInEditor Detection: Level '/Game/Map/Showroomv1.Showroomv1:PersistentLevel' has LevelScriptBlueprint '/Game/Map/Showroomv1.Showroomv1:PersistentLevel.Showroomv1' with GeneratedClass '/Game/Map/Showroomv1.Showroomv1_C' with ClassGeneratedBy '/Game/Map/Showroomv1.Showroomv1:PersistentLevel.Showroomv1'
[2016.08.16-08.57.53:535][589]LogRenderer: Reallocating scene render targets to support 3024x1680 (Frame:9776).
[2016.08.16-08.58.29:313][219]LogBlueprintUserMessages: Early EndPlayMap Detection: Level '/Game/Map/Showroomv1.Showroomv1:PersistentLevel' has LevelScriptBlueprint '/Game/Map/Showroomv1.Showroomv1:PersistentLevel.Showroomv1' with GeneratedClass '/Game/Map/Showroomv1.Showroomv1_C' with ClassGeneratedBy '/Game/Map/Showroomv1.Showroomv1:PersistentLevel.Showroomv1'
[2016.08.16-08.58.29:458][219]LogBlueprintUserMessages: Late EndPlayMap Detection: Level '/Game/Map/Showroomv1.Showroomv1:PersistentLevel' has LevelScriptBlueprint '/Game/Map/Showroomv1.Showroomv1:PersistentLevel.Showroomv1' with GeneratedClass '/Game/Map/Showroomv1.Showroomv1_C' with ClassGeneratedBy '/Game/Map/Showroomv1.Showroomv1:PersistentLevel.Showroomv1'
[2016.08.16-08.58.36:911][426]LogWindows: FPlatformMisc::RequestExit(0)
[2016.08.16-08.58.37:028][427]LogWindowsTextInputMethodSystem:Display: IME system now deactivated.
[2016.08.16-08.58.37:188][427]LogExit: Preparing to exit.
[2016.08.16-08.58.38:021][427]LogExit: Editor shut down
[2016.08.16-08.58.38:022][427]LogExit: Transaction tracking system shut down
[2016.08.16-08.58.38:129][427]LogObj: Freed 0b from 0 cluster array pools.
[2016.08.16-08.58.38:129][427]LogExit: Object subsystem successfully closed.
[2016.08.16-08.58.38:146][427]LogD3D11RHI: Shutdown
[2016.08.16-08.58.38:146][427]LogD3D11RHI: CleanupD3DDevice
[2016.08.16-08.58.38:148][427]LogD3D11RHI: ~FD3D11DynamicRHI
[2016.08.16-08.58.38:164][427]LogModuleManager: Shutting down and abandoning module MovieSceneCapture (216)
[2016.08.16-08.58.38:164][427]LogModuleManager: Shutting down and abandoning module HierarchicalLODOutliner (215)
[2016.08.16-08.58.38:164][427]LogModuleManager: Shutting down and abandoning module CrashTracker (214)
[2016.08.16-08.58.38:164][427]LogModuleManager: Shutting down and abandoning module SceneOutliner (213)
[2016.08.16-08.58.38:164][427]LogModuleManager: Shutting down and abandoning module WidgetCarousel (212)
[2016.08.16-08.58.38:164][427]LogModuleManager: Shutting down and abandoning module AddContentDialog (211)
[2016.08.16-08.58.38:165][427]LogModuleManager: Shutting down and abandoning module GameplayTags (210)
[2016.08.16-08.58.38:165][427]LogModuleManager: Shutting down and abandoning module EditorWidgets (209)
[2016.08.16-08.58.38:165][427]LogModuleManager: Shutting down and abandoning module CollectionManager (208)
[2016.08.16-08.58.38:165][427]LogModuleManager: Shutting down and abandoning module StatsViewer (207)
[2016.08.16-08.58.38:165][427]LogModuleManager: Shutting down and abandoning module FoliageEdit (206)
[2016.08.16-08.58.38:165][427]LogModuleManager: Shutting down and abandoning module LandscapeEditor (205)
[2016.08.16-08.58.38:165][427]LogModuleManager: Shutting down and abandoning module SceneDepthPickerMode (204)
[2016.08.16-08.58.38:165][427]LogModuleManager: Shutting down and abandoning module ActorPickerMode (203)
[2016.08.16-08.58.38:165][427]LogModuleManager: Shutting down and abandoning module GeometryMode (202)
[2016.08.16-08.58.38:165][427]LogModuleManager: Shutting down and abandoning module TextureAlignMode (201)
[2016.08.16-08.58.38:165][427]LogModuleManager: Shutting down and abandoning module BspMode (200)
[2016.08.16-08.58.38:165][427]LogModuleManager: Shutting down and abandoning module HardwareSurvey (199)
[2016.08.16-08.58.38:165][427]LogModuleManager: Shutting down and abandoning module SequenceRecorderSections (198)
[2016.08.16-08.58.38:165][427]LogModuleManager: Shutting down and abandoning module SequenceRecorder (197)
[2016.08.16-08.58.38:165][427]LogModuleManager: Shutting down and abandoning module AutomationWorker (196)
[2016.08.16-08.58.38:165][427]LogModuleManager: Shutting down and abandoning module MatineeToLevelSequence (195)
[2016.08.16-08.58.38:165][427]LogModuleManager: Shutting down and abandoning module PlacementMode (194)
[2016.08.16-08.58.38:165][427]LogModuleManager: Shutting down and abandoning module LevelSequenceEditor (193)
[2016.08.16-08.58.38:165][427]LogModuleManager: Shutting down and abandoning module CharacterAI (192)
[2016.08.16-08.58.38:165][427]LogModuleManager: Shutting down and abandoning module SmartSnapping (191)
[2016.08.16-08.58.38:165][427]LogModuleManager: Shutting down and abandoning module SessionServices (190)
[2016.08.16-08.58.38:165][427]LogModuleManager: Shutting down and abandoning module ViewportSnapping (189)
[2016.08.16-08.58.38:165][427]LogModuleManager: Shutting down and abandoning module LogVisualizer (188)
[2016.08.16-08.58.38:166][427]LogModuleManager: Shutting down and abandoning module GameProjectGeneration (187)
[2016.08.16-08.58.38:166][427]LogModuleManager: Shutting down and abandoning module IntroTutorials (186)
[2016.08.16-08.58.38:166][427]LogModuleManager: Shutting down and abandoning module EditorLiveStreaming (185)
[2016.08.16-08.58.38:166][427]LogModuleManager: Shutting down and abandoning module IOSPlatformEditor (184)
[2016.08.16-08.58.38:166][427]LogModuleManager: Shutting down and abandoning module HTML5PlatformEditor (183)
[2016.08.16-08.58.38:166][427]LogModuleManager: Shutting down and abandoning module AndroidDeviceDetection (182)
[2016.08.16-08.58.38:653][427]LogModuleManager: Shutting down and abandoning module AndroidPlatformEditor (181)
[2016.08.16-08.58.38:653][427]LogModuleManager: Shutting down and abandoning module IOSRuntimeSettings (180)
[2016.08.16-08.58.38:653][427]LogModuleManager: Shutting down and abandoning module AndroidRuntimeSettings (179)
[2016.08.16-08.58.38:653][427]LogModuleManager: Shutting down and abandoning module MergeActors (178)
[2016.08.16-08.58.38:653][427]LogModuleManager: Shutting down and abandoning module SizeMap (177)
[2016.08.16-08.58.38:653][427]LogModuleManager: Shutting down and abandoning module TreeMap (176)
[2016.08.16-08.58.38:653][427]LogModuleManager: Shutting down and abandoning module ReferenceViewer (175)
[2016.08.16-08.58.38:653][427]LogModuleManager: Shutting down and abandoning module LocalizationService (174)
[2016.08.16-08.58.38:653][427]LogModuleManager: Shutting down and abandoning module LocalizationDashboard (173)
[2016.08.16-08.58.38:653][427]LogModuleManager: Shutting down and abandoning module HardwareTargeting (172)
[2016.08.16-08.58.38:653][427]LogModuleManager: Shutting down and abandoning module DeviceProfileEditor (171)
[2016.08.16-08.58.38:653][427]LogModuleManager: Shutting down and abandoning module UndoHistory (170)
[2016.08.16-08.58.38:653][427]LogModuleManager: Shutting down and abandoning module UserFeedback (169)
[2016.08.16-08.58.38:653][427]LogModuleManager: Shutting down and abandoning module XmlParser (168)
[2016.08.16-08.58.38:653][427]LogModuleManager: Shutting down and abandoning module Blutility (167)
[2016.08.16-08.58.38:653][427]LogModuleManager: Shutting down and abandoning module ProjectTargetPlatformEditor (166)
[2016.08.16-08.58.38:653][427]LogModuleManager: Shutting down and abandoning module ProjectSettingsViewer (165)
[2016.08.16-08.58.38:653][427]LogModuleManager: Shutting down and abandoning module InputBindingEditor (164)
[2016.08.16-08.58.38:654][427]LogModuleManager: Shutting down and abandoning module EditorSettingsViewer (163)
[2016.08.16-08.58.38:654][427]LogModuleManager: Shutting down and abandoning module SettingsEditor (162)
[2016.08.16-08.58.38:654][427]LogModuleManager: Shutting down and abandoning module ProjectLauncher (161)
[2016.08.16-08.58.38:654][427]LogModuleManager: Shutting down and abandoning module SessionFrontend (160)
[2016.08.16-08.58.38:654][427]LogModuleManager: Shutting down and abandoning module ProfilerClient (159)
[2016.08.16-08.58.38:654][427]LogModuleManager: Shutting down and abandoning module TargetDeviceServices (158)
[2016.08.16-08.58.38:654][427]LogModuleManager: Shutting down and abandoning module DeviceManager (157)
[2016.08.16-08.58.38:709][427]LogModuleManager: Shutting down and abandoning module AutomationController (156)
[2016.08.16-08.58.38:709][427]LogModuleManager: Shutting down and abandoning module AutomationWindow (155)
[2016.08.16-08.58.38:709][427]LogModuleManager: Shutting down and abandoning module Layers (154)
[2016.08.16-08.58.38:709][427]LogModuleManager: Shutting down and abandoning module ComponentVisualizers (153)
[2016.08.16-08.58.38:709][427]LogModuleManager: Shutting down and abandoning module DetailCustomizations (152)
[2016.08.16-08.58.38:709][427]LogModuleManager: Shutting down and abandoning module PackagesDialog (151)
[2016.08.16-08.58.38:709][427]LogModuleManager: Shutting down and abandoning module Persona (150)
[2016.08.16-08.58.38:709][427]LogModuleManager: Shutting down and abandoning module Kismet (149)
[2016.08.16-08.58.38:709][427]LogModuleManager: Shutting down and abandoning module GraphEditor (148)
[2016.08.16-08.58.38:709][427]LogModuleManager: Shutting down and abandoning module ClassViewer (147)
[2016.08.16-08.58.38:709][427]LogModuleManager: Shutting down and abandoning module Toolbox (146)
[2016.08.16-08.58.38:709][427]LogModuleManager: Shutting down and abandoning module ModuleUI (145)
[2016.08.16-08.58.38:709][427]LogModuleManager: Shutting down and abandoning module MovieSceneTools (144)
[2016.08.16-08.58.38:709][427]LogModuleManager: Shutting down and abandoning module OutputLog (143)
[2016.08.16-08.58.38:709][427]LogModuleManager: Shutting down and abandoning module GammaUI (142)
[2016.08.16-08.58.38:709][427]LogModuleManager: Shutting down and abandoning module Documentation (141)
[2016.08.16-08.58.38:709][427]LogModuleManager: Shutting down and abandoning module StreamingPauseRendering (140)
[2016.08.16-08.58.38:709][427]LogModuleManager: Shutting down and abandoning module AnalyticsET (139)
[2016.08.16-08.58.38:709][427]LogModuleManager: Shutting down and abandoning module Analytics (138)
[2016.08.16-08.58.38:709][427]LogModuleManager: Shutting down and abandoning module PortalServices (137)
[2016.08.16-08.58.38:709][427]LogModuleManager: Shutting down and abandoning module PortalRpc (136)
[2016.08.16-08.58.38:709][427]LogModuleManager: Shutting down and abandoning module MessagingRpc (135)
[2016.08.16-08.58.38:709][427]LogModuleManager: Shutting down and abandoning module GameplayDebugger (134)
[2016.08.16-08.58.38:709][427]LogModuleManager: Shutting down and abandoning module AITestSuite (133)
[2016.08.16-08.58.38:709][427]LogModuleManager: Shutting down and abandoning module AIModule (132)
[2016.08.16-08.58.38:709][427]LogModuleManager: Shutting down and abandoning module ProfilerService (131)
[2016.08.16-08.58.38:744][427]LogModuleManager: Shutting down and abandoning module TaskGraph (130)
[2016.08.16-08.58.38:744][427]LogModuleManager: Shutting down and abandoning module SubstanceEditor (129)
[2016.08.16-08.58.38:744][427]LogModuleManager: Shutting down and abandoning module SlateRemote (128)
[2016.08.16-08.58.38:744][427]LogModuleManager: Shutting down and abandoning module SteamVRController (127)
[2016.08.16-08.58.38:744][427]LogModuleManager: Shutting down and abandoning module SteamVR (126)
[2016.08.16-08.58.38:744][427]LogModuleManager: Shutting down and abandoning module ProceduralMeshComponent (125)
[2016.08.16-08.58.38:744][427]LogModuleManager: Shutting down and abandoning module OculusLibrary (124)
[2016.08.16-08.58.38:744][427]LogModuleManager: Shutting down and abandoning module OculusInput (123)
[2016.08.16-08.58.38:744][427]LogModuleManager: Shutting down and abandoning module CustomMeshComponent (122)
[2016.08.16-08.58.38:744][427]LogModuleManager: Shutting down and abandoning module CableComponent (121)
[2016.08.16-08.58.38:744][427]LogModuleManager: Shutting down and abandoning module ArchVisCharacter (120)
[2016.08.16-08.58.38:744][427]LogModuleManager: Shutting down and abandoning module MediaPlayerEditor (119)
[2016.08.16-08.58.38:744][427]LogModuleManager: Shutting down and abandoning module HTML5Networking (118)
[2016.08.16-08.58.38:744][427]LogModuleManager: Shutting down and abandoning module SuperSearch (117)
[2016.08.16-08.58.38:744][427]LogModuleManager: Shutting down and abandoning module SuperSearchEditor (116)
[2016.08.16-08.58.38:744][427]LogModuleManager: Shutting down and abandoning module SpeedTreeImporter (115)
[2016.08.16-08.58.38:744][427]LogModuleManager: Shutting down and abandoning module PluginBrowser (114)
[2016.08.16-08.58.38:745][427]LogModuleManager: Shutting down and abandoning module EpicSurvey (113)
[2016.08.16-08.58.38:745][427]LogModuleManager: Shutting down and abandoning module DesktopPlatform (112)
[2016.08.16-08.58.38:745][427]LogModuleManager: Shutting down and abandoning module VisualStudioSourceCodeAccess (111)
[2016.08.16-08.58.38:745][427]LogModuleManager: Shutting down and abandoning module UObjectPlugin (110)
[2016.08.16-08.58.38:745][427]LogModuleManager: Shutting down and abandoning module SubversionSourceControl (109)
[2016.08.16-08.58.38:745][427]LogModuleManager: Shutting down and abandoning module PerforceSourceControl (108)
[2016.08.16-08.58.38:745][427]LogModuleManager: Shutting down and abandoning module SourceControl (107)
[2016.08.16-08.58.38:745][427]LogModuleManager: Shutting down and abandoning module GitSourceControl (106)
[2016.08.16-08.58.38:745][427]LogModuleManager: Shutting down and abandoning module LightPropagationVolumeEditor (105)
[2016.08.16-08.58.38:745][427]LogModuleManager: Shutting down and abandoning module PaperTiledImporter (104)
[2016.08.16-08.58.38:745][427]LogModuleManager: Shutting down and abandoning module PaperSpriteSheetImporter (103)
[2016.08.16-08.58.38:745][427]LogModuleManager: Shutting down and abandoning module MeshPaint (102)
[2016.08.16-08.58.38:745][427]LogModuleManager: Shutting down and abandoning module PixelInspectorModule (101)
[2016.08.16-08.58.38:745][427]LogModuleManager: Shutting down and abandoning module HotReload (100)
[2016.08.16-08.58.38:748][427]LogModuleManager: Shutting down and abandoning module MainFrame (99)
[2016.08.16-08.58.38:748][427]LogModuleManager: Shutting down and abandoning module LevelEditor (98)
[2016.08.16-08.58.38:749][427]LogModuleManager: Shutting down and abandoning module ContentBrowser (97)
[2016.08.16-08.58.38:749][427]LogModuleManager: Shutting down and abandoning module Paper2DEditor (96)
[2016.08.16-08.58.38:749][427]LogModuleManager: Shutting down and abandoning module UdpMessaging (95)
[2016.08.16-08.58.38:850][427]LogModuleManager: Shutting down and abandoning module SubstanceCore (94)
[2016.08.16-08.58.38:850][427]LogModuleManager: Shutting down and abandoning module LightPropagationVolumeRuntime (93)
[2016.08.16-08.58.38:850][427]LogModuleManager: Shutting down and abandoning module Paper2D (92)
[2016.08.16-08.58.38:850][427]LogModuleManager: Shutting down and abandoning module WindowsMoviePlayer (91)
[2016.08.16-08.58.38:850][427]LogModuleManager: Shutting down and abandoning module Media (90)
[2016.08.16-08.58.38:850][427]LogModuleManager: Shutting down and abandoning module WmfMedia (89)
[2016.08.16-08.58.38:850][427]LogModuleManager: Shutting down and abandoning module MediaAssets (88)
[2016.08.16-08.58.38:850][427]LogModuleManager: Shutting down and abandoning module GameLiveStreaming (87)
[2016.08.16-08.58.38:850][427]LogModuleManager: Shutting down and abandoning module GameplayTagsEditor (86)
[2016.08.16-08.58.38:850][427]LogModuleManager: Shutting down and abandoning module OnlineBlueprintSupport (85)
[2016.08.16-08.58.38:850][427]LogModuleManager: Shutting down and abandoning module VREditor (84)
[2016.08.16-08.58.38:850][427]LogModuleManager: Shutting down and abandoning module GameplayTasksEditor (83)
[2016.08.16-08.58.38:850][427]LogModuleManager: Shutting down and abandoning module PropertyEditor (82)
[2016.08.16-08.58.38:850][427]LogModuleManager: Shutting down and abandoning module BehaviorTreeEditor (81)
[2016.08.16-08.58.38:850][427]LogModuleManager: Shutting down and abandoning module FunctionalTesting (80)
[2016.08.16-08.58.38:850][427]LogModuleManager: Shutting down and abandoning module CollisionAnalyzer (79)
[2016.08.16-08.58.38:850][427]LogModuleManager: Shutting down and abandoning module Sequencer (78)
[2016.08.16-08.58.38:850][427]LogModuleManager: Shutting down and abandoning module WorkspaceMenuStructure (77)
[2016.08.16-08.58.38:850][427]LogModuleManager: Shutting down and abandoning module MessageLog (76)
[2016.08.16-08.58.38:850][427]LogModuleManager: Shutting down and abandoning module AssetTools (75)
[2016.08.16-08.58.38:850][427]LogModuleManager: Shutting down and abandoning module UMGEditor (74)
[2016.08.16-08.58.38:850][427]LogModuleManager: Shutting down and abandoning module UMG (73)
[2016.08.16-08.58.38:850][427]LogModuleManager: Shutting down and abandoning module SlateReflector (72)
[2016.08.16-08.58.38:850][427]LogModuleManager: Shutting down and abandoning module Slate (71)
[2016.08.16-08.58.38:850][427]LogModuleManager: Shutting down and abandoning module EditorStyle (70)
[2016.08.16-08.58.38:852][427]LogModuleManager: Shutting down and abandoning module SourceCodeAccess (69)
[2016.08.16-08.58.38:853][427]LogModuleManager: Shutting down and abandoning module HeadMountedDisplay (68)
[2016.08.16-08.58.38:853][427]LogModuleManager: Shutting down and abandoning module XAudio2 (67)
[2016.08.16-08.58.38:853][427]LogModuleManager: Shutting down and abandoning module Networking (65)
[2016.08.16-08.58.38:853][427]LogModuleManager: Shutting down and abandoning module Core (64)
[2016.08.16-08.58.38:853][427]LogModuleManager: Shutting down and abandoning module DirectoryWatcher (63)
[2016.08.16-08.58.38:853][427]LogModuleManager: Shutting down and abandoning module AssetRegistry (62)
[2016.08.16-08.58.39:013][427]LogModuleManager: Shutting down and abandoning module KismetCompiler (61)
[2016.08.16-08.58.39:013][427]LogModuleManager: Shutting down and abandoning module PhysXFormats (60)
[2016.08.16-08.58.39:013][427]LogModuleManager: Shutting down and abandoning module MeshUtilities (59)
[2016.08.16-08.58.39:013][427]LogModuleManager: Shutting down and abandoning module DerivedDataCache (58)
[2016.08.16-08.58.39:035][427]LogDerivedDataCache: Shutdown
[2016.08.16-08.58.39:035][427]LogModuleManager: Shutting down and abandoning module VulkanShaderFormat (57)
[2016.08.16-08.58.39:035][427]LogModuleManager: Shutting down and abandoning module ShaderFormatOpenGL (56)
[2016.08.16-08.58.39:035][427]LogModuleManager: Shutting down and abandoning module ShaderFormatD3D (55)
[2016.08.16-08.58.39:035][427]LogModuleManager: Shutting down and abandoning module MetalShaderFormat (54)
[2016.08.16-08.58.39:035][427]LogModuleManager: Shutting down and abandoning module TextureFormatUncompressed (53)
[2016.08.16-08.58.39:035][427]LogModuleManager: Shutting down and abandoning module TextureFormatPVR (52)
[2016.08.16-08.58.39:035][427]LogModuleManager: Shutting down and abandoning module TextureFormatIntelISPCTexComp (51)
[2016.08.16-08.58.39:035][427]LogModuleManager: Shutting down and abandoning module TextureFormatDXT (50)
[2016.08.16-08.58.39:035][427]LogModuleManager: Shutting down and abandoning module ImageWrapper (49)
[2016.08.16-08.58.39:035][427]LogModuleManager: Shutting down and abandoning module TextureFormatASTC (48)
[2016.08.16-08.58.39:035][427]LogModuleManager: Shutting down and abandoning module TextureFormatAndroid (47)
[2016.08.16-08.58.39:035][427]LogModuleManager: Shutting down and abandoning module AudioFormatOpus (46)
[2016.08.16-08.58.39:035][427]LogModuleManager: Shutting down and abandoning module AudioFormatOgg (45)
[2016.08.16-08.58.39:035][427]LogModuleManager: Shutting down and abandoning module AudioFormatADPCM (44)
[2016.08.16-08.58.39:035][427]LogModuleManager: Shutting down and abandoning module LinuxTargetPlatform (43)
[2016.08.16-08.58.39:035][427]LogModuleManager: Shutting down and abandoning module LinuxServerTargetPlatform (42)
[2016.08.16-08.58.39:035][427]LogModuleManager: Shutting down and abandoning module LinuxNoEditorTargetPlatform (41)
[2016.08.16-08.58.39:035][427]LogModuleManager: Shutting down and abandoning module TVOSTargetPlatform (40)
[2016.08.16-08.58.39:035][427]LogModuleManager: Shutting down and abandoning module Messaging (39)
[2016.08.16-08.58.39:035][427]LogModuleManager: Shutting down and abandoning module IOSTargetPlatform (38)
[2016.08.16-08.58.39:035][427]LogModuleManager: Shutting down and abandoning module HTML5TargetPlatform (37)
[2016.08.16-08.58.39:035][427]LogModuleManager: Shutting down and abandoning module Android_PVRTCTargetPlatform (36)
[2016.08.16-08.58.39:035][427]LogModuleManager: Shutting down and abandoning module Android_MultiTargetPlatform (35)
[2016.08.16-08.58.39:035][427]LogModuleManager: Shutting down and abandoning module Android_ETC2TargetPlatform (34)
[2016.08.16-08.58.39:035][427]LogModuleManager: Shutting down and abandoning module Android_ETC1TargetPlatform (33)
[2016.08.16-08.58.39:035][427]LogModuleManager: Shutting down and abandoning module Android_DXTTargetPlatform (32)
[2016.08.16-08.58.39:035][427]LogModuleManager: Shutting down and abandoning module Android_ATCTargetPlatform (31)
[2016.08.16-08.58.39:035][427]LogModuleManager: Shutting down and abandoning module Android_ASTCTargetPlatform (30)
[2016.08.16-08.58.39:035][427]LogModuleManager: Shutting down and abandoning module AndroidTargetPlatform (29)
[2016.08.16-08.58.39:035][427]LogModuleManager: Shutting down and abandoning module WindowsTargetPlatform (28)
[2016.08.16-08.58.39:035][427]LogModuleManager: Shutting down and abandoning module WindowsServerTargetPlatform (27)
[2016.08.16-08.58.39:035][427]LogModuleManager: Shutting down and abandoning module WindowsNoEditorTargetPlatform (26)
[2016.08.16-08.58.39:036][427]LogModuleManager: Shutting down and abandoning module WindowsClientTargetPlatform (25)
[2016.08.16-08.58.39:036][427]LogModuleManager: Shutting down and abandoning module AllDesktopTargetPlatform (24)
[2016.08.16-08.58.39:036][427]LogModuleManager: Shutting down and abandoning module TargetPlatform (23)
[2016.08.16-08.58.39:036][427]LogModuleManager: Shutting down and abandoning module InputCore (22)
[2016.08.16-08.58.39:036][427]LogModuleManager: Shutting down and abandoning module Settings (21)
[2016.08.16-08.58.39:036][427]LogModuleManager: Shutting down and abandoning module OnlineSubsystem (19)
[2016.08.16-08.58.39:036][427]LogModuleManager: Shutting down and abandoning module HTTP (18)
[2016.08.16-08.58.43:549][427]LogModuleManager: Shutting down and abandoning module XMPP (17)
[2016.08.16-08.58.43:549][427]LogModuleManager: Shutting down and abandoning module OculusRift (16)
[2016.08.16-08.58.43:549][427]LogModuleManager: Shutting down and abandoning module ExampleDeviceProfileSelector (15)
[2016.08.16-08.58.43:549][427]LogModuleManager: Shutting down and abandoning module TextureCompressor (14)
[2016.08.16-08.58.43:549][427]LogModuleManager: Shutting down and abandoning module ShaderCore (13)
[2016.08.16-08.58.43:549][427]LogModuleManager: Shutting down and abandoning module Landscape (12)
[2016.08.16-08.58.43:549][427]LogModuleManager: Shutting down and abandoning module SlateRHIRenderer (11)
[2016.08.16-08.58.43:550][427]LogModuleManager: Shutting down and abandoning module OpenGLDrv (10)
[2016.08.16-08.58.43:550][427]LogModuleManager: Shutting down and abandoning module D3D11RHI (9)
[2016.08.16-08.58.43:550][427]LogModuleManager: Shutting down and abandoning module AnimGraphRuntime (8)
[2016.08.16-08.58.43:550][427]LogModuleManager: Shutting down and abandoning module Renderer (7)
[2016.08.16-08.58.43:550][427]LogModuleManager: Shutting down and abandoning module Engine (6)
[2016.08.16-08.58.43:550][427]LogModuleManager: Shutting down and abandoning module CoreUObject (5)
[2016.08.16-08.58.43:550][427]LogModuleManager: Shutting down and abandoning module NetworkFile (4)
[2016.08.16-08.58.43:550][427]LogModuleManager: Shutting down and abandoning module StreamingFile (3)
[2016.08.16-08.58.43:550][427]LogModuleManager: Shutting down and abandoning module SandboxFile (2)
[2016.08.16-08.58.43:550][427]LogModuleManager: Shutting down and abandoning module PakFile (1)
[2016.08.16-08.58.43:552][427]LogExit: Exiting.
[2016.08.16-08.58.43:563][427]Log file closed, 08/16/16 10:58:43
